#
# A fatal error has been detected by the Java Runtime Environment:
#
#  SIGBUS (0xa) at pc=0x00007fff70d7f929, pid=35070, tid=0x000000000000c553
#
# JRE version: OpenJDK Runtime Environment (8.0_312-b07) (build 1.8.0_312-b07)
# Java VM: OpenJDK 64-Bit Server VM (25.312-b07 mixed mode bsd-amd64 compressed oops)
# Problematic frame:
# C  [libsystem_platform.dylib+0x929]  _platform_memmove$VARIANT$Haswell+0x29
#
# Failed to write core dump. Core dumps have been disabled. To enable core dumping, try "ulimit -c unlimited" before starting Java again
#
# If you would like to submit a bug report, please visit:
#   https://github.com/corretto/corretto-8/issues/
# The crash happened outside the Java Virtual Machine in native code.
# See problematic frame for where to report the bug.
#

---------------  T H R E A D  ---------------

Current thread (0x00007fce42531000):  JavaThread "Time-limited test" daemon [_thread_in_native, id=50515, stack(0x000070000f5a7000,0x000070000f6a7000)]

siginfo: si_signo: 10 (SIGBUS), si_code: 2 (BUS_ADRERR), si_addr: 0x000000010e6f2000

Registers:
RAX=0x00007fce023d1a02, RBX=0x0000000000006170, RCX=0x000000000000224f, RDX=0x0000000000006170
RSP=0x000070000f6a3ed0, RBP=0x000070000f6a3ed0, RSI=0x000000010e6f2000, RDI=0x00007fce023d5923
R8 =0x0000000000008be0, R9 =0x00007fce0269e600, R10=0x00007fce0269e600, R11=0x00007fccf3ce3923
R12=0x00007fcd9725c410, R13=0x00007fce023d1a00, R14=0x0000000000006170, R15=0x000000010e6e7f82
RIP=0x00007fff70d7f929, EFLAGS=0x0000000000010202, ERR=0x0000000000000004
  TRAPNO=0x000000000000000e

Top of Stack: (sp=0x000070000f6a3ed0)
0x000070000f6a3ed0:   000070000f6a3f60 00000001036ffc53
0x000070000f6a3ee0:   0000000000000000 0000000067726f00
0x000070000f6a3ef0:   000000010e6e7fb0 00007fce023cb800
0x000070000f6a3f00:   0000000000000061 0000000063612f67
0x000070000f6a3f10:   00007fce41423bc0 0000000000006863
0x000070000f6a3f20:   0000000005f0d858 000000000000612f
0x000070000f6a3f30:   000000010e6ee0df 00000000342235d5
0x000070000f6a3f40:   000070000f6a3fd0 00007fcd960f6dc0
0x000070000f6a3f50:   0000000000000e90 00007fce418c6e00
0x000070000f6a3f60:   000070000f6a3fb0 00000001036ff90f
0x000070000f6a3f70:   0000000142531000 00007fce41423bc0
0x000070000f6a3f80:   0000000000000028 000070000f6a3fd0
0x000070000f6a3f90:   00007fce42531250 0000000000000028
0x000070000f6a3fa0:   000070000f6a4428 00007fce41423bc0
0x000070000f6a3fb0:   000070000f6a4410 00000001036fe3b7
0x000070000f6a3fc0:   00007fcd97162530 0000000100000000
0x000070000f6a3fd0:   636170612f67726f 65626563692f6568
0x000070000f6a3fe0:   61657274532f6772 656c6544676e696d
0x000070000f6a3ff0:   7373616c632e6574 0000000105ac0000
0x000070000f6a4000:   00007fcd916cf3d0 00007fce42531000
0x000070000f6a4010:   00007fcd9706fef0 00007fcda010f810
0x000070000f6a4020:   00007fcda010f890 00007fcda010f8f8
0x000070000f6a4030:   00000000000000d8 000070000f6a47e8
0x000070000f6a4040:   0000000000000000 0000000100000009
0x000070000f6a4050:   00007fce42531000 00007fcd960d7590
0x000070000f6a4060:   000000010c0a33d8 000000079a55a6e0
0x000070000f6a4070:   000070000f6a4550 000000010fd48fcc
0x000070000f6a4080:   0000000000000000 000070000f6a43d0
0x000070000f6a4090:   000000010f9438e0 000000010f8fd45f
0x000070000f6a40a0:   000000010c0a33d8 00007fce42531000
0x000070000f6a40b0:   000070000f6a4120 00007fff70d44d8b
0x000070000f6a40c0:   000000010c0a33d8 00007fce42531000 

Instructions: (pc=0x00007fff70d7f929)
0x00007fff70d7f909:   f3 48 89 f8 49 39 d3 72 1b 48 83 fa 60 76 2f 48
0x00007fff70d7f919:   81 fa 00 40 00 00 0f 82 cb 00 00 00 48 89 d1 fc
0x00007fff70d7f929:   f3 a4 5d c3 48 39 fe 74 f9 48 01 d6 48 01 d7 48
0x00007fff70d7f939:   83 fa 60 0f 82 8c 01 00 00 e9 a9 01 00 00 48 83 

Register to memory mapping:

RAX=0x00007fce023d1a02 is an unknown value
RBX=0x0000000000006170 is an unknown value
RCX=0x000000000000224f is an unknown value
RDX=0x0000000000006170 is an unknown value
RSP=0x000070000f6a3ed0 is pointing into the stack for thread: 0x00007fce42531000
RBP=0x000070000f6a3ed0 is pointing into the stack for thread: 0x00007fce42531000
RSI=0x000000010e6f2000 is an unknown value
RDI=0x00007fce023d5923 is an unknown value
R8 =0x0000000000008be0 is an unknown value
R9 =0x00007fce0269e600 is an unknown value
R10=0x00007fce0269e600 is an unknown value
R11=0x00007fccf3ce3923 is an unknown value
R12=0x00007fcd9725c410 is an unknown value
R13=0x00007fce023d1a00 is an unknown value
R14=0x0000000000006170 is an unknown value
R15=0x000000010e6e7f82 is an unknown value


Stack: [0x000070000f5a7000,0x000070000f6a7000],  sp=0x000070000f6a3ed0,  free space=1011k
Native frames: (J=compiled Java code, j=interpreted, Vv=VM code, C=native code)
C  [libsystem_platform.dylib+0x929]  _platform_memmove$VARIANT$Haswell+0x29
C  [libzip.dylib+0x6c53]  newEntry+0x223
C  [libzip.dylib+0x690f]  ZIP_GetEntry2+0xde
C  [libzip.dylib+0x53b7]  Java_java_util_zip_ZipFile_getEntry+0x97
J 135  java.util.zip.ZipFile.getEntry(J[BZ)J (0 bytes) @ 0x000000010fbfb78e [0x000000010fbfb6c0+0xce]
J 6586 C2 java.util.jar.JarFile.getEntry(Ljava/lang/String;)Ljava/util/zip/ZipEntry; (22 bytes) @ 0x0000000110e9001c [0x0000000110e8fca0+0x37c]
J 28186 C2 java.util.jar.JarFile.getJarEntry(Ljava/lang/String;)Ljava/util/jar/JarEntry; (9 bytes) @ 0x0000000114bb2ca0 [0x0000000114bb2c60+0x40]
J 14255 C2 sun.misc.URLClassPath$JarLoader.getResource(Ljava/lang/String;Z)Lsun/misc/Resource; (85 bytes) @ 0x0000000111ed416c [0x0000000111ed4100+0x6c]
J 959 C2 sun.misc.URLClassPath.getResource(Ljava/lang/String;Z)Lsun/misc/Resource; (83 bytes) @ 0x000000010fe527c0 [0x000000010fe526e0+0xe0]
J 29141 C2 java.net.URLClassLoader$1.run()Ljava/lang/Object; (5 bytes) @ 0x0000000114d8f9d8 [0x0000000114d8f4e0+0x4f8]
v  ~StubRoutines::call_stub
V  [libjvm.dylib+0x2c40cc]  JavaCalls::call_helper(JavaValue*, methodHandle*, JavaCallArguments*, Thread*)+0x688
V  [libjvm.dylib+0x32abe0]  JVM_DoPrivileged+0x60a
J 219  java.security.AccessController.doPrivileged(Ljava/security/PrivilegedExceptionAction;Ljava/security/AccessControlContext;)Ljava/lang/Object; (0 bytes) @ 0x000000010fc295d5 [0x000000010fc29500+0xd5]
J 2245 C2 java.net.URLClassLoader.findClass(Ljava/lang/String;)Ljava/lang/Class; (47 bytes) @ 0x000000010fc08d7c [0x000000010fc08ce0+0x9c]
J 29076 C2 java.lang.ClassLoader.loadClass(Ljava/lang/String;Z)Ljava/lang/Class; (122 bytes) @ 0x0000000110e92684 [0x0000000110e92300+0x384]
J 6591 C2 sun.misc.Launcher$AppClassLoader.loadClass(Ljava/lang/String;Z)Ljava/lang/Class; (85 bytes) @ 0x0000000110e89390 [0x0000000110e89200+0x190]
J 4801 C2 java.lang.ClassLoader.loadClass(Ljava/lang/String;)Ljava/lang/Class; (7 bytes) @ 0x0000000110767c20 [0x0000000110767be0+0x40]
v  ~StubRoutines::call_stub
V  [libjvm.dylib+0x2c40cc]  JavaCalls::call_helper(JavaValue*, methodHandle*, JavaCallArguments*, Thread*)+0x688
V  [libjvm.dylib+0x2c2f19]  JavaCalls::call_virtual(JavaValue*, KlassHandle, Symbol*, Symbol*, JavaCallArguments*, Thread*)+0x119
V  [libjvm.dylib+0x2c31e8]  JavaCalls::call_virtual(JavaValue*, Handle, KlassHandle, Symbol*, Symbol*, Handle, Thread*)+0x64
V  [libjvm.dylib+0x514942]  SystemDictionary::load_instance_class(Symbol*, Handle, Thread*)+0x2f8
V  [libjvm.dylib+0x513b8c]  SystemDictionary::resolve_instance_class_or_null(Symbol*, Handle, Handle, Thread*)+0x5ee
V  [libjvm.dylib+0x5131df]  SystemDictionary::resolve_or_fail(Symbol*, Handle, Handle, bool, Thread*)+0x1b
V  [libjvm.dylib+0x1be1f6]  ConstantPool::klass_at_impl(constantPoolHandle, int, Thread*)+0x244
V  [libjvm.dylib+0x4b3f81]  ConstantPool::klass_at(int, Thread*)+0x71
V  [libjvm.dylib+0x2bb379]  InterpreterRuntime::_new(JavaThread*, ConstantPool*, int)+0x2d
j  org.apache.iceberg.BaseTable.newDelete()Lorg/apache/iceberg/DeleteFiles;+0
j  org.apache.iceberg.mr.hive.TestTables.truncateIcebergTable(Lorg/apache/iceberg/Table;)V+1
j  org.apache.iceberg.mr.hive.TestHiveIcebergStorageHandlerWithEngine.testMultiTableInsert()V+318
v  ~StubRoutines::call_stub
V  [libjvm.dylib+0x2c40cc]  JavaCalls::call_helper(JavaValue*, methodHandle*, JavaCallArguments*, Thread*)+0x688
V  [libjvm.dylib+0x4b5bf6]  Reflection::invoke(instanceKlassHandle, methodHandle, Handle, bool, objArrayHandle, BasicType, objArrayHandle, bool, Thread*)+0x72a
V  [libjvm.dylib+0x4b6786]  Reflection::invoke_method(oopDesc*, Handle, objArrayHandle, Thread*)+0x13a
V  [libjvm.dylib+0x335e48]  JVM_InvokeMethod+0x19b
J 6516  sun.reflect.NativeMethodAccessorImpl.invoke0(Ljava/lang/reflect/Method;Ljava/lang/Object;[Ljava/lang/Object;)Ljava/lang/Object; (0 bytes) @ 0x0000000110e5152d [0x0000000110e51440+0xed]
J 6515 C1 sun.reflect.NativeMethodAccessorImpl.invoke(Ljava/lang/Object;[Ljava/lang/Object;)Ljava/lang/Object; (104 bytes) @ 0x0000000110e5075c [0x0000000110e4f580+0x11dc]
J 17815 C2 java.lang.reflect.Method.invoke(Ljava/lang/Object;[Ljava/lang/Object;)Ljava/lang/Object; (62 bytes) @ 0x00000001120d1794 [0x00000001120d16e0+0xb4]
J 25247 C1 org.junit.internal.runners.statements.InvokeMethod.evaluate()V (17 bytes) @ 0x00000001142babf4 [0x00000001142ba780+0x474]
J 26281 C1 org.junit.internal.runners.statements.RunBefores.evaluate()V (45 bytes) @ 0x0000000114715914 [0x00000001147153e0+0x534]
J 27537 C1 org.junit.internal.runners.statements.RunAfters.evaluate()V (198 bytes) @ 0x0000000114a04a8c [0x0000000114a047e0+0x2ac]
J 25949 C1 org.junit.rules.ExternalResource$1.evaluate()V (104 bytes) @ 0x000000011457c0cc [0x000000011457bd60+0x36c]
j  org.junit.internal.runners.statements.FailOnTimeout$CallableStatement.call()Ljava/lang/Throwable;+14
j  org.junit.internal.runners.statements.FailOnTimeout$CallableStatement.call()Ljava/lang/Object;+1
J 10167 C1 java.util.concurrent.FutureTask.run()V (126 bytes) @ 0x00000001117605d4 [0x0000000111760380+0x254]
J 30039 C1 java.lang.Thread.run()V (17 bytes) @ 0x0000000112516dc4 [0x0000000112516c80+0x144]
v  ~StubRoutines::call_stub
V  [libjvm.dylib+0x2c40cc]  JavaCalls::call_helper(JavaValue*, methodHandle*, JavaCallArguments*, Thread*)+0x688
V  [libjvm.dylib+0x2c2f19]  JavaCalls::call_virtual(JavaValue*, KlassHandle, Symbol*, Symbol*, JavaCallArguments*, Thread*)+0x119
V  [libjvm.dylib+0x2c3165]  JavaCalls::call_virtual(JavaValue*, Handle, KlassHandle, Symbol*, Symbol*, Thread*)+0x57
V  [libjvm.dylib+0x332690]  thread_entry(JavaThread*, Thread*)+0x78
V  [libjvm.dylib+0x536fb3]  JavaThread::thread_main_inner()+0x89
V  [libjvm.dylib+0x536e71]  JavaThread::run()+0x171
V  [libjvm.dylib+0x46c41e]  java_start(Thread*)+0xf1
C  [libsystem_pthread.dylib+0x6109]  _pthread_start+0x94
C  [libsystem_pthread.dylib+0x1b8b]  thread_start+0xf
C  0x0000000000000000

Java frames: (J=compiled Java code, j=interpreted, Vv=VM code)
J 135  java.util.zip.ZipFile.getEntry(J[BZ)J (0 bytes) @ 0x000000010fbfb718 [0x000000010fbfb6c0+0x58]
J 6586 C2 java.util.jar.JarFile.getEntry(Ljava/lang/String;)Ljava/util/zip/ZipEntry; (22 bytes) @ 0x0000000110e9001c [0x0000000110e8fca0+0x37c]
J 28186 C2 java.util.jar.JarFile.getJarEntry(Ljava/lang/String;)Ljava/util/jar/JarEntry; (9 bytes) @ 0x0000000114bb2ca0 [0x0000000114bb2c60+0x40]
J 14255 C2 sun.misc.URLClassPath$JarLoader.getResource(Ljava/lang/String;Z)Lsun/misc/Resource; (85 bytes) @ 0x0000000111ed416c [0x0000000111ed4100+0x6c]
J 959 C2 sun.misc.URLClassPath.getResource(Ljava/lang/String;Z)Lsun/misc/Resource; (83 bytes) @ 0x000000010fe527c0 [0x000000010fe526e0+0xe0]
J 29141 C2 java.net.URLClassLoader$1.run()Ljava/lang/Object; (5 bytes) @ 0x0000000114d8f9d8 [0x0000000114d8f4e0+0x4f8]
v  ~StubRoutines::call_stub
J 219  java.security.AccessController.doPrivileged(Ljava/security/PrivilegedExceptionAction;Ljava/security/AccessControlContext;)Ljava/lang/Object; (0 bytes) @ 0x000000010fc29563 [0x000000010fc29500+0x63]
J 2245 C2 java.net.URLClassLoader.findClass(Ljava/lang/String;)Ljava/lang/Class; (47 bytes) @ 0x000000010fc08d7c [0x000000010fc08ce0+0x9c]
J 29076 C2 java.lang.ClassLoader.loadClass(Ljava/lang/String;Z)Ljava/lang/Class; (122 bytes) @ 0x0000000110e92684 [0x0000000110e92300+0x384]
J 6591 C2 sun.misc.Launcher$AppClassLoader.loadClass(Ljava/lang/String;Z)Ljava/lang/Class; (85 bytes) @ 0x0000000110e89390 [0x0000000110e89200+0x190]
J 4801 C2 java.lang.ClassLoader.loadClass(Ljava/lang/String;)Ljava/lang/Class; (7 bytes) @ 0x0000000110767c20 [0x0000000110767be0+0x40]
v  ~StubRoutines::call_stub
j  org.apache.iceberg.BaseTable.newDelete()Lorg/apache/iceberg/DeleteFiles;+0
j  org.apache.iceberg.mr.hive.TestTables.truncateIcebergTable(Lorg/apache/iceberg/Table;)V+1
j  org.apache.iceberg.mr.hive.TestHiveIcebergStorageHandlerWithEngine.testMultiTableInsert()V+318
v  ~StubRoutines::call_stub
J 6516  sun.reflect.NativeMethodAccessorImpl.invoke0(Ljava/lang/reflect/Method;Ljava/lang/Object;[Ljava/lang/Object;)Ljava/lang/Object; (0 bytes) @ 0x0000000110e514b7 [0x0000000110e51440+0x77]
J 6515 C1 sun.reflect.NativeMethodAccessorImpl.invoke(Ljava/lang/Object;[Ljava/lang/Object;)Ljava/lang/Object; (104 bytes) @ 0x0000000110e5075c [0x0000000110e4f580+0x11dc]
J 17815 C2 java.lang.reflect.Method.invoke(Ljava/lang/Object;[Ljava/lang/Object;)Ljava/lang/Object; (62 bytes) @ 0x00000001120d1794 [0x00000001120d16e0+0xb4]
J 25247 C1 org.junit.internal.runners.statements.InvokeMethod.evaluate()V (17 bytes) @ 0x00000001142babf4 [0x00000001142ba780+0x474]
J 26281 C1 org.junit.internal.runners.statements.RunBefores.evaluate()V (45 bytes) @ 0x0000000114715914 [0x00000001147153e0+0x534]
J 27537 C1 org.junit.internal.runners.statements.RunAfters.evaluate()V (198 bytes) @ 0x0000000114a04a8c [0x0000000114a047e0+0x2ac]
J 25949 C1 org.junit.rules.ExternalResource$1.evaluate()V (104 bytes) @ 0x000000011457c0cc [0x000000011457bd60+0x36c]
j  org.junit.internal.runners.statements.FailOnTimeout$CallableStatement.call()Ljava/lang/Throwable;+14
j  org.junit.internal.runners.statements.FailOnTimeout$CallableStatement.call()Ljava/lang/Object;+1
J 10167 C1 java.util.concurrent.FutureTask.run()V (126 bytes) @ 0x00000001117605d4 [0x0000000111760380+0x254]
J 30039 C1 java.lang.Thread.run()V (17 bytes) @ 0x0000000112516dc4 [0x0000000112516c80+0x144]
v  ~StubRoutines::call_stub

---------------  P R O C E S S  ---------------

Java Threads: ( => current thread )
  0x00007fcde4959000 JavaThread "process reaper" daemon [_thread_blocked, id=68899, stack(0x000070000c2b9000,0x000070000c2e1000)]
=>0x00007fce42531000 JavaThread "Time-limited test" daemon [_thread_in_native, id=50515, stack(0x000070000f5a7000,0x000070000f6a7000)]
  0x00007fcde4031800 JavaThread "communication thread" daemon [_thread_blocked, id=82515, stack(0x000070000f8b0000,0x000070000f9b0000)]
  0x00007fcda346f000 JavaThread "pool-34-thread-10" [_thread_in_native, id=77847, stack(0x00007000110f8000,0x00007000111f8000)]
  0x00007fcda2b3c000 JavaThread "pool-34-thread-9" [_thread_in_native, id=58155, stack(0x0000700010ff5000,0x00007000110f5000)]
  0x00007fcda35e2800 JavaThread "pool-34-thread-8" [_thread_blocked, id=58391, stack(0x0000700010ef2000,0x0000700010ff2000)]
  0x00007fce41e46800 JavaThread "pool-34-thread-7" [_thread_blocked, id=76059, stack(0x0000700010def000,0x0000700010eef000)]
  0x00007fcde0ab5800 JavaThread "pool-34-thread-6" [_thread_blocked, id=75287, stack(0x0000700010cec000,0x0000700010dec000)]
  0x00007fcda6fb5000 JavaThread "IPC Parameter Sending Thread #0" daemon [_thread_blocked, id=57091, stack(0x0000700011c19000,0x0000700011d19000)]
  0x00007fce41c2e800 JavaThread "pool-34-thread-5" [_thread_blocked, id=52295, stack(0x00007000109e3000,0x0000700010ae3000)]
  0x00007fcda1175000 JavaThread "pool-34-thread-4" [_thread_in_native, id=47363, stack(0x00007000108e0000,0x00007000109e0000)]
  0x00007fcda4a02000 JavaThread "pool-34-thread-3" [_thread_blocked, id=85891, stack(0x00007000107dd000,0x00007000108dd000)]
  0x00007fce457eb000 JavaThread "pool-34-thread-2" [_thread_in_native, id=53027, stack(0x00007000106da000,0x00007000107da000)]
  0x00007fcda4df7000 JavaThread "Thread-8037" [_thread_in_native, id=51539, stack(0x00007000104d4000,0x00007000105d4000)]
  0x00007fcda787d000 JavaThread "HiveServer2-Background-Pool: Thread-8134" [_thread_blocked, id=51043, stack(0x00007000102ce000,0x00007000103ce000)]
  0x00007fcda28e7800 JavaThread "pool-34-thread-1" [_thread_in_native, id=85075, stack(0x00007000101cb000,0x00007000102cb000)]
  0x00007fcde0b94800 JavaThread "pool-35-thread-1" [_thread_in_native, id=85543, stack(0x000070000f9b3000,0x000070000fab3000)]
  0x00007fcda6cd2800 JavaThread "pool-30-thread-2" [_thread_in_native, id=47743, stack(0x00007000103d1000,0x00007000104d1000)]
  0x00007fcde0966800 JavaThread "pool-26-thread-10" [_thread_in_native, id=53251, stack(0x0000700010ae6000,0x0000700010be6000)]
  0x00007fcda3079000 JavaThread "BoneCP-pool-watch-thread" daemon [_thread_blocked, id=49923, stack(0x00007000100c8000,0x00007000101c8000)]
  0x00007fcd97c26800 JavaThread "BoneCP-keep-alive-scheduler" daemon [_thread_blocked, id=49667, stack(0x000070000ffc5000,0x00007000100c5000)]
  0x00007fcda5851800 JavaThread "com.google.common.base.internal.Finalizer" daemon [_thread_blocked, id=49155, stack(0x000070000fec2000,0x000070000ffc2000)]
  0x00007fcda3c81800 JavaThread "BoneCP-pool-watch-thread" daemon [_thread_blocked, id=48899, stack(0x000070000fdbf000,0x000070000febf000)]
  0x00007fce31bb3800 JavaThread "BoneCP-keep-alive-scheduler" daemon [_thread_blocked, id=84227, stack(0x000070000fcbc000,0x000070000fdbc000)]
  0x00007fcde038f000 JavaThread "com.google.common.base.internal.Finalizer" daemon [_thread_blocked, id=48395, stack(0x000070000fbb9000,0x000070000fcb9000)]
  0x00007fcda2a8c000 JavaThread "pool-17-thread-2" [_thread_in_native, id=84767, stack(0x000070000fab6000,0x000070000fbb6000)]
  0x00007fcda3bb2800 JavaThread "BoneCP-pool-watch-thread" daemon [_thread_blocked, id=46083, stack(0x000070000f4a4000,0x000070000f5a4000)]
  0x00007fcda3bb1800 JavaThread "BoneCP-keep-alive-scheduler" daemon [_thread_blocked, id=45571, stack(0x000070000f3a1000,0x000070000f4a1000)]
  0x00007fcda5288800 JavaThread "com.google.common.base.internal.Finalizer" daemon [_thread_blocked, id=86019, stack(0x000070000f29e000,0x000070000f39e000)]
  0x00007fcda25b1800 JavaThread "BoneCP-pool-watch-thread" daemon [_thread_blocked, id=86275, stack(0x000070000f19b000,0x000070000f29b000)]
  0x00007fcda585c000 JavaThread "BoneCP-keep-alive-scheduler" daemon [_thread_blocked, id=44547, stack(0x000070000f098000,0x000070000f198000)]
  0x00007fcda257b000 JavaThread "com.google.common.base.internal.Finalizer" daemon [_thread_blocked, id=44327, stack(0x000070000ef95000,0x000070000f095000)]
  0x00007fcde012c000 JavaThread "derby.rawStoreDaemon" daemon [_thread_blocked, id=86891, stack(0x000070000ee92000,0x000070000ef92000)]
  0x00007fcde0b65000 JavaThread "Timer-0" daemon [_thread_blocked, id=87067, stack(0x000070000ed8f000,0x000070000ee8f000)]
  0x00007fce4535c000 JavaThread "ForkJoinPool.commonPool-worker-11" daemon [_thread_blocked, id=34355, stack(0x000070000ec8c000,0x000070000ed8c000)]
  0x00007fce01a1f800 JavaThread "ForkJoinPool.commonPool-worker-2" daemon [_thread_blocked, id=34675, stack(0x000070000eb89000,0x000070000ec89000)]
  0x00007fce4295d800 JavaThread "iceberg-worker-pool-15" daemon [_thread_blocked, id=33803, stack(0x000070000ea86000,0x000070000eb86000)]
  0x00007fce44a21000 JavaThread "iceberg-worker-pool-14" daemon [_thread_blocked, id=33579, stack(0x000070000e983000,0x000070000ea83000)]
  0x00007fcde1aac800 JavaThread "iceberg-worker-pool-13" daemon [_thread_blocked, id=33035, stack(0x000070000e880000,0x000070000e980000)]
  0x00007fce218f5800 JavaThread "iceberg-worker-pool-12" daemon [_thread_blocked, id=32811, stack(0x000070000e77d000,0x000070000e87d000)]
  0x00007fce42aed800 JavaThread "iceberg-worker-pool-11" daemon [_thread_blocked, id=35843, stack(0x000070000e67a000,0x000070000e77a000)]
  0x00007fce450cf800 JavaThread "iceberg-worker-pool-10" daemon [_thread_blocked, id=32267, stack(0x000070000e577000,0x000070000e677000)]
  0x00007fce450cc000 JavaThread "iceberg-worker-pool-9" daemon [_thread_blocked, id=36363, stack(0x000070000e474000,0x000070000e574000)]
  0x00007fce44089800 JavaThread "iceberg-worker-pool-8" daemon [_thread_blocked, id=36883, stack(0x000070000e371000,0x000070000e471000)]
  0x00007fcde1aab800 JavaThread "iceberg-worker-pool-7" daemon [_thread_blocked, id=31755, stack(0x000070000e26e000,0x000070000e36e000)]
  0x00007fce31b95000 JavaThread "iceberg-worker-pool-6" daemon [_thread_blocked, id=31531, stack(0x000070000e16b000,0x000070000e26b000)]
  0x00007fce01819000 JavaThread "iceberg-worker-pool-5" daemon [_thread_blocked, id=31243, stack(0x000070000e068000,0x000070000e168000)]
  0x00007fce02221000 JavaThread "iceberg-worker-pool-4" daemon [_thread_blocked, id=31019, stack(0x000070000df65000,0x000070000e065000)]
  0x00007fce42841800 JavaThread "iceberg-worker-pool-3" daemon [_thread_blocked, id=37899, stack(0x000070000de62000,0x000070000df62000)]
  0x00007fce43ac9000 JavaThread "iceberg-worker-pool-2" daemon [_thread_blocked, id=38187, stack(0x000070000dd5f000,0x000070000de5f000)]
  0x00007fce4421c800 JavaThread "iceberg-worker-pool-1" daemon [_thread_blocked, id=29963, stack(0x000070000dc5c000,0x000070000dd5c000)]
  0x00007fce119c5800 JavaThread "iceberg-worker-pool-0" daemon [_thread_blocked, id=29507, stack(0x000070000db59000,0x000070000dc59000)]
  0x00007fce42a02800 JavaThread "iceberg-lock-manager-3" daemon [_thread_blocked, id=38659, stack(0x000070000da56000,0x000070000db56000)]
  0x00007fce31c7b800 JavaThread "iceberg-lock-manager-2" daemon [_thread_blocked, id=38931, stack(0x000070000d953000,0x000070000da53000)]
  0x00007fce41a61000 JavaThread "iceberg-lock-manager-1" daemon [_thread_blocked, id=39427, stack(0x000070000d850000,0x000070000d950000)]
  0x00007fce420d3800 JavaThread "iceberg-lock-manager-0" daemon [_thread_blocked, id=28683, stack(0x000070000d74d000,0x000070000d84d000)]
  0x00007fce441af000 JavaThread "process reaper" daemon [_thread_blocked, id=39939, stack(0x000070000c28e000,0x000070000c2b6000)]
  0x00007fcde181b000 JavaThread "org.apache.hadoop.fs.FileSystem$Statistics$StatisticsDataReferenceCleaner" daemon [_thread_blocked, id=28167, stack(0x000070000d64a000,0x000070000d74a000)]
  0x00007fce02976800 JavaThread "ForkJoinPool.commonPool-worker-9" daemon [_thread_blocked, id=40195, stack(0x000070000d547000,0x000070000d647000)]
  0x00007fce44153800 JavaThread "/127.0.0.1:49739 to /127.0.0.1:49737 workers Thread 3" [_thread_in_native, id=40451, stack(0x000070000d444000,0x000070000d544000)]
  0x00007fcde183c000 JavaThread "/127.0.0.1:49739 to /127.0.0.1:49737 workers Thread 2" [_thread_blocked, id=40963, stack(0x000070000d341000,0x000070000d441000)]
  0x00007fcde19d1800 JavaThread "/127.0.0.1:49739 to /127.0.0.1:49737 workers" [_thread_blocked, id=26883, stack(0x000070000d23e000,0x000070000d33e000)]
  0x00007fce42814800 JavaThread "Service Thread" daemon [_thread_blocked, id=41731, stack(0x000070000d038000,0x000070000d138000)]
  0x00007fce42814000 JavaThread "C1 CompilerThread11" daemon [_thread_blocked, id=26371, stack(0x000070000cf35000,0x000070000d035000)]
  0x00007fce4200c800 JavaThread "C1 CompilerThread10" daemon [_thread_blocked, id=25859, stack(0x000070000ce32000,0x000070000cf32000)]
  0x00007fce3181d800 JavaThread "C1 CompilerThread9" daemon [_thread_blocked, id=25347, stack(0x000070000cd2f000,0x000070000ce2f000)]
  0x00007fce44013000 JavaThread "C1 CompilerThread8" daemon [_thread_blocked, id=42243, stack(0x000070000cc2c000,0x000070000cd2c000)]
  0x00007fce4280f000 JavaThread "C2 CompilerThread7" daemon [_thread_blocked, id=24579, stack(0x000070000cb29000,0x000070000cc29000)]
  0x00007fce02808800 JavaThread "C2 CompilerThread6" daemon [_thread_blocked, id=24067, stack(0x000070000ca26000,0x000070000cb26000)]
  0x00007fce41868000 JavaThread "C2 CompilerThread5" daemon [_thread_blocked, id=23555, stack(0x000070000c923000,0x000070000ca23000)]
  0x00007fce3181d000 JavaThread "C2 CompilerThread4" daemon [_thread_blocked, id=42499, stack(0x000070000c820000,0x000070000c920000)]
  0x00007fce31818000 JavaThread "C2 CompilerThread3" daemon [_thread_blocked, id=22787, stack(0x000070000c71d000,0x000070000c81d000)]
  0x00007fce4504c800 JavaThread "C2 CompilerThread2" daemon [_thread_blocked, id=22531, stack(0x000070000c61a000,0x000070000c71a000)]
  0x00007fce4280c000 JavaThread "C2 CompilerThread1" daemon [_thread_blocked, id=43011, stack(0x000070000c517000,0x000070000c617000)]
  0x00007fce0200c800 JavaThread "C2 CompilerThread0" daemon [_thread_blocked, id=22019, stack(0x000070000c414000,0x000070000c514000)]
  0x00007fce01808800 JavaThread "Signal Dispatcher" daemon [_thread_blocked, id=16131, stack(0x000070000c311000,0x000070000c411000)]
  0x00007fce44026000 JavaThread "Finalizer" daemon [_thread_blocked, id=17923, stack(0x000070000c108000,0x000070000c208000)]
  0x00007fce4401d800 JavaThread "Reference Handler" daemon [_thread_blocked, id=13827, stack(0x000070000c005000,0x000070000c105000)]
  0x00007fce44009000 JavaThread "Test worker" [_thread_blocked, id=5635, stack(0x000070000b0d8000,0x000070000b1d8000)]

Other Threads:
  0x00007fce44814800 VMThread [stack: 0x000070000bf02000,0x000070000c002000] [id=18691]
  0x00007fce44815000 WatcherThread [stack: 0x000070000d13b000,0x000070000d23b000] [id=41475]

VM state:not at safepoint (normal execution)

VM Mutex/Monitor currently owned by a thread: None

heap address: 0x0000000723c00000, size: 2500 MB, Compressed Oops mode: Zero based, Oop shift amount: 3
Narrow klass base: 0x0000000000000000, Narrow klass shift: 3
Compressed class space size: 1073741824 Address: 0x00000007c0000000

Heap:
 PSYoungGen      total 821760K, used 237010K [0x000000078bf00000, 0x00000007bfa00000, 0x00000007c0000000)
  eden space 819200K, 28% used [0x000000078bf00000,0x000000079a674aa8,0x00000007bdf00000)
  from space 2560K, 0% used [0x00000007bdf00000,0x00000007bdf00000,0x00000007be180000)
  to   space 13824K, 0% used [0x00000007bec80000,0x00000007bec80000,0x00000007bfa00000)
 ParOldGen       total 868352K, used 119552K [0x0000000723c00000, 0x0000000758c00000, 0x000000078bf00000)
  object space 868352K, 13% used [0x0000000723c00000,0x000000072b0c0200,0x0000000758c00000)
 Metaspace       used 144951K, capacity 152468K, committed 159564K, reserved 1181696K
  class space    used 16022K, capacity 20750K, committed 26752K, reserved 1048576K

Card table byte_map: [0x0000000106578000,0x0000000106a5b000] byte_map_base: 0x0000000102c5a000

Marking Bits: (ParMarkBitMap*) 0x0000000105eebc18
 Begin Bits: [0x0000000106d9d000, 0x00000001094ad000)
 End Bits:   [0x00000001094ad000, 0x000000010bbbd000)

Polling page: 0x00000001036af000

CodeCache: size=245760Kb used=102237Kb max_used=102354Kb free=143522Kb
 bounds [0x000000010f8fd000, 0x0000000115dfd000, 0x000000011e8fd000]
 total_blobs=28421 nmethods=27330 adapters=996
 compilation: enabled

Compilation events (10 events):
Event: 303.742 Thread 0x00007fce02808800 34935       4       org.apache.hadoop.hive.metastore.api.Table$TableStandardSchemeFactory::getScheme (5 bytes)
Event: 303.743 Thread 0x00007fce02808800 nmethod 34935 0x00000001134c9d50 code [0x00000001134c9ea0, 0x00000001134c9f88]
Event: 303.744 Thread 0x00007fce4504c800 34936       4       org.apache.iceberg.relocated.com.google.common.collect.MapMakerInternalMap$WeakKeyStrongValueSegment::self (5 bytes)
Event: 303.744 Thread 0x00007fce4504c800 nmethod 34936 0x0000000110a66890 code [0x0000000110a669e0, 0x0000000110a66a38]
Event: 303.752 Thread 0x00007fce4200c800 nmethod 34934 0x0000000115dc8d90 code [0x0000000115dca060, 0x0000000115ddc618]
Event: 303.755 Thread 0x00007fce31818000 34937       4       java.security.AccessControlContext::combine (205 bytes)
Event: 303.766 Thread 0x00007fce31818000 nmethod 34937 0x0000000115183510 code [0x0000000115183680, 0x0000000115183cb8]
Event: 303.777 Thread 0x00007fce0200c800 nmethod 34931 0x0000000115b7f610 code [0x0000000115b7fa80, 0x0000000115b819c0]
Event: 303.786 Thread 0x00007fce4280f000 34938       4       org.apache.iceberg.types.PruneColumns::map (14 bytes)
Event: 303.788 Thread 0x00007fce4280f000 nmethod 34938 0x000000011194f510 code [0x000000011194f660, 0x000000011194f7c8]

GC Heap History (10 events):
Event: 298.973 GC heap before
{Heap before GC invocations=554 (full 263):
 PSYoungGen      total 822272K, used 2703K [0x000000078bf00000, 0x00000007bfc00000, 0x00000007c0000000)
  eden space 819200K, 0% used [0x000000078bf00000,0x000000078bf00000,0x00000007bdf00000)
  from space 3072K, 87% used [0x00000007bdf00000,0x00000007be1a3cd8,0x00000007be200000)
  to   space 14848K, 0% used [0x00000007bed80000,0x00000007bed80000,0x00000007bfc00000)
 ParOldGen       total 868352K, used 119891K [0x0000000723c00000, 0x0000000758c00000, 0x000000078bf00000)
  object space 868352K, 13% used [0x0000000723c00000,0x000000072b114d80,0x0000000758c00000)
 Metaspace       used 144606K, capacity 151432K, committed 159564K, reserved 1181696K
  class space    used 15909K, capacity 20011K, committed 26752K, reserved 1048576K
Event: 299.519 GC heap after
Heap after GC invocations=554 (full 263):
 PSYoungGen      total 822272K, used 0K [0x000000078bf00000, 0x00000007bfc00000, 0x00000007c0000000)
  eden space 819200K, 0% used [0x000000078bf00000,0x000000078bf00000,0x00000007bdf00000)
  from space 3072K, 0% used [0x00000007bdf00000,0x00000007bdf00000,0x00000007be200000)
  to   space 14848K, 0% used [0x00000007bed80000,0x00000007bed80000,0x00000007bfc00000)
 ParOldGen       total 868352K, used 119080K [0x0000000723c00000, 0x0000000758c00000, 0x000000078bf00000)
  object space 868352K, 13% used [0x0000000723c00000,0x000000072b04a298,0x0000000758c00000)
 Metaspace       used 144461K, capacity 150782K, committed 159564K, reserved 1181696K
  class space    used 15842K, capacity 19464K, committed 26752K, reserved 1048576K
}
Event: 299.576 GC heap before
{Heap before GC invocations=555 (full 263):
 PSYoungGen      total 822272K, used 7795K [0x000000078bf00000, 0x00000007bfc00000, 0x00000007c0000000)
  eden space 819200K, 0% used [0x000000078bf00000,0x000000078c69cf60,0x00000007bdf00000)
  from space 3072K, 0% used [0x00000007bdf00000,0x00000007bdf00000,0x00000007be200000)
  to   space 14848K, 0% used [0x00000007bed80000,0x00000007bed80000,0x00000007bfc00000)
 ParOldGen       total 868352K, used 119080K [0x0000000723c00000, 0x0000000758c00000, 0x000000078bf00000)
  object space 868352K, 13% used [0x0000000723c00000,0x000000072b04a298,0x0000000758c00000)
 Metaspace       used 144591K, capacity 150942K, committed 159564K, reserved 1181696K
  class space    used 15866K, capacity 19480K, committed 26752K, reserved 1048576K
Event: 299.581 GC heap after
Heap after GC invocations=555 (full 263):
 PSYoungGen      total 833024K, used 736K [0x000000078bf00000, 0x00000007bfb00000, 0x00000007c0000000)
  eden space 819200K, 0% used [0x000000078bf00000,0x000000078bf00000,0x00000007bdf00000)
  from space 13824K, 5% used [0x00000007bed80000,0x00000007bee38020,0x00000007bfb00000)
  to   space 14336K, 0% used [0x00000007bdf00000,0x00000007bdf00000,0x00000007bed00000)
 ParOldGen       total 868352K, used 119080K [0x0000000723c00000, 0x0000000758c00000, 0x000000078bf00000)
  object space 868352K, 13% used [0x0000000723c00000,0x000000072b04a298,0x0000000758c00000)
 Metaspace       used 144591K, capacity 150942K, committed 159564K, reserved 1181696K
  class space    used 15866K, capacity 19480K, committed 26752K, reserved 1048576K
}
Event: 299.581 GC heap before
{Heap before GC invocations=556 (full 264):
 PSYoungGen      total 833024K, used 736K [0x000000078bf00000, 0x00000007bfb00000, 0x00000007c0000000)
  eden space 819200K, 0% used [0x000000078bf00000,0x000000078bf00000,0x00000007bdf00000)
  from space 13824K, 5% used [0x00000007bed80000,0x00000007bee38020,0x00000007bfb00000)
  to   space 14336K, 0% used [0x00000007bdf00000,0x00000007bdf00000,0x00000007bed00000)
 ParOldGen       total 868352K, used 119080K [0x0000000723c00000, 0x0000000758c00000, 0x000000078bf00000)
  object space 868352K, 13% used [0x0000000723c00000,0x000000072b04a298,0x0000000758c00000)
 Metaspace       used 144591K, capacity 150942K, committed 159564K, reserved 1181696K
  class space    used 15866K, capacity 19480K, committed 26752K, reserved 1048576K
Event: 300.603 GC heap after
Heap after GC invocations=556 (full 264):
 PSYoungGen      total 833024K, used 0K [0x000000078bf00000, 0x00000007bfb00000, 0x00000007c0000000)
  eden space 819200K, 0% used [0x000000078bf00000,0x000000078bf00000,0x00000007bdf00000)
  from space 13824K, 0% used [0x00000007bed80000,0x00000007bed80000,0x00000007bfb00000)
  to   space 14336K, 0% used [0x00000007bdf00000,0x00000007bdf00000,0x00000007bed00000)
 ParOldGen       total 868352K, used 118040K [0x0000000723c00000, 0x0000000758c00000, 0x000000078bf00000)
  object space 868352K, 13% used [0x0000000723c00000,0x000000072af46360,0x0000000758c00000)
 Metaspace       used 144591K, capacity 150942K, committed 159564K, reserved 1181696K
  class space    used 15866K, capacity 19480K, committed 26752K, reserved 1048576K
}
Event: 301.854 GC heap before
{Heap before GC invocations=557 (full 264):
 PSYoungGen      total 833024K, used 267188K [0x000000078bf00000, 0x00000007bfb00000, 0x00000007c0000000)
  eden space 819200K, 32% used [0x000000078bf00000,0x000000079c3ed3e8,0x00000007bdf00000)
  from space 13824K, 0% used [0x00000007bed80000,0x00000007bed80000,0x00000007bfb00000)
  to   space 14336K, 0% used [0x00000007bdf00000,0x00000007bdf00000,0x00000007bed00000)
 ParOldGen       total 868352K, used 118040K [0x0000000723c00000, 0x0000000758c00000, 0x000000078bf00000)
  object space 868352K, 13% used [0x0000000723c00000,0x000000072af46360,0x0000000758c00000)
 Metaspace       used 144744K, capacity 151518K, committed 159564K, reserved 1181696K
  class space    used 15925K, capacity 19933K, committed 26752K, reserved 1048576K
Event: 301.869 GC heap after
Heap after GC invocations=557 (full 264):
 PSYoungGen      total 821760K, used 2367K [0x000000078bf00000, 0x00000007bfa00000, 0x00000007c0000000)
  eden space 819200K, 0% used [0x000000078bf00000,0x000000078bf00000,0x00000007bdf00000)
  from space 2560K, 92% used [0x00000007bdf00000,0x00000007be14fc98,0x00000007be180000)
  to   space 13824K, 0% used [0x00000007bec80000,0x00000007bec80000,0x00000007bfa00000)
 ParOldGen       total 868352K, used 118040K [0x0000000723c00000, 0x0000000758c00000, 0x000000078bf00000)
  object space 868352K, 13% used [0x0000000723c00000,0x000000072af46360,0x0000000758c00000)
 Metaspace       used 144744K, capacity 151518K, committed 159564K, reserved 1181696K
  class space    used 15925K, capacity 19933K, committed 26752K, reserved 1048576K
}
Event: 301.869 GC heap before
{Heap before GC invocations=558 (full 265):
 PSYoungGen      total 821760K, used 2367K [0x000000078bf00000, 0x00000007bfa00000, 0x00000007c0000000)
  eden space 819200K, 0% used [0x000000078bf00000,0x000000078bf00000,0x00000007bdf00000)
  from space 2560K, 92% used [0x00000007bdf00000,0x00000007be14fc98,0x00000007be180000)
  to   space 13824K, 0% used [0x00000007bec80000,0x00000007bec80000,0x00000007bfa00000)
 ParOldGen       total 868352K, used 118040K [0x0000000723c00000, 0x0000000758c00000, 0x000000078bf00000)
  object space 868352K, 13% used [0x0000000723c00000,0x000000072af46360,0x0000000758c00000)
 Metaspace       used 144744K, capacity 151518K, committed 159564K, reserved 1181696K
  class space    used 15925K, capacity 19933K, committed 26752K, reserved 1048576K
Event: 302.391 GC heap after
Heap after GC invocations=558 (full 265):
 PSYoungGen      total 821760K, used 0K [0x000000078bf00000, 0x00000007bfa00000, 0x00000007c0000000)
  eden space 819200K, 0% used [0x000000078bf00000,0x000000078bf00000,0x00000007bdf00000)
  from space 2560K, 0% used [0x00000007bdf00000,0x00000007bdf00000,0x00000007be180000)
  to   space 13824K, 0% used [0x00000007bec80000,0x00000007bec80000,0x00000007bfa00000)
 ParOldGen       total 868352K, used 119552K [0x0000000723c00000, 0x0000000758c00000, 0x000000078bf00000)
  object space 868352K, 13% used [0x0000000723c00000,0x000000072b0c0200,0x0000000758c00000)
 Metaspace       used 144641K, capacity 151008K, committed 159564K, reserved 1181696K
  class space    used 15872K, capacity 19491K, committed 26752K, reserved 1048576K
}

Deoptimization events (10 events):
Event: 303.590 Thread 0x00007fcda3bb2800 Uncommon trap: reason=unstable_if action=reinterpret pc=0x0000000115741a38 method=com.jolbox.bonecp.ConnectionHandle.<init>(Ljava/sql/Connection;Lcom/jolbox/bonecp/ConnectionPartition;Lcom/jolbox/bonecp/BoneCP;Z)V @ 57
Event: 303.590 Thread 0x00007fcda3bb2800 Uncommon trap: reason=unstable_if action=reinterpret pc=0x00000001137ccce8 method=org.apache.derby.iapi.services.context.ContextManager.getMessageLocale()Ljava/util/Locale; @ 16
Event: 303.591 Thread 0x00007fcda3bb2800 Uncommon trap: reason=unstable_if action=reinterpret pc=0x000000011322ea5c method=org.apache.derby.impl.sql.conn.GenericLanguageConnectionContext.doRollback(ZZ)V @ 10
Event: 303.591 Thread 0x00007fcda3bb2800 Uncommon trap: reason=unstable_if action=reinterpret pc=0x00000001126ff784 method=org.apache.derby.impl.jdbc.EmbedConnection.setAutoCommit(Z)V @ 27
Event: 303.592 Thread 0x00007fcda3bb2800 Uncommon trap: reason=unstable_if action=reinterpret pc=0x0000000114367ce4 method=org.apache.derby.impl.jdbc.EmbedConnection.setAutoCommit(Z)V @ 27
Event: 303.606 Thread 0x00007fcda346f000 Uncommon trap: reason=unstable_if action=reinterpret pc=0x00000001101962e0 method=org.apache.derby.impl.store.access.RAMTransaction.createSort(Ljava/util/Properties;[Lorg/apache/derby/iapi/types/DataValueDescriptor;[Lorg/apache/derby/iapi/store/access/Col
Event: 303.606 Thread 0x00007fcda346f000 Uncommon trap: reason=unstable_if action=reinterpret pc=0x000000011464d10c method=org.apache.derby.impl.store.access.RAMTransaction.openSort(J)Lorg/apache/derby/iapi/store/access/SortController; @ 64
Event: 303.607 Thread 0x00007fce457eb000 Uncommon trap: reason=unstable_if action=reinterpret pc=0x0000000113246160 method=java.util.concurrent.locks.ReentrantReadWriteLock$Sync.tryAcquireShared(I)I @ 60
Event: 303.717 Thread 0x00007fcda346f000 Uncommon trap: reason=unstable_if action=reinterpret pc=0x000000011574ef58 method=org.apache.derby.impl.sql.GenericStatement.prepMinion(Lorg/apache/derby/iapi/sql/conn/LanguageConnectionContext;Z[Ljava/lang/Object;Lorg/apache/derby/iapi/sql/dictionary/Sch
Event: 303.720 Thread 0x00007fce457eb000 Uncommon trap: reason=unstable_if action=reinterpret pc=0x0000000111d51870 method=org.apache.derby.impl.store.raw.data.BasePage.setExclusive(Lorg/apache/derby/impl/store/raw/data/BaseContainerHandle;)V @ 13

Classes redefined (0 events):
No events

Internal exceptions (10 events):
Event: 299.542 Thread 0x00007fcde183c000 Exception <a 'java/lang/NoSuchMethodError': <clinit>> (0x000000078c225ff8) thrown at [/Users/ec2-user/workspace/Corretto8/macos/x64/build/Corretto8Src/installers/mac/tar/corretto-build/buildRoot/src/hotspot/src/share/vm/prims/jni.cpp, line 1616]
Event: 299.567 Thread 0x00007fcde4923000 Exception <a 'java/lang/reflect/InvocationTargetException'> (0x000000078c4dd8b8) thrown at [/Users/ec2-user/workspace/Corretto8/macos/x64/build/Corretto8Src/installers/mac/tar/corretto-build/buildRoot/src/hotspot/src/share/vm/runtime/reflection.cpp, line 
Event: 301.743 Thread 0x00007fce0201a000 Exception <a 'java/lang/InterruptedException': sleep interrupted> (0x000000079b0a3890) thrown at [/Users/ec2-user/workspace/Corretto8/macos/x64/build/Corretto8Src/installers/mac/tar/corretto-build/buildRoot/src/hotspot/src/share/vm/prims/jvm.cpp, line 337
Event: 301.744 Thread 0x00007fce02308000 Exception <a 'java/lang/InterruptedException'> (0x000000079b3a31b8) thrown at [/Users/ec2-user/workspace/Corretto8/macos/x64/build/Corretto8Src/installers/mac/tar/corretto-build/buildRoot/src/hotspot/src/share/vm/runtime/objectMonitor.cpp, line 1692]
Event: 301.744 Thread 0x00007fce02019000 Exception <a 'java/lang/InterruptedException'> (0x000000079b4a31d8) thrown at [/Users/ec2-user/workspace/Corretto8/macos/x64/build/Corretto8Src/installers/mac/tar/corretto-build/buildRoot/src/hotspot/src/share/vm/runtime/objectMonitor.cpp, line 1692]
Event: 303.590 Thread 0x00007fcda3bb2800 Implicit null exception at 0x00000001157407ef to 0x0000000115741a21
Event: 303.590 Thread 0x00007fcda3bb2800 Implicit null exception at 0x00000001137c6efa to 0x00000001137ccccd
Event: 303.591 Thread 0x00007fcda3bb2800 Implicit null exception at 0x000000011322dbd2 to 0x000000011322ea3d
Event: 303.606 Thread 0x00007fcda346f000 Implicit null exception at 0x0000000110195756 to 0x00000001101962c9
Event: 303.606 Thread 0x00007fcda346f000 Implicit null exception at 0x000000011464a82c to 0x000000011464d0e1

Events (10 events):
Event: 303.770 loading class manifest_entry
Event: 303.770 loading class manifest_entry done
Event: 303.778 Thread 0x00007fcde6067800 Thread exited: 0x00007fcde6067800
Event: 303.782 loading class manifest_entry
Event: 303.782 loading class manifest_entry done
Event: 303.785 loading class manifest_entry
Event: 303.785 loading class manifest_entry done
Event: 303.789 loading class org/apache/iceberg/StreamingDelete
Event: 303.789 loading class org/apache/iceberg/StreamingDelete done
Event: 303.789 Thread 0x00007fce4280f000 flushing nmethod 0x0000000111af9490


Dynamic libraries:
0x00007fff35d8f000 	/System/Library/Frameworks/Cocoa.framework/Versions/A/Cocoa
0x00007fff43586000 	/System/Library/Frameworks/Security.framework/Versions/A/Security
0x00007fff34cf4000 	/System/Library/Frameworks/ApplicationServices.framework/Versions/A/ApplicationServices
0x00007fff700aa000 	/usr/lib/libz.1.dylib
0x00007fff6db6e000 	/usr/lib/libSystem.B.dylib
0x00007fff36c31000 	/System/Library/Frameworks/CoreFoundation.framework/Versions/A/CoreFoundation
0x00007fff392ee000 	/System/Library/Frameworks/Foundation.framework/Versions/C/Foundation
0x00007fff6f9ce000 	/usr/lib/libobjc.A.dylib
0x00007fff33ee4000 	/System/Library/Frameworks/AppKit.framework/Versions/C/AppKit
0x00007fff36713000 	/System/Library/Frameworks/CoreData.framework/Versions/A/CoreData
0x00007fff67b83000 	/System/Library/PrivateFrameworks/UIFoundation.framework/Versions/A/UIFoundation
0x00007fff62c17000 	/System/Library/PrivateFrameworks/RemoteViewServices.framework/Versions/A/RemoteViewServices
0x00007fff6a6de000 	/System/Library/PrivateFrameworks/XCTTargetBootstrap.framework/Versions/A/XCTTargetBootstrap
0x00007fff36afe000 	/System/Library/Frameworks/CoreDisplay.framework/Versions/A/CoreDisplay
0x00007fff3c1a9000 	/System/Library/Frameworks/Metal.framework/Versions/A/Metal
0x00007fff50c1a000 	/System/Library/PrivateFrameworks/DesktopServicesPriv.framework/Versions/A/DesktopServicesPriv
0x00007fff6eca9000 	/usr/lib/liblangid.dylib
0x00007fff4feaf000 	/System/Library/PrivateFrameworks/CoreSVG.framework/Versions/A/CoreSVG
0x00007fff65d73000 	/System/Library/PrivateFrameworks/SkyLight.framework/Versions/A/SkyLight
0x00007fff370b2000 	/System/Library/Frameworks/CoreGraphics.framework/Versions/A/CoreGraphics
0x00007fff328b8000 	/System/Library/Frameworks/Accelerate.framework/Versions/A/Accelerate
0x00007fff6ff9b000 	/usr/lib/libxml2.2.dylib
0x00007fff5bba2000 	/System/Library/PrivateFrameworks/IconServices.framework/Versions/A/IconServices
0x00007fff39acd000 	/System/Library/Frameworks/IOSurface.framework/Versions/A/IOSurface
0x00007fff6d698000 	/usr/lib/libDiagnosticMessagesClient.dylib
0x00007fff50a74000 	/System/Library/PrivateFrameworks/DFRFoundation.framework/Versions/A/DFRFoundation
0x00007fff6ea38000 	/usr/lib/libicucore.A.dylib
0x00007fff35026000 	/System/Library/Frameworks/AudioToolbox.framework/Versions/A/AudioToolbox
0x00007fff35109000 	/System/Library/Frameworks/AudioUnit.framework/Versions/A/AudioUnit
0x00007fff6dd70000 	/usr/lib/libauto.dylib
0x00007fff50b16000 	/System/Library/PrivateFrameworks/DataDetectorsCore.framework/Versions/A/DataDetectorsCore
0x00007fff358b0000 	/System/Library/Frameworks/Carbon.framework/Versions/A/Frameworks/HIToolbox.framework/Versions/A/HIToolbox
0x00007fff42782000 	/System/Library/Frameworks/QuartzCore.framework/Versions/A/QuartzCore
0x00007fff35bef000 	/System/Library/Frameworks/Carbon.framework/Versions/A/Frameworks/SpeechRecognition.framework/Versions/A/SpeechRecognition
0x00007fff50588000 	/System/Library/PrivateFrameworks/CoreUI.framework/Versions/A/CoreUI
0x00007fff3617e000 	/System/Library/Frameworks/CoreAudio.framework/Versions/A/CoreAudio
0x00007fff38fad000 	/System/Library/Frameworks/DiskArbitration.framework/Versions/A/DiskArbitration
0x00007fff5dbf2000 	/System/Library/PrivateFrameworks/MultitouchSupport.framework/Versions/A/MultitouchSupport
0x00007fff6e8ff000 	/usr/lib/libenergytrace.dylib
0x00007fff39a27000 	/System/Library/Frameworks/IOKit.framework/Versions/A/IOKit
0x00007fff38019000 	/System/Library/Frameworks/CoreServices.framework/Versions/A/CoreServices
0x00007fff5fdaa000 	/System/Library/PrivateFrameworks/PerformanceAnalysis.framework/Versions/A/PerformanceAnalysis
0x00007fff417b5000 	/System/Library/Frameworks/OpenGL.framework/Versions/A/OpenGL
0x00007fff35d9d000 	/System/Library/Frameworks/ColorSync.framework/Versions/A/ColorSync
0x00007fff37735000 	/System/Library/Frameworks/CoreImage.framework/Versions/A/CoreImage
0x00007fff38a8c000 	/System/Library/Frameworks/CoreText.framework/Versions/A/CoreText
0x00007fff39b5d000 	/System/Library/Frameworks/ImageIO.framework/Versions/A/ImageIO
0x00007fff6de54000 	/usr/lib/libc++.1.dylib
0x00007fff6ded0000 	/usr/lib/libcompression.dylib
0x00007fff6d9dc000 	/usr/lib/libMobileGestalt.dylib
0x00007fff678ed000 	/System/Library/PrivateFrameworks/TextureIO.framework/Versions/A/TextureIO
0x00007fff6dcd3000 	/usr/lib/libate.dylib
0x00007fff5bdab000 	/System/Library/PrivateFrameworks/InternationalSupport.framework/Versions/A/InternationalSupport
0x00007fff7096b000 	/usr/lib/system/libcache.dylib
0x00007fff70971000 	/usr/lib/system/libcommonCrypto.dylib
0x00007fff7097d000 	/usr/lib/system/libcompiler_rt.dylib
0x00007fff70985000 	/usr/lib/system/libcopyfile.dylib
0x00007fff7098f000 	/usr/lib/system/libcorecrypto.dylib
0x00007fff70b2e000 	/usr/lib/system/libdispatch.dylib
0x00007fff70b6f000 	/usr/lib/system/libdyld.dylib
0x00007fff70ba6000 	/usr/lib/system/libkeymgr.dylib
0x00007fff70bb4000 	/usr/lib/system/liblaunch.dylib
0x00007fff70bb5000 	/usr/lib/system/libmacho.dylib
0x00007fff70bbb000 	/usr/lib/system/libquarantine.dylib
0x00007fff70bbe000 	/usr/lib/system/libremovefile.dylib
0x00007fff70bc0000 	/usr/lib/system/libsystem_asl.dylib
0x00007fff70bd8000 	/usr/lib/system/libsystem_blocks.dylib
0x00007fff70bd9000 	/usr/lib/system/libsystem_c.dylib
0x00007fff70c61000 	/usr/lib/system/libsystem_configuration.dylib
0x00007fff70c65000 	/usr/lib/system/libsystem_coreservices.dylib
0x00007fff70c69000 	/usr/lib/system/libsystem_darwin.dylib
0x00007fff70c72000 	/usr/lib/system/libsystem_dnssd.dylib
0x00007fff70c7a000 	/usr/lib/system/libsystem_featureflags.dylib
0x00007fff70c7c000 	/usr/lib/system/libsystem_info.dylib
0x00007fff70cf7000 	/usr/lib/system/libsystem_m.dylib
0x00007fff70d3f000 	/usr/lib/system/libsystem_malloc.dylib
0x00007fff70d67000 	/usr/lib/system/libsystem_networkextension.dylib
0x00007fff70d75000 	/usr/lib/system/libsystem_notify.dylib
0x00007fff70d93000 	/usr/lib/system/libsystem_sandbox.dylib
0x00007fff70d98000 	/usr/lib/system/libsystem_secinit.dylib
0x00007fff70cca000 	/usr/lib/system/libsystem_kernel.dylib
0x00007fff70d7f000 	/usr/lib/system/libsystem_platform.dylib
0x00007fff70d88000 	/usr/lib/system/libsystem_pthread.dylib
0x00007fff70d9b000 	/usr/lib/system/libsystem_symptoms.dylib
0x00007fff70da3000 	/usr/lib/system/libsystem_trace.dylib
0x00007fff70dbb000 	/usr/lib/system/libunwind.dylib
0x00007fff70dc1000 	/usr/lib/system/libxpc.dylib
0x00007fff6dea7000 	/usr/lib/libc++abi.dylib
0x00007fff6ecab000 	/usr/lib/liblzma.5.dylib
0x00007fff6e926000 	/usr/lib/libfakelink.dylib
0x00007fff6dc60000 	/usr/lib/libarchive.2.dylib
0x00007fff44637000 	/System/Library/Frameworks/SystemConfiguration.framework/Versions/A/SystemConfiguration
0x00007fff6d5cb000 	/usr/lib/libCRFSuite.dylib
0x00007fff354a0000 	/System/Library/Frameworks/CFNetwork.framework/Versions/A/CFNetwork
0x00007fff6de36000 	/usr/lib/libbsm.0.dylib
0x00007fff70ba7000 	/usr/lib/system/libkxld.dylib
0x00007fff4a3f1000 	/System/Library/PrivateFrameworks/AppleFSCompression.framework/Versions/A/AppleFSCompression
0x00007fff6e1c1000 	/usr/lib/libcoretls.dylib
0x00007fff6e1d8000 	/usr/lib/libcoretls_cfhelpers.dylib
0x00007fff6fa14000 	/usr/lib/libpam.2.dylib
0x00007fff6fb49000 	/usr/lib/libsqlite3.dylib
0x00007fff6ff88000 	/usr/lib/libxar.1.dylib
0x00007fff6de47000 	/usr/lib/libbz2.1.0.dylib
0x00007fff6e947000 	/usr/lib/libiconv.2.dylib
0x00007fff6debd000 	/usr/lib/libcharset.1.dylib
0x00007fff6f4b1000 	/usr/lib/libnetwork.dylib
0x00007fff6fa1b000 	/usr/lib/libpcap.A.dylib
0x00007fff6dc15000 	/usr/lib/libapple_nghttp2.dylib
0x00007fff383d0000 	/System/Library/Frameworks/CoreServices.framework/Versions/A/Frameworks/FSEvents.framework/Versions/A/FSEvents
0x00007fff380a0000 	/System/Library/Frameworks/CoreServices.framework/Versions/A/Frameworks/CarbonCore.framework/Versions/A/CarbonCore
0x00007fff38614000 	/System/Library/Frameworks/CoreServices.framework/Versions/A/Frameworks/Metadata.framework/Versions/A/Metadata
0x00007fff386ad000 	/System/Library/Frameworks/CoreServices.framework/Versions/A/Frameworks/OSServices.framework/Versions/A/OSServices
0x00007fff386db000 	/System/Library/Frameworks/CoreServices.framework/Versions/A/Frameworks/SearchKit.framework/Versions/A/SearchKit
0x00007fff3801a000 	/System/Library/Frameworks/CoreServices.framework/Versions/A/Frameworks/AE.framework/Versions/A/AE
0x00007fff383d9000 	/System/Library/Frameworks/CoreServices.framework/Versions/A/Frameworks/LaunchServices.framework/Versions/A/LaunchServices
0x00007fff38382000 	/System/Library/Frameworks/CoreServices.framework/Versions/A/Frameworks/DictionaryServices.framework/Versions/A/DictionaryServices
0x00007fff38743000 	/System/Library/Frameworks/CoreServices.framework/Versions/A/Frameworks/SharedFileList.framework/Versions/A/SharedFileList
0x00007fff3d5d4000 	/System/Library/Frameworks/NetFS.framework/Versions/A/NetFS
0x00007fff5e122000 	/System/Library/PrivateFrameworks/NetAuth.framework/Versions/A/NetAuth
0x00007fff6aaab000 	/System/Library/PrivateFrameworks/login.framework/Versions/A/Frameworks/loginsupport.framework/Versions/A/loginsupport
0x00007fff673b8000 	/System/Library/PrivateFrameworks/TCC.framework/Versions/A/TCC
0x00007fff4f022000 	/System/Library/PrivateFrameworks/CoreNLP.framework/Versions/A/CoreNLP
0x00007fff5d61f000 	/System/Library/PrivateFrameworks/MetadataUtilities.framework/Versions/A/MetadataUtilities
0x00007fff6ed83000 	/usr/lib/libmecabra.dylib
0x00007fff6ecdb000 	/usr/lib/libmecab.dylib
0x00007fff6e937000 	/usr/lib/libgermantok.dylib
0x00007fff6dbfc000 	/usr/lib/libThaiTokenizer.dylib
0x00007fff6d602000 	/usr/lib/libChineseTokenizer.dylib
0x00007fff328d0000 	/System/Library/Frameworks/Accelerate.framework/Versions/A/Frameworks/vImage.framework/Versions/A/vImage
0x00007fff33d3a000 	/System/Library/Frameworks/Accelerate.framework/Versions/A/Frameworks/vecLib.framework/Versions/A/vecLib
0x00007fff33c77000 	/System/Library/Frameworks/Accelerate.framework/Versions/A/Frameworks/vecLib.framework/Versions/A/libvMisc.dylib
0x00007fff33a9f000 	/System/Library/Frameworks/Accelerate.framework/Versions/A/Frameworks/vecLib.framework/Versions/A/libvDSP.dylib
0x00007fff32f27000 	/System/Library/Frameworks/Accelerate.framework/Versions/A/Frameworks/vecLib.framework/Versions/A/libBLAS.dylib
0x00007fff33663000 	/System/Library/Frameworks/Accelerate.framework/Versions/A/Frameworks/vecLib.framework/Versions/A/libLAPACK.dylib
0x00007fff339ff000 	/System/Library/Frameworks/Accelerate.framework/Versions/A/Frameworks/vecLib.framework/Versions/A/libLinearAlgebra.dylib
0x00007fff33a8c000 	/System/Library/Frameworks/Accelerate.framework/Versions/A/Frameworks/vecLib.framework/Versions/A/libSparseBLAS.dylib
0x00007fff33a15000 	/System/Library/Frameworks/Accelerate.framework/Versions/A/Frameworks/vecLib.framework/Versions/A/libQuadrature.dylib
0x00007fff3318f000 	/System/Library/Frameworks/Accelerate.framework/Versions/A/Frameworks/vecLib.framework/Versions/A/libBNNS.dylib
0x00007fff33a1b000 	/System/Library/Frameworks/Accelerate.framework/Versions/A/Frameworks/vecLib.framework/Versions/A/libSparse.dylib
0x00007fff5c193000 	/System/Library/PrivateFrameworks/LanguageModeling.framework/Versions/A/LanguageModeling
0x00007fff4e9d2000 	/System/Library/PrivateFrameworks/CoreEmoji.framework/Versions/A/CoreEmoji
0x00007fff5c2b1000 	/System/Library/PrivateFrameworks/LinguisticData.framework/Versions/A/LinguisticData
0x00007fff5c262000 	/System/Library/PrivateFrameworks/Lexicon.framework/Versions/A/Lexicon
0x00007fff6debe000 	/usr/lib/libcmph.dylib
0x00007fff401c3000 	/System/Library/Frameworks/OpenDirectory.framework/Versions/A/Frameworks/CFOpenDirectory.framework/Versions/A/CFOpenDirectory
0x00007fff401e0000 	/System/Library/Frameworks/OpenDirectory.framework/Versions/A/OpenDirectory
0x00007fff48621000 	/System/Library/PrivateFrameworks/APFS.framework/Versions/A/APFS
0x00007fff438d0000 	/System/Library/Frameworks/SecurityFoundation.framework/Versions/A/SecurityFoundation
0x00007fff6ff84000 	/usr/lib/libutil.dylib
0x00007fff4ff07000 	/System/Library/PrivateFrameworks/CoreServicesStore.framework/Versions/A/CoreServicesStore
0x00007fff43987000 	/System/Library/Frameworks/ServiceManagement.framework/Versions/A/ServiceManagement
0x00007fff4bbc1000 	/System/Library/PrivateFrameworks/BackgroundTaskManagement.framework/Versions/A/BackgroundTaskManagement
0x00007fff70081000 	/usr/lib/libxslt.1.dylib
0x00007fff4aa64000 	/System/Library/PrivateFrameworks/AppleSystemInfo.framework/Versions/A/AppleSystemInfo
0x00007fff39d78000 	/System/Library/Frameworks/ImageIO.framework/Versions/A/Resources/libJPEG.dylib
0x00007fff3a037000 	/System/Library/Frameworks/ImageIO.framework/Versions/A/Resources/libTIFF.dylib
0x00007fff3a01a000 	/System/Library/Frameworks/ImageIO.framework/Versions/A/Resources/libPng.dylib
0x00007fff39cba000 	/System/Library/Frameworks/ImageIO.framework/Versions/A/Resources/libGIF.dylib
0x00007fff39cbe000 	/System/Library/Frameworks/ImageIO.framework/Versions/A/Resources/libJP2.dylib
0x00007fff3a035000 	/System/Library/Frameworks/ImageIO.framework/Versions/A/Resources/libRadiance.dylib
0x00007fff6e900000 	/usr/lib/libexpat.1.dylib
0x00007fff4a54c000 	/System/Library/PrivateFrameworks/AppleJPEG.framework/Versions/A/AppleJPEG
0x00007fff53207000 	/System/Library/PrivateFrameworks/FontServices.framework/libFontParser.dylib
0x00007fff69aad000 	/System/Library/PrivateFrameworks/WatchdogClient.framework/Versions/A/WatchdogClient
0x00007fff5b7ee000 	/System/Library/PrivateFrameworks/IOAccelerator.framework/Versions/A/IOAccelerator
0x00007fff3c544000 	/System/Library/Frameworks/MetalPerformanceShaders.framework/Versions/A/MetalPerformanceShaders
0x00007fff57f84000 	/System/Library/PrivateFrameworks/GPUWrangler.framework/Versions/A/GPUWrangler
0x00007fff5b803000 	/System/Library/PrivateFrameworks/IOPresentment.framework/Versions/A/IOPresentment
0x00007fff50a87000 	/System/Library/PrivateFrameworks/DSExternalDisplay.framework/Versions/A/DSExternalDisplay
0x00007fff40b54000 	/System/Library/Frameworks/OpenGL.framework/Versions/A/Libraries/libCoreFSCache.dylib
0x00007fff3c290000 	/System/Library/Frameworks/MetalPerformanceShaders.framework/Frameworks/MPSCore.framework/Versions/A/MPSCore
0x00007fff3c2ce000 	/System/Library/Frameworks/MetalPerformanceShaders.framework/Frameworks/MPSImage.framework/Versions/A/MPSImage
0x00007fff3c395000 	/System/Library/Frameworks/MetalPerformanceShaders.framework/Frameworks/MPSNeuralNetwork.framework/Versions/A/MPSNeuralNetwork
0x00007fff3c359000 	/System/Library/Frameworks/MetalPerformanceShaders.framework/Frameworks/MPSMatrix.framework/Versions/A/MPSMatrix
0x00007fff3c4f4000 	/System/Library/Frameworks/MetalPerformanceShaders.framework/Frameworks/MPSRayIntersector.framework/Versions/A/MPSRayIntersector
0x00007fff3c37f000 	/System/Library/Frameworks/MetalPerformanceShaders.framework/Frameworks/MPSNDArray.framework/Versions/A/MPSNDArray
0x00007fff5d66c000 	/System/Library/PrivateFrameworks/MetalTools.framework/Versions/A/MetalTools
0x00007fff497fb000 	/System/Library/PrivateFrameworks/AggregateDictionary.framework/Versions/A/AggregateDictionary
0x00007fff4e41a000 	/System/Library/PrivateFrameworks/CoreAnalytics.framework/Versions/A/CoreAnalytics
0x00007fff4a983000 	/System/Library/PrivateFrameworks/AppleSauce.framework/Versions/A/AppleSauce
0x00007fff6d8be000 	/usr/lib/libIOReport.dylib
0x00007fff38c44000 	/System/Library/Frameworks/CoreVideo.framework/Versions/A/CoreVideo
0x00007fff593fd000 	/System/Library/PrivateFrameworks/GraphVisualizer.framework/Versions/A/GraphVisualizer
0x00007fff5274d000 	/System/Library/PrivateFrameworks/FaceCore.framework/Versions/A/FaceCore
0x00007fff4016a000 	/System/Library/Frameworks/OpenCL.framework/Versions/A/OpenCL
0x00007fff6d6e0000 	/usr/lib/libFosl_dynamic.dylib
0x00007fff5eb42000 	/System/Library/PrivateFrameworks/OTSVG.framework/Versions/A/OTSVG
0x00007fff34df9000 	/System/Library/Frameworks/ApplicationServices.framework/Versions/A/Frameworks/ATS.framework/Versions/A/Resources/libFontRegistry.dylib
0x00007fff533d8000 	/System/Library/PrivateFrameworks/FontServices.framework/libhvf.dylib
0x00007fff40b5f000 	/System/Library/Frameworks/OpenGL.framework/Versions/A/Libraries/libGFXShared.dylib
0x00007fff40d3d000 	/System/Library/Frameworks/OpenGL.framework/Versions/A/Libraries/libGLU.dylib
0x00007fff40b68000 	/System/Library/Frameworks/OpenGL.framework/Versions/A/Libraries/libGL.dylib
0x00007fff40b73000 	/System/Library/Frameworks/OpenGL.framework/Versions/A/Libraries/libGLImage.dylib
0x00007fff40b51000 	/System/Library/Frameworks/OpenGL.framework/Versions/A/Libraries/libCVMSPluginSupport.dylib
0x00007fff40b5a000 	/System/Library/Frameworks/OpenGL.framework/Versions/A/Libraries/libCoreVMClient.dylib
0x00007fff6f352000 	/usr/lib/libncurses.5.4.dylib
0x00007fff34cf5000 	/System/Library/Frameworks/ApplicationServices.framework/Versions/A/Frameworks/ATS.framework/Versions/A/ATS
0x00007fff34ec2000 	/System/Library/Frameworks/ApplicationServices.framework/Versions/A/Frameworks/ColorSyncLegacy.framework/Versions/A/ColorSyncLegacy
0x00007fff34f60000 	/System/Library/Frameworks/ApplicationServices.framework/Versions/A/Frameworks/HIServices.framework/Versions/A/HIServices
0x00007fff34fb8000 	/System/Library/Frameworks/ApplicationServices.framework/Versions/A/Frameworks/LangAnalysis.framework/Versions/A/LangAnalysis
0x00007fff34fc7000 	/System/Library/Frameworks/ApplicationServices.framework/Versions/A/Frameworks/PrintCore.framework/Versions/A/PrintCore
0x00007fff3500d000 	/System/Library/Frameworks/ApplicationServices.framework/Versions/A/Frameworks/QD.framework/Versions/A/QD
0x00007fff35018000 	/System/Library/Frameworks/ApplicationServices.framework/Versions/A/Frameworks/SpeechSynthesis.framework/Versions/A/SpeechSynthesis
0x00007fff34e92000 	/System/Library/Frameworks/ApplicationServices.framework/Versions/A/Frameworks/ATSUI.framework/Versions/A/ATSUI
0x00007fff6e796000 	/usr/lib/libcups.2.dylib
0x00007fff3b5df000 	/System/Library/Frameworks/Kerberos.framework/Versions/A/Kerberos
0x00007fff39720000 	/System/Library/Frameworks/GSS.framework/Versions/A/GSS
0x00007fff6fad5000 	/usr/lib/libresolv.9.dylib
0x00007fff595aa000 	/System/Library/PrivateFrameworks/Heimdal.framework/Versions/A/Heimdal
0x00007fff3b5f2000 	/System/Library/Frameworks/Kerberos.framework/Versions/A/Libraries/libHeimdalProxy.dylib
0x00007fff6e93d000 	/usr/lib/libheimdal-asn1.dylib
0x00007fff4d8b2000 	/System/Library/PrivateFrameworks/CommonAuth.framework/Versions/A/CommonAuth
0x00007fff4ab01000 	/System/Library/PrivateFrameworks/AssertionServices.framework/Versions/A/AssertionServices
0x00007fff4b6a4000 	/System/Library/PrivateFrameworks/AudioToolboxCore.framework/Versions/A/AudioToolboxCore
0x00007fff6a75b000 	/System/Library/PrivateFrameworks/caulk.framework/Versions/A/caulk
0x00007fff4bc6d000 	/System/Library/PrivateFrameworks/BaseBoard.framework/Versions/A/BaseBoard
0x00007fff62da5000 	/System/Library/PrivateFrameworks/RunningBoardServices.framework/Versions/A/RunningBoardServices
0x00007fff5fdb6000 	/System/Library/PrivateFrameworks/PersistentConnection.framework/Versions/A/PersistentConnection
0x00007fff6279e000 	/System/Library/PrivateFrameworks/ProtocolBuffer.framework/Versions/A/ProtocolBuffer
0x00007fff4d8d6000 	/System/Library/PrivateFrameworks/CommonUtilities.framework/Versions/A/CommonUtilities
0x00007fff4bdfb000 	/System/Library/PrivateFrameworks/Bom.framework/Versions/A/Bom
0x00007fff6d591000 	/usr/lib/libAudioToolboxUtility.dylib
0x00007fff4bbcb000 	/System/Library/PrivateFrameworks/Backup.framework/Versions/A/Backup
0x00007fff509a8000 	/System/Library/PrivateFrameworks/CrashReporterSupport.framework/Versions/A/CrashReporterSupport
0x00007fff64837000 	/System/Library/PrivateFrameworks/Sharing.framework/Versions/A/Sharing
0x00007fff4a10f000 	/System/Library/PrivateFrameworks/Apple80211.framework/Versions/A/Apple80211
0x00007fff4b8e8000 	/System/Library/PrivateFrameworks/AuthKit.framework/Versions/A/AuthKit
0x00007fff506b5000 	/System/Library/PrivateFrameworks/CoreUtils.framework/Versions/A/CoreUtils
0x00007fff38c89000 	/System/Library/Frameworks/CoreWLAN.framework/Versions/A/CoreWLAN
0x00007fff398ad000 	/System/Library/Frameworks/IOBluetooth.framework/Versions/A/IOBluetooth
0x00007fff5d971000 	/System/Library/PrivateFrameworks/MobileKeyBag.framework/Versions/A/MobileKeyBag
0x00007fff4f4ba000 	/System/Library/PrivateFrameworks/CorePhoneNumbers.framework/Versions/A/CorePhoneNumbers
0x00007fff4a4ff000 	/System/Library/PrivateFrameworks/AppleIDAuthSupport.framework/Versions/A/AppleIDAuthSupport
0x00007fff3d5e1000 	/System/Library/Frameworks/Network.framework/Versions/A/Network
0x00007fff5c03f000 	/System/Library/PrivateFrameworks/KeychainCircle.framework/Versions/A/KeychainCircle
0x00007fff366da000 	/System/Library/Frameworks/CoreBluetooth.framework/Versions/A/CoreBluetooth
0x00007fff668b6000 	/System/Library/PrivateFrameworks/SpeechRecognitionCore.framework/Versions/A/SpeechRecognitionCore
0x0000000105800000 	/Users/kylebendickson/Library/Java/JavaVirtualMachines/corretto-1.8.0_312/Contents/Home/jre/lib/server/libjvm.dylib
0x0000000103663000 	/Users/kylebendickson/Library/Java/JavaVirtualMachines/corretto-1.8.0_312/Contents/Home/jre/lib/libverify.dylib
0x0000000103677000 	/Users/kylebendickson/Library/Java/JavaVirtualMachines/corretto-1.8.0_312/Contents/Home/jre/lib/libjava.dylib
0x00000001036f9000 	/Users/kylebendickson/Library/Java/JavaVirtualMachines/corretto-1.8.0_312/Contents/Home/jre/lib/libzip.dylib
0x0000000103778000 	/Users/kylebendickson/Library/Java/JavaVirtualMachines/corretto-1.8.0_312/Contents/Home/jre/lib/libnio.dylib
0x0000000103790000 	/Users/kylebendickson/Library/Java/JavaVirtualMachines/corretto-1.8.0_312/Contents/Home/jre/lib/libnet.dylib
0x000000010f6cb000 	/Users/kylebendickson/Library/Java/JavaVirtualMachines/corretto-1.8.0_312/Contents/Home/jre/lib/libmanagement.dylib
0x000000010f6df000 	/Users/kylebendickson/Library/Java/JavaVirtualMachines/corretto-1.8.0_312/Contents/Home/jre/lib/libosx.dylib
0x000000010f6f7000 	/Users/kylebendickson/Library/Java/JavaVirtualMachines/corretto-1.8.0_312/Contents/Home/jre/lib/libosxapp.dylib
0x00007fff3b5c9000 	/System/Library/Frameworks/JavaVM.framework/Versions/A/Frameworks/JavaNativeFoundation.framework/Versions/A/JavaNativeFoundation
0x00007fff3b5d2000 	/System/Library/Frameworks/JavaVM.framework/Versions/A/Frameworks/JavaRuntimeSupport.framework/Versions/A/JavaRuntimeSupport
0x00007fff358ab000 	/System/Library/Frameworks/Carbon.framework/Versions/A/Carbon
0x00007fff39189000 	/System/Library/Frameworks/ExceptionHandling.framework/Versions/A/ExceptionHandling
0x00007fff358ac000 	/System/Library/Frameworks/Carbon.framework/Versions/A/Frameworks/CommonPanels.framework/Versions/A/CommonPanels
0x00007fff35ba5000 	/System/Library/Frameworks/Carbon.framework/Versions/A/Frameworks/Help.framework/Versions/A/Help
0x00007fff35ba9000 	/System/Library/Frameworks/Carbon.framework/Versions/A/Frameworks/ImageCapture.framework/Versions/A/ImageCapture
0x00007fff35bb0000 	/System/Library/Frameworks/Carbon.framework/Versions/A/Frameworks/OpenScripting.framework/Versions/A/OpenScripting
0x00007fff35baf000 	/System/Library/Frameworks/Carbon.framework/Versions/A/Frameworks/Ink.framework/Versions/A/Ink
0x00007fff35beb000 	/System/Library/Frameworks/Carbon.framework/Versions/A/Frameworks/Print.framework/Versions/A/Print
0x00007fff35bec000 	/System/Library/Frameworks/Carbon.framework/Versions/A/Frameworks/SecurityHI.framework/Versions/A/SecurityHI
0x00007fff3b5da000 	/System/Library/Frameworks/JavaVM.framework/Versions/A/JavaVM
0x00007fff5be56000 	/System/Library/PrivateFrameworks/JavaLaunching.framework/Versions/A/JavaLaunching
0x00007fff5045a000 	/System/Library/PrivateFrameworks/CoreSymbolication.framework/Versions/A/CoreSymbolication
0x00007fff50bdc000 	/System/Library/PrivateFrameworks/DebugSymbols.framework/Versions/A/DebugSymbols
0x000000010f727000 	/Users/kylebendickson/Library/Java/JavaVirtualMachines/corretto-1.8.0_312/Contents/Home/jre/lib/libjaas_unix.dylib
0x000000010f737000 	/private/var/folders/ry/c84wjq4j2tlc6vv6yk1prqsh0000gn/T/snappy-1.1.8-357021e2-d213-47e4-afe5-d7ef448223d8-libsnappyjava.jnilib
0x000000010f77a000 	/Users/kylebendickson/Library/Java/JavaVirtualMachines/corretto-1.8.0_312/Contents/Home/jre/lib/libsunec.dylib
0x000000010f7ad000 	/private/var/folders/ry/c84wjq4j2tlc6vv6yk1prqsh0000gn/T/libjansi-64-7917656524299505309.jnilib

VM Arguments:
jvm_args: -Djava.security.manager=worker.org.gradle.process.internal.worker.child.BootstrapSecurityManager -Dorg.gradle.internal.worker.tmpdir=/Users/kylebendickson/repos/dependency_hell_iceberg_fix/iceberg/mr/build/tmp/test/work -Dorg.gradle.native=false -Xmx2500m -Xbootclasspath:/Users/kylebendickson/.gradle/caches/modules-2/files-2.1/com.google.errorprone/javac/9+181-r4173-1/bdf4c0aa7d540ee1f7bf14d47447aea4bbf450c5/javac-9+181-r4173-1.jar:/Users/kylebendickson/Library/Java/JavaVirtualMachines/corretto-1.8.0_312/Contents/Home/jre/lib/resources.jar:/Users/kylebendickson/Library/Java/JavaVirtualMachines/corretto-1.8.0_312/Contents/Home/jre/lib/rt.jar:/Users/kylebendickson/Library/Java/JavaVirtualMachines/corretto-1.8.0_312/Contents/Home/jre/lib/sunrsasign.jar:/Users/kylebendickson/Library/Java/JavaVirtualMachines/corretto-1.8.0_312/Contents/Home/jre/lib/jsse.jar:/Users/kylebendickson/Library/Java/JavaVirtualMachines/corretto-1.8.0_312/Contents/Home/jre/lib/jce.jar:/Users/kylebendickson/Library/Java/JavaVirtualMachines/corretto-1.8.0_312/Contents/Home/jre/lib/charsets.jar:/Users/kylebendickson/Library/Java/JavaVirtualMachines/corretto-1.8.0_312/Contents/Home/jre/lib/jfr.jar:/Users/kylebendickson/Library/Java/JavaVirtualMachines/corretto-1.8.0_312/Contents/Home/jre/classes -Dfile.encoding=UTF-8 -Duser.country=US -Duser.language=en -Duser.variant -ea 
java_command: worker.org.gradle.process.internal.worker.GradleWorkerMain 'Gradle Test Executor 134'
java_class_path (initial): /Users/kylebendickson/.gradle/caches/7.4.1/workerMain/gradle-worker.jar
Launcher Type: SUN_STANDARD

Environment Variables:
JAVA_HOME=/Users/kylebendickson/Library/Java/JavaVirtualMachines/corretto-1.8.0_312/Contents/Home
PATH=/Users/kylebendickson/google-cloud-sdk/bin:/Users/kylebendickson/.krew/bin:/usr/local/opt/scala@2.12/bin:/usr/local/Cellar/pyenv-virtualenv/1.1.5/shims:/usr/local/anaconda3/bin:/Users/kylebendickson/Library/Python/2.7/bin:/usr/local/bin:/usr/bin:/bin:/usr/sbin:/sbin:/Users/kylebendickson/.cargo/bin
SHELL=/bin/zsh

Signal Handlers:
SIGSEGV: [libjvm.dylib+0x573377], sa_mask[0]=11111111011111110111111111111111, sa_flags=SA_ONSTACK|SA_RESTART|SA_SIGINFO
SIGBUS: [libjvm.dylib+0x573377], sa_mask[0]=11111111011111110111111111111111, sa_flags=SA_RESTART|SA_SIGINFO
SIGFPE: [libjvm.dylib+0x46e85b], sa_mask[0]=11111111011111110111111111111111, sa_flags=SA_RESTART|SA_SIGINFO
SIGPIPE: [libjvm.dylib+0x46e85b], sa_mask[0]=11111111011111110111111111111111, sa_flags=SA_RESTART|SA_SIGINFO
SIGXFSZ: [libjvm.dylib+0x46e85b], sa_mask[0]=11111111011111110111111111111111, sa_flags=SA_RESTART|SA_SIGINFO
SIGILL: [libjvm.dylib+0x46e85b], sa_mask[0]=11111111011111110111111111111111, sa_flags=SA_RESTART|SA_SIGINFO
SIGUSR1: SIG_DFL, sa_mask[0]=00000000000000000000000000000000, sa_flags=SA_RESTART
SIGUSR2: [libjvm.dylib+0x46f13a], sa_mask[0]=00100000000000000000000000000000, sa_flags=SA_RESTART|SA_SIGINFO
SIGHUP: [libjvm.dylib+0x46d36f], sa_mask[0]=11111111011111110111111111111111, sa_flags=SA_RESTART|SA_SIGINFO
SIGINT: [libjvm.dylib+0x46d36f], sa_mask[0]=11111111011111110111111111111111, sa_flags=SA_RESTART|SA_SIGINFO
SIGTERM: [libjvm.dylib+0x46d36f], sa_mask[0]=11111111011111110111111111111111, sa_flags=SA_RESTART|SA_SIGINFO
SIGQUIT: [libjvm.dylib+0x46d36f], sa_mask[0]=11111111011111110111111111111111, sa_flags=SA_RESTART|SA_SIGINFO


---------------  S Y S T E M  ---------------

OS:Bsduname:Darwin 19.6.0 Darwin Kernel Version 19.6.0: Mon Aug 31 22:12:52 PDT 2020; root:xnu-6153.141.2~1/RELEASE_X86_64 x86_64
rlimit: STACK 8192k, CORE 0k, NPROC 11136, NOFILE 10240, AS infinity
load average:28.03 55.75 59.32

CPU:total 16 (initial active 16) (8 cores per cpu, 2 threads per core) family 6 model 158 stepping 13, cmov, cx8, fxsr, mmx, sse, sse2, sse3, ssse3, sse4.1, sse4.2, popcnt, avx, avx2, aes, clmul, erms, 3dnowpref, lzcnt, ht, tsc, tscinvbit, bmi1, bmi2, adx

Memory: 4k page, physical 67108864k(3683312k free)

/proc/meminfo:


vm_info: OpenJDK 64-Bit Server VM (25.312-b07) for bsd-amd64 JRE (1.8.0_312-b07), built on Oct 14 2021 21:08:52 by "ec2-user" with gcc Apple LLVM 13.0.0 (clang-1300.0.29.3)

time: Wed Mar 16 18:32:18 2022
timezone: PDT
elapsed time: 303.817454 seconds (0d 0h 5m 3s)

