#
# A fatal error has been detected by the Java Runtime Environment:
#
#  SIGBUS (0xa) at pc=0x00007fff70d7f929, pid=35507, tid=0x000000000001dbcf
#
# JRE version: OpenJDK Runtime Environment (8.0_312-b07) (build 1.8.0_312-b07)
# Java VM: OpenJDK 64-Bit Server VM (25.312-b07 mixed mode bsd-amd64 compressed oops)
# Problematic frame:
# C  [libsystem_platform.dylib+0x929]  _platform_memmove$VARIANT$Haswell+0x29
#
# Failed to write core dump. Core dumps have been disabled. To enable core dumping, try "ulimit -c unlimited" before starting Java again
#
# If you would like to submit a bug report, please visit:
#   https://github.com/corretto/corretto-8/issues/
# The crash happened outside the Java Virtual Machine in native code.
# See problematic frame for where to report the bug.
#

---------------  T H R E A D  ---------------

Current thread (0x00007fafaf5aa000):  JavaThread "IcebergStreamWriter (1/1)#0" [_thread_in_native, id=121807, stack(0x0000700010fe0000,0x00007000110e0000)]

siginfo: si_signo: 10 (SIGBUS), si_code: 2 (BUS_ADRERR), si_addr: 0x0000000109971000

Registers:
RAX=0x00007faf1e257c02, RBX=0x000000000000616c, RCX=0x000000000000366d, RDX=0x000000000000616c
RSP=0x00007000110dc970, RBP=0x00007000110dc970, RSI=0x0000000109971000, RDI=0x00007faf1e25a701
R8 =0x0000000000001719, R9 =0x0000000000000000, R10=0x00000000000012ae, R11=0x00007fae148e9701
R12=0x00007fafaff584d0, R13=0x00007faf1e257c00, R14=0x000000000000616c, R15=0x00000001099681a5
RIP=0x00007fff70d7f929, EFLAGS=0x0000000000010206, ERR=0x0000000000000004
  TRAPNO=0x000000000000000e

Top of Stack: (sp=0x00007000110dc970)
0x00007000110dc970:   00007000110dca00 0000000108f24c53
0x00007000110dc980:   0000000074697369 000000003124726f
0x00007000110dc990:   00000001099681d3 00007fafb9707a00
0x00007000110dc9a0:   0000000000000061 0000000000080800
0x00007000110dc9b0:   00007faf7dc12540 0000000000007373
0x00007000110dc9c0:   0000000008bdd858 000000000000632e
0x00007000110dc9d0:   000000010996e501 0000000051bc6fa8
0x00007000110dc9e0:   00007000110dca70 00007fafa9f05c60
0x00007000110dc9f0:   0000000000001190 00007fafb18dc200
0x00007000110dca00:   00007000110dca50 0000000108f2490f
0x00007000110dca10:   00000001af5aa000 00007faf7dc12540
0x00007000110dca20:   0000000000000035 00007000110dca70
0x00007000110dca30:   00007fafaf5aa250 0000000000000035
0x00007000110dca40:   00007000110dcec8 00007faf7dc12540
0x00007000110dca50:   00007000110dceb0 0000000108f233b7
0x00007000110dca60:   00007fafa9c9a5c0 00000001b5a39d10
0x00007000110dca70:   636170612f67726f 65626563692f6568
0x00007000110dca80:   2f6f7276612f6772 6c6544246f727641
0x00007000110dca90:   6574697257657465 2e7265646c697542
0x00007000110dcaa0:   0000007373616c63 00007faf7d9823c0
0x00007000110dcab0:   000000011be043d8 00000007b7e9e3e8
0x00007000110dcac0:   00007000110dcfa0 000000010c26efcc
0x00007000110dcad0:   0000000000000000 00007000110dce20
0x00007000110dcae0:   000000010be468e0 000000010be0045f
0x00007000110dcaf0:   000000011be043d8 00007fafaf5aa000
0x00007000110dcb00:   0000000000000000 0000000000000000
0x00007000110dcb10:   000000011be043d8 00007fafaf5aa000
0x00007000110dcb20:   0000000000000000 0000000000000000
0x00007000110dcb30:   000000011be043d8 00007fafaf5aa000
0x00007000110dcb40:   0000000108a6f97e 0000000000000008
0x00007000110dcb50:   00007000110dcc48 00007000110dce28
0x00007000110dcb60:   000000000000deab 00007fafa9c9a620 

Instructions: (pc=0x00007fff70d7f929)
0x00007fff70d7f909:   f3 48 89 f8 49 39 d3 72 1b 48 83 fa 60 76 2f 48
0x00007fff70d7f919:   81 fa 00 40 00 00 0f 82 cb 00 00 00 48 89 d1 fc
0x00007fff70d7f929:   f3 a4 5d c3 48 39 fe 74 f9 48 01 d6 48 01 d7 48
0x00007fff70d7f939:   83 fa 60 0f 82 8c 01 00 00 e9 a9 01 00 00 48 83 

Register to memory mapping:

RAX=0x00007faf1e257c02 is an unknown value
RBX=0x000000000000616c is an unknown value
RCX=0x000000000000366d is an unknown value
RDX=0x000000000000616c is an unknown value
RSP=0x00007000110dc970 is pointing into the stack for thread: 0x00007fafaf5aa000
RBP=0x00007000110dc970 is pointing into the stack for thread: 0x00007fafaf5aa000
RSI=0x0000000109971000 is an unknown value
RDI=0x00007faf1e25a701 is an unknown value
R8 =0x0000000000001719 is an unknown value
R9 =0x0000000000000000 is an unknown value
R10=0x00000000000012ae is an unknown value
R11=0x00007fae148e9701 is an unknown value
R12=0x00007fafaff584d0 is an unknown value
R13=0x00007faf1e257c00 is an unknown value
R14=0x000000000000616c is an unknown value
R15=0x00000001099681a5 is an unknown value


Stack: [0x0000700010fe0000,0x00007000110e0000],  sp=0x00007000110dc970,  free space=1010k
Native frames: (J=compiled Java code, j=interpreted, Vv=VM code, C=native code)
C  [libsystem_platform.dylib+0x929]  _platform_memmove$VARIANT$Haswell+0x29
C  [libzip.dylib+0x6c53]  newEntry+0x223
C  [libzip.dylib+0x690f]  ZIP_GetEntry2+0xde
C  [libzip.dylib+0x53b7]  Java_java_util_zip_ZipFile_getEntry+0x97
J 142  java.util.zip.ZipFile.getEntry(J[BZ)J (0 bytes) @ 0x000000010c110e4e [0x000000010c110d80+0xce]
J 3425 C2 java.util.jar.JarFile.getJarEntry(Ljava/lang/String;)Ljava/util/jar/JarEntry; (9 bytes) @ 0x000000010c3c2fb8 [0x000000010c3c2c40+0x378]
J 5401 C2 sun.misc.URLClassPath$JarLoader.getResource(Ljava/lang/String;Z)Lsun/misc/Resource; (85 bytes) @ 0x000000010cde336c [0x000000010cde3300+0x6c]
J 1140 C2 sun.misc.URLClassPath.getResource(Ljava/lang/String;Z)Lsun/misc/Resource; (83 bytes) @ 0x000000010c3f9270 [0x000000010c3f8e00+0x470]
J 6722 C2 java.net.URLClassLoader$1.run()Ljava/lang/Object; (5 bytes) @ 0x000000010d350f48 [0x000000010d350a40+0x508]
v  ~StubRoutines::call_stub
V  [libjvm.dylib+0x2c40cc]  JavaCalls::call_helper(JavaValue*, methodHandle*, JavaCallArguments*, Thread*)+0x688
V  [libjvm.dylib+0x32abe0]  JVM_DoPrivileged+0x60a
J 230  java.security.AccessController.doPrivileged(Ljava/security/PrivilegedExceptionAction;Ljava/security/AccessControlContext;)Ljava/lang/Object; (0 bytes) @ 0x000000010c149e95 [0x000000010c149dc0+0xd5]
J 2417 C2 java.net.URLClassLoader.findClass(Ljava/lang/String;)Ljava/lang/Class; (47 bytes) @ 0x000000010c19a07c [0x000000010c199fe0+0x9c]
J 11661 C2 java.lang.ClassLoader.loadClass(Ljava/lang/String;Z)Ljava/lang/Class; (122 bytes) @ 0x000000010cd5edb0 [0x000000010cd5ea80+0x330]
J 9529 C2 sun.misc.Launcher$AppClassLoader.loadClass(Ljava/lang/String;Z)Ljava/lang/Class; (85 bytes) @ 0x000000010d82c190 [0x000000010d82c000+0x190]
J 2553 C2 java.lang.ClassLoader.loadClass(Ljava/lang/String;)Ljava/lang/Class; (7 bytes) @ 0x000000010c110120 [0x000000010c1100e0+0x40]
v  ~StubRoutines::call_stub
V  [libjvm.dylib+0x2c40cc]  JavaCalls::call_helper(JavaValue*, methodHandle*, JavaCallArguments*, Thread*)+0x688
V  [libjvm.dylib+0x2c2f19]  JavaCalls::call_virtual(JavaValue*, KlassHandle, Symbol*, Symbol*, JavaCallArguments*, Thread*)+0x119
V  [libjvm.dylib+0x2c31e8]  JavaCalls::call_virtual(JavaValue*, Handle, KlassHandle, Symbol*, Symbol*, Handle, Thread*)+0x64
V  [libjvm.dylib+0x514942]  SystemDictionary::load_instance_class(Symbol*, Handle, Thread*)+0x2f8
V  [libjvm.dylib+0x513b8c]  SystemDictionary::resolve_instance_class_or_null(Symbol*, Handle, Handle, Thread*)+0x5ee
V  [libjvm.dylib+0x5131df]  SystemDictionary::resolve_or_fail(Symbol*, Handle, Handle, bool, Thread*)+0x1b
V  [libjvm.dylib+0x1be1f6]  ConstantPool::klass_at_impl(constantPoolHandle, int, Thread*)+0x244
V  [libjvm.dylib+0x4b3f81]  ConstantPool::klass_at(int, Thread*)+0x71
V  [libjvm.dylib+0x2bb379]  InterpreterRuntime::_new(JavaThread*, ConstantPool*, int)+0x2d
j  org.apache.iceberg.avro.Avro.writeDeletes(Lorg/apache/iceberg/io/OutputFile;)Lorg/apache/iceberg/avro/Avro$DeleteWriteBuilder;+0
j  org.apache.iceberg.flink.sink.FlinkAppenderFactory.newEqDeleteWriter(Lorg/apache/iceberg/encryption/EncryptedOutputFile;Lorg/apache/iceberg/FileFormat;Lorg/apache/iceberg/StructLike;)Lorg/apache/iceberg/deletes/EqualityDeleteWriter;+86
j  org.apache.iceberg.io.BaseTaskWriter$RollingEqDeleteWriter.newWriter(Lorg/apache/iceberg/encryption/EncryptedOutputFile;Lorg/apache/iceberg/StructLike;)Lorg/apache/iceberg/deletes/EqualityDeleteWriter;+16
j  org.apache.iceberg.io.BaseTaskWriter$RollingEqDeleteWriter.newWriter(Lorg/apache/iceberg/encryption/EncryptedOutputFile;Lorg/apache/iceberg/StructLike;)Ljava/io/Closeable;+3
J 43004 C1 org.apache.iceberg.io.BaseTaskWriter$BaseRollingWriter.openCurrent()V (64 bytes) @ 0x0000000113324b7c [0x0000000113323d40+0xe3c]
J 43002 C1 org.apache.iceberg.io.BaseTaskWriter$BaseRollingWriter.<init>(Lorg/apache/iceberg/io/BaseTaskWriter;Lorg/apache/iceberg/StructLike;Lorg/apache/iceberg/io/BaseTaskWriter$1;)V (7 bytes) @ 0x0000000113318ab4 [0x0000000113318940+0x174]
j  org.apache.iceberg.io.BaseTaskWriter$RollingEqDeleteWriter.<init>(Lorg/apache/iceberg/io/BaseTaskWriter;Lorg/apache/iceberg/StructLike;)V+9
j  org.apache.iceberg.io.BaseTaskWriter$BaseEqualityDeltaWriter.<init>(Lorg/apache/iceberg/io/BaseTaskWriter;Lorg/apache/iceberg/StructLike;Lorg/apache/iceberg/Schema;Lorg/apache/iceberg/Schema;)V+54
j  org.apache.iceberg.flink.sink.BaseDeltaTaskWriter$RowDataDeltaWriter.<init>(Lorg/apache/iceberg/flink/sink/BaseDeltaTaskWriter;Lorg/apache/iceberg/PartitionKey;)V+16
j  org.apache.iceberg.flink.sink.PartitionedDeltaWriter.route(Lorg/apache/flink/table/data/RowData;)Lorg/apache/iceberg/flink/sink/BaseDeltaTaskWriter$RowDataDeltaWriter;+50
j  org.apache.iceberg.flink.sink.BaseDeltaTaskWriter.write(Lorg/apache/flink/table/data/RowData;)V+2
j  org.apache.iceberg.flink.sink.BaseDeltaTaskWriter.write(Ljava/lang/Object;)V+5
J 43869 C2 org.apache.iceberg.flink.sink.IcebergStreamWriter.processElement(Lorg/apache/flink/streaming/runtime/streamrecord/StreamRecord;)V (14 bytes) @ 0x00000001136540c4 [0x00000001136537e0+0x8e4]
J 35377 C2 org.apache.flink.streaming.runtime.tasks.OneInputStreamTask$StreamTaskNetworkOutput.emitRecord(Lorg/apache/flink/streaming/runtime/streamrecord/StreamRecord;)V (30 bytes) @ 0x0000000111dddea8 [0x0000000111ddde20+0x88]
J 47865 C1 org.apache.flink.streaming.runtime.io.AbstractStreamTaskNetworkInput.processElement(Lorg/apache/flink/streaming/runtime/streamrecord/StreamElement;Lorg/apache/flink/streaming/runtime/io/PushingAsyncDataInput$DataOutput;)V (133 bytes) @ 0x000000010c730024 [0x000000010c72eaa0+0x1584]
J 39560 C1 org.apache.flink.streaming.runtime.io.AbstractStreamTaskNetworkInput.emitNext(Lorg/apache/flink/streaming/runtime/io/PushingAsyncDataInput$DataOutput;)Lorg/apache/flink/streaming/runtime/io/DataInputStatus; (180 bytes) @ 0x000000010f3ab14c [0x000000010f3a93c0+0x1d8c]
J 51271 C1 org.apache.flink.streaming.runtime.io.StreamOneInputProcessor.processInput()Lorg/apache/flink/streaming/runtime/io/DataInputStatus; (94 bytes) @ 0x000000011219495c [0x0000000112194840+0x11c]
J 48021 C2 org.apache.flink.streaming.runtime.tasks.StreamTask.processInput(Lorg/apache/flink/streaming/runtime/tasks/mailbox/MailboxDefaultAction$Controller;)V (205 bytes) @ 0x00000001145049b4 [0x0000000114504960+0x54]
J 36959 C2 org.apache.flink.streaming.runtime.tasks.mailbox.MailboxProcessor.runMailboxLoop()V (104 bytes) @ 0x000000010c19d3b0 [0x000000010c19d2a0+0x110]
J 41065 C1 org.apache.flink.streaming.runtime.tasks.StreamTask.invoke()V (42 bytes) @ 0x0000000112ccc4f4 [0x0000000112ccc160+0x394]
J 44627 C1 org.apache.flink.runtime.taskmanager.Task.restoreAndInvoke(Lorg/apache/flink/runtime/jobgraph/tasks/TaskInvokable;)V (111 bytes) @ 0x00000001138d853c [0x00000001138d7280+0x12bc]
J 42929 C1 org.apache.flink.runtime.taskmanager.Task.doRun()V (1621 bytes) @ 0x00000001132d57d4 [0x00000001132d1ec0+0x3914]
J 44619 C1 org.apache.flink.runtime.taskmanager.Task.run()V (35 bytes) @ 0x00000001107b880c [0x00000001107b8780+0x8c]
J 51582 C2 java.lang.Thread.run()V (17 bytes) @ 0x000000010f68f9ec [0x000000010f68f9a0+0x4c]
v  ~StubRoutines::call_stub
V  [libjvm.dylib+0x2c40cc]  JavaCalls::call_helper(JavaValue*, methodHandle*, JavaCallArguments*, Thread*)+0x688
V  [libjvm.dylib+0x2c2f19]  JavaCalls::call_virtual(JavaValue*, KlassHandle, Symbol*, Symbol*, JavaCallArguments*, Thread*)+0x119
V  [libjvm.dylib+0x2c3165]  JavaCalls::call_virtual(JavaValue*, Handle, KlassHandle, Symbol*, Symbol*, Thread*)+0x57
V  [libjvm.dylib+0x332690]  thread_entry(JavaThread*, Thread*)+0x78
V  [libjvm.dylib+0x536fb3]  JavaThread::thread_main_inner()+0x89
V  [libjvm.dylib+0x536e71]  JavaThread::run()+0x171
V  [libjvm.dylib+0x46c41e]  java_start(Thread*)+0xf1
C  [libsystem_pthread.dylib+0x6109]  _pthread_start+0x94
C  [libsystem_pthread.dylib+0x1b8b]  thread_start+0xf
C  0x0000000000000000

Java frames: (J=compiled Java code, j=interpreted, Vv=VM code)
J 142  java.util.zip.ZipFile.getEntry(J[BZ)J (0 bytes) @ 0x000000010c110dd8 [0x000000010c110d80+0x58]
J 3425 C2 java.util.jar.JarFile.getJarEntry(Ljava/lang/String;)Ljava/util/jar/JarEntry; (9 bytes) @ 0x000000010c3c2fb8 [0x000000010c3c2c40+0x378]
J 5401 C2 sun.misc.URLClassPath$JarLoader.getResource(Ljava/lang/String;Z)Lsun/misc/Resource; (85 bytes) @ 0x000000010cde336c [0x000000010cde3300+0x6c]
J 1140 C2 sun.misc.URLClassPath.getResource(Ljava/lang/String;Z)Lsun/misc/Resource; (83 bytes) @ 0x000000010c3f9270 [0x000000010c3f8e00+0x470]
J 6722 C2 java.net.URLClassLoader$1.run()Ljava/lang/Object; (5 bytes) @ 0x000000010d350f48 [0x000000010d350a40+0x508]
v  ~StubRoutines::call_stub
J 230  java.security.AccessController.doPrivileged(Ljava/security/PrivilegedExceptionAction;Ljava/security/AccessControlContext;)Ljava/lang/Object; (0 bytes) @ 0x000000010c149e23 [0x000000010c149dc0+0x63]
J 2417 C2 java.net.URLClassLoader.findClass(Ljava/lang/String;)Ljava/lang/Class; (47 bytes) @ 0x000000010c19a07c [0x000000010c199fe0+0x9c]
J 11661 C2 java.lang.ClassLoader.loadClass(Ljava/lang/String;Z)Ljava/lang/Class; (122 bytes) @ 0x000000010cd5edb0 [0x000000010cd5ea80+0x330]
J 9529 C2 sun.misc.Launcher$AppClassLoader.loadClass(Ljava/lang/String;Z)Ljava/lang/Class; (85 bytes) @ 0x000000010d82c190 [0x000000010d82c000+0x190]
J 2553 C2 java.lang.ClassLoader.loadClass(Ljava/lang/String;)Ljava/lang/Class; (7 bytes) @ 0x000000010c110120 [0x000000010c1100e0+0x40]
v  ~StubRoutines::call_stub
j  org.apache.iceberg.avro.Avro.writeDeletes(Lorg/apache/iceberg/io/OutputFile;)Lorg/apache/iceberg/avro/Avro$DeleteWriteBuilder;+0
j  org.apache.iceberg.flink.sink.FlinkAppenderFactory.newEqDeleteWriter(Lorg/apache/iceberg/encryption/EncryptedOutputFile;Lorg/apache/iceberg/FileFormat;Lorg/apache/iceberg/StructLike;)Lorg/apache/iceberg/deletes/EqualityDeleteWriter;+86
j  org.apache.iceberg.io.BaseTaskWriter$RollingEqDeleteWriter.newWriter(Lorg/apache/iceberg/encryption/EncryptedOutputFile;Lorg/apache/iceberg/StructLike;)Lorg/apache/iceberg/deletes/EqualityDeleteWriter;+16
j  org.apache.iceberg.io.BaseTaskWriter$RollingEqDeleteWriter.newWriter(Lorg/apache/iceberg/encryption/EncryptedOutputFile;Lorg/apache/iceberg/StructLike;)Ljava/io/Closeable;+3
J 43004 C1 org.apache.iceberg.io.BaseTaskWriter$BaseRollingWriter.openCurrent()V (64 bytes) @ 0x0000000113324b7c [0x0000000113323d40+0xe3c]
J 43002 C1 org.apache.iceberg.io.BaseTaskWriter$BaseRollingWriter.<init>(Lorg/apache/iceberg/io/BaseTaskWriter;Lorg/apache/iceberg/StructLike;Lorg/apache/iceberg/io/BaseTaskWriter$1;)V (7 bytes) @ 0x0000000113318ab4 [0x0000000113318940+0x174]
j  org.apache.iceberg.io.BaseTaskWriter$RollingEqDeleteWriter.<init>(Lorg/apache/iceberg/io/BaseTaskWriter;Lorg/apache/iceberg/StructLike;)V+9
j  org.apache.iceberg.io.BaseTaskWriter$BaseEqualityDeltaWriter.<init>(Lorg/apache/iceberg/io/BaseTaskWriter;Lorg/apache/iceberg/StructLike;Lorg/apache/iceberg/Schema;Lorg/apache/iceberg/Schema;)V+54
j  org.apache.iceberg.flink.sink.BaseDeltaTaskWriter$RowDataDeltaWriter.<init>(Lorg/apache/iceberg/flink/sink/BaseDeltaTaskWriter;Lorg/apache/iceberg/PartitionKey;)V+16
j  org.apache.iceberg.flink.sink.PartitionedDeltaWriter.route(Lorg/apache/flink/table/data/RowData;)Lorg/apache/iceberg/flink/sink/BaseDeltaTaskWriter$RowDataDeltaWriter;+50
j  org.apache.iceberg.flink.sink.BaseDeltaTaskWriter.write(Lorg/apache/flink/table/data/RowData;)V+2
j  org.apache.iceberg.flink.sink.BaseDeltaTaskWriter.write(Ljava/lang/Object;)V+5
J 43869 C2 org.apache.iceberg.flink.sink.IcebergStreamWriter.processElement(Lorg/apache/flink/streaming/runtime/streamrecord/StreamRecord;)V (14 bytes) @ 0x00000001136540c4 [0x00000001136537e0+0x8e4]
J 35377 C2 org.apache.flink.streaming.runtime.tasks.OneInputStreamTask$StreamTaskNetworkOutput.emitRecord(Lorg/apache/flink/streaming/runtime/streamrecord/StreamRecord;)V (30 bytes) @ 0x0000000111dddea8 [0x0000000111ddde20+0x88]
J 47865 C1 org.apache.flink.streaming.runtime.io.AbstractStreamTaskNetworkInput.processElement(Lorg/apache/flink/streaming/runtime/streamrecord/StreamElement;Lorg/apache/flink/streaming/runtime/io/PushingAsyncDataInput$DataOutput;)V (133 bytes) @ 0x000000010c730024 [0x000000010c72eaa0+0x1584]
J 39560 C1 org.apache.flink.streaming.runtime.io.AbstractStreamTaskNetworkInput.emitNext(Lorg/apache/flink/streaming/runtime/io/PushingAsyncDataInput$DataOutput;)Lorg/apache/flink/streaming/runtime/io/DataInputStatus; (180 bytes) @ 0x000000010f3ab14c [0x000000010f3a93c0+0x1d8c]
J 51271 C1 org.apache.flink.streaming.runtime.io.StreamOneInputProcessor.processInput()Lorg/apache/flink/streaming/runtime/io/DataInputStatus; (94 bytes) @ 0x000000011219495c [0x0000000112194840+0x11c]
J 48021 C2 org.apache.flink.streaming.runtime.tasks.StreamTask.processInput(Lorg/apache/flink/streaming/runtime/tasks/mailbox/MailboxDefaultAction$Controller;)V (205 bytes) @ 0x00000001145049b4 [0x0000000114504960+0x54]
J 36959 C2 org.apache.flink.streaming.runtime.tasks.mailbox.MailboxProcessor.runMailboxLoop()V (104 bytes) @ 0x000000010c19d3b0 [0x000000010c19d2a0+0x110]
J 41065 C1 org.apache.flink.streaming.runtime.tasks.StreamTask.invoke()V (42 bytes) @ 0x0000000112ccc4f4 [0x0000000112ccc160+0x394]
J 44627 C1 org.apache.flink.runtime.taskmanager.Task.restoreAndInvoke(Lorg/apache/flink/runtime/jobgraph/tasks/TaskInvokable;)V (111 bytes) @ 0x00000001138d853c [0x00000001138d7280+0x12bc]
J 42929 C1 org.apache.flink.runtime.taskmanager.Task.doRun()V (1621 bytes) @ 0x00000001132d57d4 [0x00000001132d1ec0+0x3914]
J 44619 C1 org.apache.flink.runtime.taskmanager.Task.run()V (35 bytes) @ 0x00000001107b880c [0x00000001107b8780+0x8c]
J 51582 C2 java.lang.Thread.run()V (17 bytes) @ 0x000000010f68f9ec [0x000000010f68f9a0+0x4c]
v  ~StubRoutines::call_stub

---------------  P R O C E S S  ---------------

Java Threads: ( => current thread )
  0x00007fafb00fe000 JavaThread "System Time Trigger for IcebergFilesCommitter -> Sink: IcebergSink testhive.db.upsert_on_data_key (1/1)#0" daemon [_thread_blocked, id=122267, stack(0x00007000115f2000,0x00007000116f2000)]
  0x00007fafac938000 JavaThread "System Time Trigger for IcebergStreamWriter (1/1)#0" daemon [_thread_blocked, id=116107, stack(0x00007000116f5000,0x00007000117f5000)]
  0x00007faf7e9df800 JavaThread "IcebergFilesCommitter -> Sink: IcebergSink testhive.db.upsert_on_data_key (1/1)#0" [_thread_blocked, id=69147, stack(0x00007000112e9000,0x00007000113e9000)]
  0x00007fafaf5aa800 JavaThread "OutputFlusher for IcebergStreamWriter" daemon [_thread_blocked, id=70199, stack(0x00007000111e6000,0x00007000112e6000)]
=>0x00007fafaf5aa000 JavaThread "IcebergStreamWriter (1/1)#0" [_thread_in_native, id=121807, stack(0x0000700010fe0000,0x00007000110e0000)]
  0x00007faf1f464800 JavaThread "CloseableReaperThread" daemon [_thread_blocked, id=121439, stack(0x0000700010dda000,0x0000700010eda000)]
  0x00007fafa97cc800 JavaThread "Checkpoint Timer" daemon [_thread_blocked, id=26755, stack(0x0000700009678000,0x0000700009778000)]
  0x00007fafb06b4800 JavaThread "Flink-DispatcherRestEndpoint-thread-4" daemon [_thread_blocked, id=86539, stack(0x000070000e259000,0x000070000e359000)]
  0x00007fafae2da800 JavaThread "flink-akka.actor.default-dispatcher-12" [_thread_blocked, id=68723, stack(0x0000700010edd000,0x0000700010fdd000)]
  0x00007fafb9c64000 JavaThread "flink-akka.actor.default-dispatcher-11" [_thread_blocked, id=72911, stack(0x0000700010cd7000,0x0000700010dd7000)]
  0x00007fafae2a3000 JavaThread "Flink-DispatcherRestEndpoint-thread-4" daemon [_thread_blocked, id=122431, stack(0x00007000117f8000,0x00007000118f8000)]
  0x00007fafb0574800 JavaThread "Flink-DispatcherRestEndpoint-thread-3" daemon [_thread_blocked, id=94527, stack(0x0000700008036000,0x0000700008136000)]
  0x00007faf799c2800 JavaThread "Flink-DispatcherRestEndpoint-thread-3" daemon [_thread_blocked, id=95259, stack(0x00007000109ce000,0x0000700010ace000)]
  0x00007faf79dc0000 JavaThread "jobmanager-io-thread-16" daemon [_thread_blocked, id=86823, stack(0x00007000110e3000,0x00007000111e3000)]
  0x00007fafaf616800 JavaThread "jobmanager-io-thread-15" daemon [_thread_blocked, id=95599, stack(0x00007000108cb000,0x00007000109cb000)]
  0x00007faf7cc42800 JavaThread "jobmanager-io-thread-14" daemon [_thread_blocked, id=33899, stack(0x00007000107c8000,0x00007000108c8000)]
  0x00007faf7a2cd000 JavaThread "jobmanager-io-thread-13" daemon [_thread_blocked, id=43703, stack(0x00007000106c5000,0x00007000107c5000)]
  0x00007faf7ccfc000 JavaThread "jobmanager-io-thread-12" daemon [_thread_blocked, id=124471, stack(0x00007000105c2000,0x00007000106c2000)]
  0x00007fafb9261000 JavaThread "Flink-DispatcherRestEndpoint-thread-2" daemon [_thread_blocked, id=91499, stack(0x0000700010ad1000,0x0000700010bd1000)]
  0x00007faf7816c800 JavaThread "jobmanager-io-thread-11" daemon [_thread_blocked, id=124947, stack(0x00007000104bf000,0x00007000105bf000)]
  0x00007fafb9080000 JavaThread "jobmanager-io-thread-10" daemon [_thread_blocked, id=126755, stack(0x00007000103bc000,0x00007000104bc000)]
  0x00007faf1ea69800 JavaThread "jobmanager-io-thread-9" daemon [_thread_blocked, id=53167, stack(0x00007000102b9000,0x00007000103b9000)]
  0x00007fafb57fd800 JavaThread "jobmanager-io-thread-8" daemon [_thread_blocked, id=102807, stack(0x000070000a199000,0x000070000a299000)]
  0x00007faf7f17d000 JavaThread "jobmanager-io-thread-7" daemon [_thread_blocked, id=38983, stack(0x00007000101b6000,0x00007000102b6000)]
  0x00007fafb29da000 JavaThread "Flink-DispatcherRestEndpoint-thread-2" daemon [_thread_blocked, id=114831, stack(0x00007000100b3000,0x00007000101b3000)]
  0x00007faf7ccdd000 JavaThread "jobmanager-io-thread-6" daemon [_thread_blocked, id=103183, stack(0x000070000ffb0000,0x00007000100b0000)]
  0x00007faf7a745000 JavaThread "jobmanager-io-thread-5" daemon [_thread_blocked, id=125455, stack(0x000070000fead000,0x000070000ffad000)]
  0x00007fafb3f82800 JavaThread "jobmanager-future-thread-16" daemon [_thread_blocked, id=38247, stack(0x000070000fba4000,0x000070000fca4000)]
  0x00007faf7f117800 JavaThread "jobmanager-future-thread-15" daemon [_thread_blocked, id=71451, stack(0x000070000fdaa000,0x000070000feaa000)]
  0x00007faf7f117000 JavaThread "jobmanager-future-thread-14" daemon [_thread_blocked, id=74563, stack(0x000070000fca7000,0x000070000fda7000)]
  0x00007fafb00d9800 JavaThread "jobmanager-io-thread-4" daemon [_thread_blocked, id=87911, stack(0x000070000faa1000,0x000070000fba1000)]
  0x00007faf7f440800 JavaThread "jobmanager-future-thread-13" daemon [_thread_blocked, id=130655, stack(0x000070000f592000,0x000070000f692000)]
  0x00007fafb8127000 JavaThread "jobmanager-future-thread-12" daemon [_thread_blocked, id=92839, stack(0x000070000f99e000,0x000070000fa9e000)]
  0x00007faf78f47000 JavaThread "jobmanager-future-thread-11" daemon [_thread_blocked, id=31739, stack(0x000070000f89b000,0x000070000f99b000)]
  0x00007faf1ea66800 JavaThread "jobmanager-future-thread-10" daemon [_thread_blocked, id=120075, stack(0x000070000f798000,0x000070000f898000)]
  0x00007fafb87ff800 JavaThread "jobmanager-future-thread-9" daemon [_thread_blocked, id=100399, stack(0x000070000f695000,0x000070000f795000)]
  0x00007fafb00d8800 JavaThread "jobmanager-io-thread-3" daemon [_thread_blocked, id=75063, stack(0x000070000f48f000,0x000070000f58f000)]
  0x00007faf1ebc0000 JavaThread "flink-taskexecutor-io-thread-4" daemon [_thread_blocked, id=76171, stack(0x000070000f38c000,0x000070000f48c000)]
  0x00007faf7f17a800 JavaThread "flink-taskexecutor-io-thread-3" daemon [_thread_blocked, id=37155, stack(0x000070000f289000,0x000070000f389000)]
  0x00007faf7f179800 JavaThread "jobmanager-future-thread-8" daemon [_thread_blocked, id=38423, stack(0x000070000ef80000,0x000070000f080000)]
  0x00007faf78f46000 JavaThread "jobmanager-future-thread-7" daemon [_thread_blocked, id=120451, stack(0x000070000f186000,0x000070000f286000)]
  0x00007fafb75de000 JavaThread "jobmanager-future-thread-6" daemon [_thread_blocked, id=78871, stack(0x000070000f083000,0x000070000f183000)]
  0x00007fafb1f8a000 JavaThread "jobmanager-io-thread-2" daemon [_thread_blocked, id=74359, stack(0x000070000ee7d000,0x000070000ef7d000)]
  0x00007fafaf749000 JavaThread "AkkaRpcService-Supervisor-Termination-Future-Executor-thread-1" daemon [_thread_blocked, id=33627, stack(0x000070000ed7a000,0x000070000ee7a000)]
  0x00007fafb53e6800 JavaThread "flink-taskexecutor-io-thread-2" daemon [_thread_blocked, id=54623, stack(0x000070000ec77000,0x000070000ed77000)]
  0x00007fafa9473800 JavaThread "flink-taskexecutor-io-thread-1" daemon [_thread_blocked, id=78679, stack(0x000070000eb74000,0x000070000ec74000)]
  0x00007faf7a62c800 JavaThread "jobmanager-future-thread-5" daemon [_thread_blocked, id=90399, stack(0x000070000e156000,0x000070000e256000)]
  0x00007fafb4a78800 JavaThread "Flink-MetricRegistry-thread-1" daemon [_thread_blocked, id=69679, stack(0x000070000ea71000,0x000070000eb71000)]
  0x00007fafb4b56800 JavaThread "jobmanager-future-thread-4" daemon [_thread_blocked, id=130383, stack(0x000070000e96e000,0x000070000ea6e000)]
  0x00007faf7e29f000 JavaThread "jobmanager-future-thread-3" daemon [_thread_blocked, id=27707, stack(0x000070000e86b000,0x000070000e96b000)]
  0x00007faf7a73b000 JavaThread "jobmanager-future-thread-2" daemon [_thread_blocked, id=34679, stack(0x000070000e768000,0x000070000e868000)]
  0x00007fafac00a800 JavaThread "pool-827-thread-1" [_thread_blocked, id=94079, stack(0x000070000e665000,0x000070000e765000)]
  0x00007fafae341800 JavaThread "jobmanager-future-thread-1" daemon [_thread_blocked, id=57151, stack(0x000070000e562000,0x000070000e662000)]
  0x00007fafb610f000 JavaThread "jobmanager-io-thread-1" daemon [_thread_blocked, id=76651, stack(0x000070000e053000,0x000070000e153000)]
  0x00007fafb2a0e000 JavaThread "pool-831-thread-1" [_thread_in_native, id=130139, stack(0x000070000da41000,0x000070000db41000)]
  0x00007faf7ca8e000 JavaThread "flink-akka.actor.default-dispatcher-9" [_thread_blocked, id=83547, stack(0x000070000cf20000,0x000070000d020000)]
  0x00007fafb1a01000 JavaThread "pool-832-thread-1" [_thread_in_native, id=119567, stack(0x000070000ce1d000,0x000070000cf1d000)]
  0x00007faf7a2e1000 JavaThread "flink-akka.actor.default-dispatcher-8" [_thread_blocked, id=93027, stack(0x000070000cd1a000,0x000070000ce1a000)]
  0x00007faf7e1f8000 JavaThread "flink-akka.actor.default-dispatcher-7" [_thread_blocked, id=100127, stack(0x000070000cc17000,0x000070000cd17000)]
  0x00007fafb1a29800 JavaThread "pool-828-thread-1" [_thread_blocked, id=90227, stack(0x000070000cb14000,0x000070000cc14000)]
  0x00007faf78bf8800 JavaThread "mini-cluster-io-thread-4" daemon [_thread_blocked, id=129899, stack(0x000070000ca11000,0x000070000cb11000)]
  0x00007fafb309b800 JavaThread "mini-cluster-io-thread-3" daemon [_thread_blocked, id=45115, stack(0x000070000c90e000,0x000070000ca0e000)]
  0x00007faf78bad000 JavaThread "mini-cluster-io-thread-2" daemon [_thread_blocked, id=99599, stack(0x000070000c80b000,0x000070000c90b000)]
  0x00007fafb75fc800 JavaThread "Flink-DispatcherRestEndpoint-thread-1" daemon [_thread_blocked, id=28467, stack(0x000070000c708000,0x000070000c808000)]
  0x00007fafb2aeb000 JavaThread "mini-cluster-io-thread-1" daemon [_thread_blocked, id=100879, stack(0x000070000c605000,0x000070000c705000)]
  0x00007faf7e32d800 JavaThread "flink-rest-server-netty-boss-thread-1" daemon [_thread_in_native, id=118803, stack(0x000070000c502000,0x000070000c602000)]
  0x00007fafab018800 JavaThread "IOManager reader thread #1" daemon [_thread_blocked, id=74783, stack(0x000070000c3ff000,0x000070000c4ff000)]
  0x00007fafb75e3800 JavaThread "IOManager writer thread #1" daemon [_thread_blocked, id=56879, stack(0x000070000c2fc000,0x000070000c3fc000)]
  0x00007faf7bc02000 JavaThread "Timer-33" daemon [_thread_blocked, id=99355, stack(0x000070000c1f9000,0x000070000c2f9000)]
  0x00007fafb7087000 JavaThread "Timer-32" daemon [_thread_blocked, id=100019, stack(0x000070000c0f6000,0x000070000c1f6000)]
  0x00007fafad425800 JavaThread "BLOB Server listener at 50593" daemon [_thread_in_native, id=63031, stack(0x000070000bff3000,0x000070000c0f3000)]
  0x00007faf7a333800 JavaThread "Timer-31" daemon [_thread_blocked, id=59247, stack(0x000070000bef0000,0x000070000bff0000)]
  0x00007fafb42e5000 JavaThread "flink-metrics-akka.actor.supervisor-dispatcher-5" [_thread_blocked, id=123767, stack(0x000070000bded000,0x000070000beed000)]
  0x00007fafb53e5800 JavaThread "flink-metrics-4" [_thread_blocked, id=120863, stack(0x000070000bcea000,0x000070000bdea000)]
  0x00007fafb923f800 JavaThread "flink-metrics-akka.actor.internal-dispatcher-3" [_thread_blocked, id=121967, stack(0x000070000bbe7000,0x000070000bce7000)]
  0x00007fafb76ab000 JavaThread "flink-metrics-akka.actor.internal-dispatcher-2" [_thread_blocked, id=118579, stack(0x000070000bae4000,0x000070000bbe4000)]
  0x00007faf7f39a800 JavaThread "flink-metrics-scheduler-1" [_thread_blocked, id=29007, stack(0x000070000b9e1000,0x000070000bae1000)]
  0x00007faf7c95f000 JavaThread "flink-akka.actor.supervisor-dispatcher-6" [_thread_blocked, id=119855, stack(0x000070000b6d8000,0x000070000b7d8000)]
  0x00007fafb8500800 JavaThread "flink-akka.actor.default-dispatcher-5" [_thread_blocked, id=126135, stack(0x000070000b5d5000,0x000070000b6d5000)]
  0x00007fafaa990000 JavaThread "flink-akka.actor.internal-dispatcher-4" [_thread_blocked, id=70951, stack(0x000070000b4d2000,0x000070000b5d2000)]
  0x00007fafad3a5800 JavaThread "flink-akka.actor.internal-dispatcher-3" [_thread_blocked, id=73511, stack(0x0000700009575000,0x0000700009675000)]
  0x00007fafaaae7800 JavaThread "flink-akka.actor.internal-dispatcher-2" [_thread_blocked, id=93411, stack(0x000070000b1c9000,0x000070000b2c9000)]
  0x00007faf7a335000 JavaThread "flink-scheduler-1" [_thread_blocked, id=99103, stack(0x000070000a6a8000,0x000070000a7a8000)]
  0x00007faf7b37c800 JavaThread "pool-826-thread-1" [_thread_blocked, id=98119, stack(0x0000700009472000,0x0000700009572000)]
  0x00007faf7a739800 JavaThread "mini-cluster-io-thread-4" daemon [_thread_blocked, id=91343, stack(0x000070000936f000,0x000070000946f000)]
  0x00007faf7c776000 JavaThread "mini-cluster-io-thread-3" daemon [_thread_blocked, id=68983, stack(0x000070000926c000,0x000070000936c000)]
  0x00007fafb71ac800 JavaThread "mini-cluster-io-thread-2" daemon [_thread_blocked, id=51091, stack(0x0000700009169000,0x0000700009269000)]
  0x00007fafb43a7800 JavaThread "Flink-DispatcherRestEndpoint-thread-1" daemon [_thread_blocked, id=87131, stack(0x0000700009066000,0x0000700009166000)]
  0x00007faf7c765000 JavaThread "mini-cluster-io-thread-1" daemon [_thread_blocked, id=100639, stack(0x0000700008f63000,0x0000700009063000)]
  0x00007faf7d1a5000 JavaThread "flink-rest-server-netty-boss-thread-1" daemon [_thread_in_native, id=68459, stack(0x0000700008e60000,0x0000700008f60000)]
  0x00007fafb6487800 JavaThread "IOManager reader thread #1" daemon [_thread_blocked, id=57871, stack(0x0000700008d5d000,0x0000700008e5d000)]
  0x00007fafb40a2800 JavaThread "IOManager writer thread #1" daemon [_thread_blocked, id=128347, stack(0x0000700008c5a000,0x0000700008d5a000)]
  0x00007fafad622800 JavaThread "Timer-30" daemon [_thread_blocked, id=30243, stack(0x0000700008b57000,0x0000700008c57000)]
  0x00007fafad621800 JavaThread "Timer-29" daemon [_thread_blocked, id=128227, stack(0x0000700008951000,0x0000700008a51000)]
  0x00007fafb42ea800 JavaThread "BLOB Server listener at 50586" daemon [_thread_in_native, id=51975, stack(0x000070000884e000,0x000070000894e000)]
  0x00007fafaa9af800 JavaThread "Timer-28" daemon [_thread_blocked, id=47011, stack(0x000070000874b000,0x000070000884b000)]
  0x00007fafa8e9a000 JavaThread "flink-metrics-akka.actor.supervisor-dispatcher-5" [_thread_blocked, id=58479, stack(0x0000700008648000,0x0000700008748000)]
  0x00007faf1ea04800 JavaThread "flink-metrics-4" [_thread_blocked, id=96539, stack(0x0000700008545000,0x0000700008645000)]
  0x00007fafb72f5000 JavaThread "flink-metrics-akka.actor.internal-dispatcher-3" [_thread_blocked, id=97379, stack(0x0000700008442000,0x0000700008542000)]
  0x00007fafb504d800 JavaThread "flink-metrics-akka.actor.internal-dispatcher-2" [_thread_blocked, id=75807, stack(0x000070000833f000,0x000070000843f000)]
  0x00007faf78d07000 JavaThread "flink-metrics-scheduler-1" [_thread_blocked, id=78011, stack(0x000070000823c000,0x000070000833c000)]
  0x00007fafac562000 JavaThread "flink-akka.actor.supervisor-dispatcher-5" [_thread_blocked, id=14387, stack(0x0000700008139000,0x0000700008239000)]
  0x00007fafb53f8000 JavaThread "flink-akka.actor.internal-dispatcher-3" [_thread_blocked, id=91995, stack(0x0000700007f33000,0x0000700008033000)]
  0x00007fafb0e97000 JavaThread "flink-akka.actor.internal-dispatcher-2" [_thread_blocked, id=64319, stack(0x0000700007e30000,0x0000700007f30000)]
  0x00007faf7c99b800 JavaThread "flink-scheduler-1" [_thread_blocked, id=52571, stack(0x0000700007d2d000,0x0000700007e2d000)]
  0x00007fafae9f5800 JavaThread "process reaper" daemon [_thread_blocked, id=101123, stack(0x0000700006a9f000,0x0000700006ac7000)]
  0x00007faf1ecc5800 JavaThread "pool-213-thread-1" [_thread_in_native, id=27939, stack(0x000070000e45f000,0x000070000e55f000)]
  0x00007fafad074000 JavaThread "pool-201-thread-1" [_thread_in_native, id=128615, stack(0x000070000b8de000,0x000070000b9de000)]
  0x00007faf7c41f800 JavaThread "pool-87-thread-1" [_thread_in_native, id=71723, stack(0x000070000b7db000,0x000070000b8db000)]
  0x00007fafaf7a2000 JavaThread "pool-81-thread-1" [_thread_in_native, id=72267, stack(0x000070000b3cf000,0x000070000b4cf000)]
  0x00007faf7d042000 JavaThread "pool-75-thread-1" [_thread_in_native, id=55303, stack(0x000070000b2cc000,0x000070000b3cc000)]
  0x00007faf7c8c3000 JavaThread "ForkJoinPool.commonPool-worker-13" daemon [_thread_blocked, id=77319, stack(0x000070000a096000,0x000070000a196000)]
  0x00007fafaf47a000 JavaThread "ForkJoinPool.commonPool-worker-4" daemon [_thread_blocked, id=63767, stack(0x000070000987e000,0x000070000997e000)]
  0x00007fafaa859800 JavaThread "ForkJoinPool.commonPool-worker-11" daemon [_thread_blocked, id=55047, stack(0x000070000977b000,0x000070000987b000)]
  0x00007fafb2997000 JavaThread "iceberg-worker-pool-15" daemon [_thread_blocked, id=64531, stack(0x000070000e35c000,0x000070000e45c000)]
  0x00007fafae603800 JavaThread "iceberg-worker-pool-14" daemon [_thread_blocked, id=66059, stack(0x000070000df50000,0x000070000e050000)]
  0x00007faf78297800 JavaThread "iceberg-worker-pool-13" daemon [_thread_blocked, id=60683, stack(0x000070000de4d000,0x000070000df4d000)]
  0x00007faf78296800 JavaThread "iceberg-worker-pool-12" daemon [_thread_blocked, id=67863, stack(0x000070000dd4a000,0x000070000de4a000)]
  0x00007faf1e351000 JavaThread "iceberg-worker-pool-11" daemon [_thread_blocked, id=58903, stack(0x000070000dc47000,0x000070000dd47000)]
  0x00007fafb08a2000 JavaThread "iceberg-worker-pool-10" daemon [_thread_blocked, id=60167, stack(0x000070000db44000,0x000070000dc44000)]
  0x00007faf7e2a8800 JavaThread "iceberg-worker-pool-9" daemon [_thread_blocked, id=59911, stack(0x000070000d93e000,0x000070000da3e000)]
  0x00007faf7e2a7800 JavaThread "iceberg-worker-pool-8" daemon [_thread_blocked, id=67335, stack(0x000070000d83b000,0x000070000d93b000)]
  0x00007faf79173000 JavaThread "iceberg-worker-pool-7" daemon [_thread_blocked, id=64775, stack(0x000070000d738000,0x000070000d838000)]
  0x00007faf79170800 JavaThread "iceberg-worker-pool-6" daemon [_thread_blocked, id=67087, stack(0x000070000d635000,0x000070000d735000)]
  0x00007faf7f2be800 JavaThread "iceberg-worker-pool-5" daemon [_thread_blocked, id=63495, stack(0x000070000d532000,0x000070000d632000)]
  0x00007faf78294000 JavaThread "iceberg-worker-pool-4" daemon [_thread_blocked, id=65031, stack(0x000070000d42f000,0x000070000d52f000)]
  0x00007faf7e2a6800 JavaThread "iceberg-worker-pool-3" daemon [_thread_blocked, id=65295, stack(0x000070000d32c000,0x000070000d42c000)]
  0x00007fafb3091000 JavaThread "iceberg-worker-pool-2" daemon [_thread_blocked, id=61227, stack(0x000070000d229000,0x000070000d329000)]
  0x00007faf1f46b000 JavaThread "iceberg-worker-pool-1" daemon [_thread_blocked, id=60971, stack(0x000070000d126000,0x000070000d226000)]
  0x00007faf7e281000 JavaThread "iceberg-worker-pool-0" daemon [_thread_blocked, id=65799, stack(0x000070000d023000,0x000070000d123000)]
  0x00007fafb3113000 JavaThread "BoneCP-pool-watch-thread" daemon [_thread_blocked, id=80387, stack(0x000070000b0c6000,0x000070000b1c6000)]
  0x00007fafb2619800 JavaThread "BoneCP-keep-alive-scheduler" daemon [_thread_blocked, id=50691, stack(0x000070000afc3000,0x000070000b0c3000)]
  0x00007faf7f33d800 JavaThread "com.google.common.base.internal.Finalizer" daemon [_thread_blocked, id=50179, stack(0x000070000aec0000,0x000070000afc0000)]
  0x00007fafb226b800 JavaThread "BoneCP-pool-watch-thread" daemon [_thread_blocked, id=49667, stack(0x000070000adbd000,0x000070000aebd000)]
  0x00007fafb1730800 JavaThread "BoneCP-keep-alive-scheduler" daemon [_thread_blocked, id=49155, stack(0x000070000acba000,0x000070000adba000)]
  0x00007faf1fe75000 JavaThread "com.google.common.base.internal.Finalizer" daemon [_thread_blocked, id=48655, stack(0x000070000abb7000,0x000070000acb7000)]
  0x00007fafae371000 JavaThread "pool-9-thread-1" [_thread_in_native, id=80907, stack(0x000070000aab4000,0x000070000abb4000)]
  0x00007faf1f4dc000 JavaThread "iceberg-lock-manager-2" daemon [_thread_blocked, id=81411, stack(0x000070000a9b1000,0x000070000aab1000)]
  0x00007faf7e349000 JavaThread "iceberg-lock-manager-3" daemon [_thread_blocked, id=47891, stack(0x000070000a8ae000,0x000070000a9ae000)]
  0x00007fafb129a800 JavaThread "iceberg-lock-manager-1" daemon [_thread_blocked, id=81667, stack(0x000070000a7ab000,0x000070000a8ab000)]
  0x00007faf1f572000 JavaThread "iceberg-lock-manager-0" daemon [_thread_blocked, id=47371, stack(0x0000700009b87000,0x0000700009c87000)]
  0x00007fafb08fc000 JavaThread "org.apache.hadoop.fs.FileSystem$Statistics$StatisticsDataReferenceCleaner" daemon [_thread_blocked, id=82183, stack(0x000070000a5a5000,0x000070000a6a5000)]
  0x00007fafae9dc800 JavaThread "BoneCP-pool-watch-thread" daemon [_thread_blocked, id=46083, stack(0x000070000a4a2000,0x000070000a5a2000)]
  0x00007faf7e3f1800 JavaThread "BoneCP-keep-alive-scheduler" daemon [_thread_blocked, id=45571, stack(0x000070000a39f000,0x000070000a49f000)]
  0x00007fafae407000 JavaThread "com.google.common.base.internal.Finalizer" daemon [_thread_blocked, id=45315, stack(0x000070000a29c000,0x000070000a39c000)]
  0x00007faf7e0c1800 JavaThread "BoneCP-pool-watch-thread" daemon [_thread_blocked, id=44803, stack(0x0000700009f93000,0x000070000a093000)]
  0x00007fafaebdd000 JavaThread "BoneCP-keep-alive-scheduler" daemon [_thread_blocked, id=84227, stack(0x0000700009e90000,0x0000700009f90000)]
  0x00007fafb049d000 JavaThread "com.google.common.base.internal.Finalizer" daemon [_thread_blocked, id=86023, stack(0x0000700009a84000,0x0000700009b84000)]
  0x00007fafa885a800 JavaThread "derby.rawStoreDaemon" daemon [_thread_blocked, id=84739, stack(0x0000700009d8d000,0x0000700009e8d000)]
  0x00007fafb1b81800 JavaThread "Timer-3" daemon [_thread_blocked, id=44291, stack(0x0000700009c8a000,0x0000700009d8a000)]
  0x00007fafb2406000 JavaThread "ForkJoinPool.commonPool-worker-2" daemon [_thread_blocked, id=44035, stack(0x0000700009981000,0x0000700009a81000)]
  0x00007fafb21cf000 JavaThread "ForkJoinPool.commonPool-worker-9" daemon [_thread_blocked, id=29443, stack(0x0000700008a54000,0x0000700008b54000)]
  0x00007fafb3192800 JavaThread "/127.0.0.1:49841 to /127.0.0.1:49826 workers Thread 3" [_thread_in_native, id=25859, stack(0x0000700007c2a000,0x0000700007d2a000)]
  0x00007fafae8b0800 JavaThread "/127.0.0.1:49841 to /127.0.0.1:49826 workers Thread 2" [_thread_blocked, id=39427, stack(0x0000700007b27000,0x0000700007c27000)]
  0x00007faf7e879000 JavaThread "/127.0.0.1:49841 to /127.0.0.1:49826 workers" [_thread_blocked, id=25347, stack(0x0000700007a24000,0x0000700007b24000)]
  0x00007fafae824000 JavaThread "Service Thread" daemon [_thread_blocked, id=39939, stack(0x000070000781e000,0x000070000791e000)]
  0x00007fafae04c800 JavaThread "C1 CompilerThread11" daemon [_thread_blocked, id=40195, stack(0x000070000771b000,0x000070000781b000)]
  0x00007fafb2015000 JavaThread "C1 CompilerThread10" daemon [_thread_blocked, id=40707, stack(0x0000700007618000,0x0000700007718000)]
  0x00007fafae04b800 JavaThread "C1 CompilerThread9" daemon [_thread_blocked, id=40963, stack(0x0000700007515000,0x0000700007615000)]
  0x00007fafb1839800 JavaThread "C1 CompilerThread8" daemon [_thread_blocked, id=23811, stack(0x0000700007412000,0x0000700007512000)]
  0x00007fafa9008800 JavaThread "C2 CompilerThread7" daemon [_thread_blocked, id=23299, stack(0x000070000730f000,0x000070000740f000)]
  0x00007fafb2014800 JavaThread "C2 CompilerThread6" daemon [_thread_blocked, id=41219, stack(0x000070000720c000,0x000070000730c000)]
  0x00007faf7f80a800 JavaThread "C2 CompilerThread5" daemon [_thread_blocked, id=22787, stack(0x0000700007109000,0x0000700007209000)]
  0x00007fafae81b800 JavaThread "C2 CompilerThread4" daemon [_thread_blocked, id=22531, stack(0x0000700007006000,0x0000700007106000)]
  0x00007fafb2814000 JavaThread "C2 CompilerThread3" daemon [_thread_blocked, id=41987, stack(0x0000700006f03000,0x0000700007003000)]
  0x00007fafb0008800 JavaThread "C2 CompilerThread2" daemon [_thread_blocked, id=42243, stack(0x0000700006e00000,0x0000700006f00000)]
  0x00007fafae04b000 JavaThread "C2 CompilerThread1" daemon [_thread_blocked, id=42755, stack(0x0000700006cfd000,0x0000700006dfd000)]
  0x00007fafb3008800 JavaThread "C2 CompilerThread0" daemon [_thread_blocked, id=43267, stack(0x0000700006bfa000,0x0000700006cfa000)]
  0x00007fafae81a800 JavaThread "Signal Dispatcher" daemon [_thread_blocked, id=15107, stack(0x0000700006af7000,0x0000700006bf7000)]
  0x00007fafb080c000 JavaThread "Finalizer" daemon [_thread_blocked, id=17411, stack(0x00007000068ee000,0x00007000069ee000)]
  0x00007fafae02a800 JavaThread "Reference Handler" daemon [_thread_blocked, id=13059, stack(0x00007000067eb000,0x00007000068eb000)]
  0x00007fafb2809000 JavaThread "Test worker" [_thread_blocked, id=10499, stack(0x00007000058be000,0x00007000059be000)]

Other Threads:
  0x00007fafae810000 VMThread [stack: 0x00007000066e8000,0x00007000067e8000] [id=17667]
  0x00007fafb2016000 WatcherThread [stack: 0x0000700007921000,0x0000700007a21000] [id=24835]

VM state:not at safepoint (normal execution)

VM Mutex/Monitor currently owned by a thread: None

heap address: 0x00000007a0000000, size: 512 MB, Compressed Oops mode: Zero based, Oop shift amount: 3
Narrow klass base: 0x0000000000000000, Narrow klass shift: 3
Compressed class space size: 1073741824 Address: 0x00000007c0000000

Heap:
 PSYoungGen      total 158208K, used 51514K [0x00000007b5580000, 0x00000007bff00000, 0x00000007c0000000)
  eden space 143872K, 29% used [0x00000007b5580000,0x00000007b7eae0e0,0x00000007be200000)
  from space 14336K, 65% used [0x00000007bf100000,0x00000007bfa20ac8,0x00000007bff00000)
  to   space 14848K, 0% used [0x00000007be200000,0x00000007be200000,0x00000007bf080000)
 ParOldGen       total 349696K, used 280775K [0x00000007a0000000, 0x00000007b5580000, 0x00000007b5580000)
  object space 349696K, 80% used [0x00000007a0000000,0x00000007b1231eb0,0x00000007b5580000)
 Metaspace       used 286013K, capacity 316363K, committed 347840K, reserved 1316864K
  class space    used 40271K, capacity 51225K, committed 79808K, reserved 1048576K

Card table byte_map: [0x00000001092f2000,0x00000001093f3000] byte_map_base: 0x00000001055f2000

Marking Bits: (ParMarkBitMap*) 0x0000000108bbbc18
 Begin Bits: [0x000000011ae00000, 0x000000011b600000)
 End Bits:   [0x000000011b600000, 0x000000011be00000)

Polling page: 0x0000000108ed4000

CodeCache: size=245760Kb used=144760Kb max_used=144760Kb free=100999Kb
 bounds [0x000000010be00000, 0x0000000114c40000, 0x000000011ae00000]
 total_blobs=43078 nmethods=41988 adapters=995
 compilation: enabled

Compilation events (10 events):
Event: 297.176 Thread 0x00007fafb2015000 nmethod 51851 0x0000000114c2b190 code [0x0000000114c2b300, 0x0000000114c2b670]
Event: 297.176 Thread 0x00007fafb2015000 51854       3       scala.concurrent.BatchingExecutor$Batch$$Lambda$6520/1696307587::apply$mcV$sp (12 bytes)
Event: 297.176 Thread 0x00007fafb1839800 nmethod 51852 0x0000000114c2ac50 code [0x0000000114c2adc0, 0x0000000114c2b0d0]
Event: 297.176 Thread 0x00007fafb1839800 51855   !   3       scala.concurrent.BatchingExecutor$Batch::$anonfun$run$1 (54 bytes)
Event: 297.176 Thread 0x00007fafb2015000 nmethod 51854 0x0000000114c36410 code [0x0000000114c36580, 0x0000000114c36728]
Event: 297.176 Thread 0x00007fafae04b800 nmethod 51856 0x0000000114c367d0 code [0x0000000114c36940, 0x0000000114c36b90]
Event: 297.177 Thread 0x00007fafae04c800 nmethod 51850 0x0000000114c36c90 code [0x0000000114c36f00, 0x0000000114c37fe8]
Event: 297.178 Thread 0x00007fafb1839800 nmethod 51855 0x0000000114c38650 code [0x0000000114c38880, 0x0000000114c392a8]
Event: 297.196 Thread 0x00007fafb2015000 51857   !   3       com.sun.proxy.$Proxy297::updateTaskExecutionState (36 bytes)
Event: 297.197 Thread 0x00007fafb2015000 nmethod 51857 0x0000000114c39750 code [0x0000000114c39900, 0x0000000114c39ef8]

GC Heap History (10 events):
Event: 293.514 GC heap before
{Heap before GC invocations=212 (full 8):
 PSYoungGen      total 157696K, used 153795K [0x00000007b5580000, 0x00000007c0000000, 0x00000007c0000000)
  eden space 142336K, 100% used [0x00000007b5580000,0x00000007be080000,0x00000007be080000)
  from space 15360K, 74% used [0x00000007be080000,0x00000007bebb0d00,0x00000007bef80000)
  to   space 15360K, 0% used [0x00000007bf100000,0x00000007bf100000,0x00000007c0000000)
 ParOldGen       total 349696K, used 261173K [0x00000007a0000000, 0x00000007b5580000, 0x00000007b5580000)
  object space 349696K, 74% used [0x00000007a0000000,0x00000007aff0d428,0x00000007b5580000)
 Metaspace       used 285723K, capacity 315765K, committed 347840K, reserved 1316864K
  class space    used 40204K, capacity 50884K, committed 79808K, reserved 1048576K
Event: 293.530 GC heap after
Heap after GC invocations=212 (full 8):
 PSYoungGen      total 159232K, used 7242K [0x00000007b5580000, 0x00000007c0000000, 0x00000007c0000000)
  eden space 143872K, 0% used [0x00000007b5580000,0x00000007b5580000,0x00000007be200000)
  from space 15360K, 47% used [0x00000007bf100000,0x00000007bf812ab8,0x00000007c0000000)
  to   space 15360K, 0% used [0x00000007be200000,0x00000007be200000,0x00000007bf100000)
 ParOldGen       total 349696K, used 266373K [0x00000007a0000000, 0x00000007b5580000, 0x00000007b5580000)
  object space 349696K, 76% used [0x00000007a0000000,0x00000007b04216f0,0x00000007b5580000)
 Metaspace       used 285723K, capacity 315765K, committed 347840K, reserved 1316864K
  class space    used 40204K, capacity 50884K, committed 79808K, reserved 1048576K
}
Event: 294.482 GC heap before
{Heap before GC invocations=213 (full 8):
 PSYoungGen      total 159232K, used 151114K [0x00000007b5580000, 0x00000007c0000000, 0x00000007c0000000)
  eden space 143872K, 100% used [0x00000007b5580000,0x00000007be200000,0x00000007be200000)
  from space 15360K, 47% used [0x00000007bf100000,0x00000007bf812ab8,0x00000007c0000000)
  to   space 15360K, 0% used [0x00000007be200000,0x00000007be200000,0x00000007bf100000)
 ParOldGen       total 349696K, used 266373K [0x00000007a0000000, 0x00000007b5580000, 0x00000007b5580000)
  object space 349696K, 76% used [0x00000007a0000000,0x00000007b04216f0,0x00000007b5580000)
 Metaspace       used 285754K, capacity 315813K, committed 347840K, reserved 1316864K
  class space    used 40209K, capacity 50895K, committed 79808K, reserved 1048576K
Event: 294.501 GC heap after
Heap after GC invocations=213 (full 8):
 PSYoungGen      total 153600K, used 9521K [0x00000007b5580000, 0x00000007bff00000, 0x00000007c0000000)
  eden space 143872K, 0% used [0x00000007b5580000,0x00000007b5580000,0x00000007be200000)
  from space 9728K, 97% used [0x00000007be200000,0x00000007beb4c608,0x00000007beb80000)
  to   space 14848K, 0% used [0x00000007bf080000,0x00000007bf080000,0x00000007bff00000)
 ParOldGen       total 349696K, used 268882K [0x00000007a0000000, 0x00000007b5580000, 0x00000007b5580000)
  object space 349696K, 76% used [0x00000007a0000000,0x00000007b06948c0,0x00000007b5580000)
 Metaspace       used 285754K, capacity 315813K, committed 347840K, reserved 1316864K
  class space    used 40209K, capacity 50895K, committed 79808K, reserved 1048576K
}
Event: 295.345 GC heap before
{Heap before GC invocations=214 (full 8):
 PSYoungGen      total 153600K, used 153393K [0x00000007b5580000, 0x00000007bff00000, 0x00000007c0000000)
  eden space 143872K, 100% used [0x00000007b5580000,0x00000007be200000,0x00000007be200000)
  from space 9728K, 97% used [0x00000007be200000,0x00000007beb4c608,0x00000007beb80000)
  to   space 14848K, 0% used [0x00000007bf080000,0x00000007bf080000,0x00000007bff00000)
 ParOldGen       total 349696K, used 268882K [0x00000007a0000000, 0x00000007b5580000, 0x00000007b5580000)
  object space 349696K, 76% used [0x00000007a0000000,0x00000007b06948c0,0x00000007b5580000)
 Metaspace       used 285800K, capacity 315861K, committed 347840K, reserved 1316864K
  class space    used 40214K, capacity 50905K, committed 79808K, reserved 1048576K
Event: 295.363 GC heap after
Heap after GC invocations=214 (full 8):
 PSYoungGen      total 158208K, used 12587K [0x00000007b5580000, 0x00000007c0000000, 0x00000007c0000000)
  eden space 143360K, 0% used [0x00000007b5580000,0x00000007b5580000,0x00000007be180000)
  from space 14848K, 84% used [0x00000007bf080000,0x00000007bfccaff8,0x00000007bff00000)
  to   space 15360K, 0% used [0x00000007be180000,0x00000007be180000,0x00000007bf080000)
 ParOldGen       total 349696K, used 272097K [0x00000007a0000000, 0x00000007b5580000, 0x00000007b5580000)
  object space 349696K, 77% used [0x00000007a0000000,0x00000007b09b8700,0x00000007b5580000)
 Metaspace       used 285800K, capacity 315861K, committed 347840K, reserved 1316864K
  class space    used 40214K, capacity 50905K, committed 79808K, reserved 1048576K
}
Event: 296.124 GC heap before
{Heap before GC invocations=215 (full 8):
 PSYoungGen      total 158208K, used 155947K [0x00000007b5580000, 0x00000007c0000000, 0x00000007c0000000)
  eden space 143360K, 100% used [0x00000007b5580000,0x00000007be180000,0x00000007be180000)
  from space 14848K, 84% used [0x00000007bf080000,0x00000007bfccaff8,0x00000007bff00000)
  to   space 15360K, 0% used [0x00000007be180000,0x00000007be180000,0x00000007bf080000)
 ParOldGen       total 349696K, used 272097K [0x00000007a0000000, 0x00000007b5580000, 0x00000007b5580000)
  object space 349696K, 77% used [0x00000007a0000000,0x00000007b09b8700,0x00000007b5580000)
 Metaspace       used 285849K, capacity 315927K, committed 347840K, reserved 1316864K
  class space    used 40223K, capacity 50923K, committed 79808K, reserved 1048576K
Event: 296.144 GC heap after
Heap after GC invocations=215 (full 8):
 PSYoungGen      total 158720K, used 8124K [0x00000007b5580000, 0x00000007c0000000, 0x00000007c0000000)
  eden space 143360K, 0% used [0x00000007b5580000,0x00000007b5580000,0x00000007be180000)
  from space 15360K, 52% used [0x00000007be180000,0x00000007be96f190,0x00000007bf080000)
  to   space 15360K, 0% used [0x00000007bf100000,0x00000007bf100000,0x00000007c0000000)
 ParOldGen       total 349696K, used 277287K [0x00000007a0000000, 0x00000007b5580000, 0x00000007b5580000)
  object space 349696K, 79% used [0x00000007a0000000,0x00000007b0ec9e08,0x00000007b5580000)
 Metaspace       used 285849K, capacity 315927K, committed 347840K, reserved 1316864K
  class space    used 40223K, capacity 50923K, committed 79808K, reserved 1048576K
}
Event: 296.990 GC heap before
{Heap before GC invocations=216 (full 8):
 PSYoungGen      total 158720K, used 151484K [0x00000007b5580000, 0x00000007c0000000, 0x00000007c0000000)
  eden space 143360K, 100% used [0x00000007b5580000,0x00000007be180000,0x00000007be180000)
  from space 15360K, 52% used [0x00000007be180000,0x00000007be96f190,0x00000007bf080000)
  to   space 15360K, 0% used [0x00000007bf100000,0x00000007bf100000,0x00000007c0000000)
 ParOldGen       total 349696K, used 277287K [0x00000007a0000000, 0x00000007b5580000, 0x00000007b5580000)
  object space 349696K, 79% used [0x00000007a0000000,0x00000007b0ec9e08,0x00000007b5580000)
 Metaspace       used 285934K, capacity 316041K, committed 347840K, reserved 1316864K
  class space    used 40237K, capacity 50951K, committed 79808K, reserved 1048576K
Event: 297.007 GC heap after
Heap after GC invocations=216 (full 8):
 PSYoungGen      total 158208K, used 9346K [0x00000007b5580000, 0x00000007bff00000, 0x00000007c0000000)
  eden space 143872K, 0% used [0x00000007b5580000,0x00000007b5580000,0x00000007be200000)
  from space 14336K, 65% used [0x00000007bf100000,0x00000007bfa20ac8,0x00000007bff00000)
  to   space 14848K, 0% used [0x00000007be200000,0x00000007be200000,0x00000007bf080000)
 ParOldGen       total 349696K, used 280775K [0x00000007a0000000, 0x00000007b5580000, 0x00000007b5580000)
  object space 349696K, 80% used [0x00000007a0000000,0x00000007b1231eb0,0x00000007b5580000)
 Metaspace       used 285934K, capacity 316041K, committed 347840K, reserved 1316864K
  class space    used 40237K, capacity 50951K, committed 79808K, reserved 1048576K
}

Deoptimization events (10 events):
Event: 286.478 Thread 0x00007faf78291800 Uncommon trap: reason=bimorphic action=maybe_recompile pc=0x00000001148fbf08 method=org.apache.flink.table.runtime.operators.sink.SinkNotNullEnforcer.filter(Lorg/apache/flink/table/data/RowData;)Z @ 26
Event: 286.605 Thread 0x00007faf1e1f9000 Uncommon trap: reason=unstable_if action=reinterpret pc=0x00000001119851b8 method=org.apache.flink.core.memory.MemorySegment.compare(Lorg/apache/flink/core/memory/MemorySegment;III)I @ 26
Event: 289.822 Thread 0x00007fafb2809000 Uncommon trap: reason=class_check action=maybe_recompile pc=0x0000000112ac3478 method=org.apache.calcite.util.Pair$ZipIterator.<init>(Ljava/util/Iterator;Ljava/util/Iterator;)V @ 20
Event: 290.429 Thread 0x00007fafb43aa800 Uncommon trap: reason=class_check action=maybe_recompile pc=0x000000010ea81e20 method=org.apache.flink.runtime.operators.sort.NormalizedKeySorter.compareRecords(JJ)I @ 28
Event: 291.011 Thread 0x00007fafacdad000 Uncommon trap: reason=bimorphic action=maybe_recompile pc=0x00000001148fbf08 method=org.apache.flink.table.runtime.operators.sink.SinkNotNullEnforcer.filter(Lorg/apache/flink/table/data/RowData;)Z @ 26
Event: 293.897 Thread 0x00007fafae8b0800 Uncommon trap: reason=range_check action=make_not_entrant pc=0x000000010fcc80fc method=com.esotericsoftware.kryo.io.Output.writeLong(J)V @ 49
Event: 293.897 Thread 0x00007fafae8b0800 Uncommon trap: reason=unstable_if action=reinterpret pc=0x000000010e5d790c method=com.esotericsoftware.kryo.io.Output.require(I)Z @ 10
Event: 294.012 Thread 0x00007faf78ba8800 Uncommon trap: reason=class_check action=maybe_recompile pc=0x000000010ea81e20 method=org.apache.flink.runtime.operators.sort.NormalizedKeySorter.compareRecords(JJ)I @ 28
Event: 294.562 Thread 0x00007fafabffd800 Uncommon trap: reason=bimorphic action=maybe_recompile pc=0x00000001148fbf08 method=org.apache.flink.table.runtime.operators.sink.SinkNotNullEnforcer.filter(Lorg/apache/flink/table/data/RowData;)Z @ 26
Event: 296.490 Thread 0x00007faf7bc96800 Uncommon trap: reason=unstable_if action=reinterpret pc=0x00000001115df150 method=com.esotericsoftware.kryo.util.IdentityObjectIntMap.getStash(Ljava/lang/Object;I)I @ 32

Classes redefined (0 events):
No events

Internal exceptions (10 events):
Event: 296.148 Thread 0x00007faf7e9de000 Exception <a 'java/lang/InterruptedException'> (0x00000007b55db740) thrown at [/Users/ec2-user/workspace/Corretto8/macos/x64/build/Corretto8Src/installers/mac/tar/corretto-build/buildRoot/src/hotspot/src/share/vm/runtime/objectMonitor.cpp, line 1692]
Event: 296.307 Thread 0x00007faf79bd3800 Exception <a 'java/lang/InterruptedException'> (0x00000007b6c0aff0) thrown at [/Users/ec2-user/workspace/Corretto8/macos/x64/build/Corretto8Src/installers/mac/tar/corretto-build/buildRoot/src/hotspot/src/share/vm/runtime/objectMonitor.cpp, line 1692]
Event: 296.421 Thread 0x00007faf1f464000 Exception <a 'java/lang/InterruptedException'> (0x00000007b822beb0) thrown at [/Users/ec2-user/workspace/Corretto8/macos/x64/build/Corretto8Src/installers/mac/tar/corretto-build/buildRoot/src/hotspot/src/share/vm/runtime/objectMonitor.cpp, line 1692]
Event: 296.430 Thread 0x00007faf1fe1f000 Exception <a 'java/lang/InterruptedException'> (0x00000007b8390458) thrown at [/Users/ec2-user/workspace/Corretto8/macos/x64/build/Corretto8Src/installers/mac/tar/corretto-build/buildRoot/src/hotspot/src/share/vm/runtime/objectMonitor.cpp, line 1692]
Event: 296.492 Thread 0x00007faf1fe1f000 Exception <a 'java/lang/InterruptedException'> (0x00000007b8cddd58) thrown at [/Users/ec2-user/workspace/Corretto8/macos/x64/build/Corretto8Src/installers/mac/tar/corretto-build/buildRoot/src/hotspot/src/share/vm/runtime/objectMonitor.cpp, line 1692]
Event: 296.657 Thread 0x00007fafb00fe000 Exception <a 'java/lang/InterruptedException'> (0x00000007ba401680) thrown at [/Users/ec2-user/workspace/Corretto8/macos/x64/build/Corretto8Src/installers/mac/tar/corretto-build/buildRoot/src/hotspot/src/share/vm/runtime/objectMonitor.cpp, line 1692]
Event: 296.957 Thread 0x00007fafb0d7a000 Exception <a 'java/net/SocketException': Socket closed> (0x00000007bd7ce6e8) thrown at [/Users/ec2-user/workspace/Corretto8/macos/x64/build/Corretto8Src/installers/mac/tar/corretto-build/buildRoot/src/hotspot/src/share/vm/prims/jni.cpp, line 738]
Event: 296.957 Thread 0x00007fafaa58c800 Exception <a 'java/lang/InterruptedException'> (0x00000007bd8c60a0) thrown at [/Users/ec2-user/workspace/Corretto8/macos/x64/build/Corretto8Src/installers/mac/tar/corretto-build/buildRoot/src/hotspot/src/share/vm/runtime/objectMonitor.cpp, line 1692]
Event: 297.026 Thread 0x00007fafb2809000 Exception <a 'java/lang/reflect/InvocationTargetException'> (0x00000007b55cb488) thrown at [/Users/ec2-user/workspace/Corretto8/macos/x64/build/Corretto8Src/installers/mac/tar/corretto-build/buildRoot/src/hotspot/src/share/vm/runtime/reflection.cpp, line 
Event: 297.197 Thread 0x00007faf7c409800 Exception <a 'java/lang/InterruptedException': sleep interrupted> (0x00000007b7dbd6a8) thrown at [/Users/ec2-user/workspace/Corretto8/macos/x64/build/Corretto8Src/installers/mac/tar/corretto-build/buildRoot/src/hotspot/src/share/vm/prims/jvm.cpp, line 337

Events (10 events):
Event: 297.196 Thread 0x00007fafb00fe000 Thread added: 0x00007fafb00fe000
Event: 297.197 Thread 0x00007fafaf4f9000 Thread exited: 0x00007fafaf4f9000
Event: 297.197 Thread 0x00007faf7c409800 Thread exited: 0x00007faf7c409800
Event: 297.197 Thread 0x00007fafaf5a7000 Thread exited: 0x00007fafaf5a7000
Event: 297.201 Thread 0x00007fafb8207000 Thread added: 0x00007fafb8207000
Event: 297.203 Thread 0x00007fafb8207000 Thread exited: 0x00007fafb8207000
Event: 297.207 Thread 0x00007fafb9986800 Thread added: 0x00007fafb9986800
Event: 297.208 Thread 0x00007fafb9986800 Thread exited: 0x00007fafb9986800
Event: 297.208 loading class org/apache/iceberg/avro/Avro$DeleteWriteBuilder
Event: 297.208 loading class org/apache/iceberg/avro/Avro$DeleteWriteBuilder done


Dynamic libraries:
0x00007fff35d8f000 	/System/Library/Frameworks/Cocoa.framework/Versions/A/Cocoa
0x00007fff43586000 	/System/Library/Frameworks/Security.framework/Versions/A/Security
0x00007fff34cf4000 	/System/Library/Frameworks/ApplicationServices.framework/Versions/A/ApplicationServices
0x00007fff700aa000 	/usr/lib/libz.1.dylib
0x00007fff6db6e000 	/usr/lib/libSystem.B.dylib
0x00007fff36c31000 	/System/Library/Frameworks/CoreFoundation.framework/Versions/A/CoreFoundation
0x00007fff392ee000 	/System/Library/Frameworks/Foundation.framework/Versions/C/Foundation
0x00007fff6f9ce000 	/usr/lib/libobjc.A.dylib
0x00007fff33ee4000 	/System/Library/Frameworks/AppKit.framework/Versions/C/AppKit
0x00007fff36713000 	/System/Library/Frameworks/CoreData.framework/Versions/A/CoreData
0x00007fff67b83000 	/System/Library/PrivateFrameworks/UIFoundation.framework/Versions/A/UIFoundation
0x00007fff62c17000 	/System/Library/PrivateFrameworks/RemoteViewServices.framework/Versions/A/RemoteViewServices
0x00007fff6a6de000 	/System/Library/PrivateFrameworks/XCTTargetBootstrap.framework/Versions/A/XCTTargetBootstrap
0x00007fff36afe000 	/System/Library/Frameworks/CoreDisplay.framework/Versions/A/CoreDisplay
0x00007fff3c1a9000 	/System/Library/Frameworks/Metal.framework/Versions/A/Metal
0x00007fff50c1a000 	/System/Library/PrivateFrameworks/DesktopServicesPriv.framework/Versions/A/DesktopServicesPriv
0x00007fff6eca9000 	/usr/lib/liblangid.dylib
0x00007fff4feaf000 	/System/Library/PrivateFrameworks/CoreSVG.framework/Versions/A/CoreSVG
0x00007fff65d73000 	/System/Library/PrivateFrameworks/SkyLight.framework/Versions/A/SkyLight
0x00007fff370b2000 	/System/Library/Frameworks/CoreGraphics.framework/Versions/A/CoreGraphics
0x00007fff328b8000 	/System/Library/Frameworks/Accelerate.framework/Versions/A/Accelerate
0x00007fff6ff9b000 	/usr/lib/libxml2.2.dylib
0x00007fff5bba2000 	/System/Library/PrivateFrameworks/IconServices.framework/Versions/A/IconServices
0x00007fff39acd000 	/System/Library/Frameworks/IOSurface.framework/Versions/A/IOSurface
0x00007fff6d698000 	/usr/lib/libDiagnosticMessagesClient.dylib
0x00007fff50a74000 	/System/Library/PrivateFrameworks/DFRFoundation.framework/Versions/A/DFRFoundation
0x00007fff6ea38000 	/usr/lib/libicucore.A.dylib
0x00007fff35026000 	/System/Library/Frameworks/AudioToolbox.framework/Versions/A/AudioToolbox
0x00007fff35109000 	/System/Library/Frameworks/AudioUnit.framework/Versions/A/AudioUnit
0x00007fff6dd70000 	/usr/lib/libauto.dylib
0x00007fff50b16000 	/System/Library/PrivateFrameworks/DataDetectorsCore.framework/Versions/A/DataDetectorsCore
0x00007fff358b0000 	/System/Library/Frameworks/Carbon.framework/Versions/A/Frameworks/HIToolbox.framework/Versions/A/HIToolbox
0x00007fff42782000 	/System/Library/Frameworks/QuartzCore.framework/Versions/A/QuartzCore
0x00007fff35bef000 	/System/Library/Frameworks/Carbon.framework/Versions/A/Frameworks/SpeechRecognition.framework/Versions/A/SpeechRecognition
0x00007fff50588000 	/System/Library/PrivateFrameworks/CoreUI.framework/Versions/A/CoreUI
0x00007fff3617e000 	/System/Library/Frameworks/CoreAudio.framework/Versions/A/CoreAudio
0x00007fff38fad000 	/System/Library/Frameworks/DiskArbitration.framework/Versions/A/DiskArbitration
0x00007fff5dbf2000 	/System/Library/PrivateFrameworks/MultitouchSupport.framework/Versions/A/MultitouchSupport
0x00007fff6e8ff000 	/usr/lib/libenergytrace.dylib
0x00007fff39a27000 	/System/Library/Frameworks/IOKit.framework/Versions/A/IOKit
0x00007fff38019000 	/System/Library/Frameworks/CoreServices.framework/Versions/A/CoreServices
0x00007fff5fdaa000 	/System/Library/PrivateFrameworks/PerformanceAnalysis.framework/Versions/A/PerformanceAnalysis
0x00007fff417b5000 	/System/Library/Frameworks/OpenGL.framework/Versions/A/OpenGL
0x00007fff35d9d000 	/System/Library/Frameworks/ColorSync.framework/Versions/A/ColorSync
0x00007fff37735000 	/System/Library/Frameworks/CoreImage.framework/Versions/A/CoreImage
0x00007fff38a8c000 	/System/Library/Frameworks/CoreText.framework/Versions/A/CoreText
0x00007fff39b5d000 	/System/Library/Frameworks/ImageIO.framework/Versions/A/ImageIO
0x00007fff6de54000 	/usr/lib/libc++.1.dylib
0x00007fff6ded0000 	/usr/lib/libcompression.dylib
0x00007fff6d9dc000 	/usr/lib/libMobileGestalt.dylib
0x00007fff678ed000 	/System/Library/PrivateFrameworks/TextureIO.framework/Versions/A/TextureIO
0x00007fff6dcd3000 	/usr/lib/libate.dylib
0x00007fff5bdab000 	/System/Library/PrivateFrameworks/InternationalSupport.framework/Versions/A/InternationalSupport
0x00007fff7096b000 	/usr/lib/system/libcache.dylib
0x00007fff70971000 	/usr/lib/system/libcommonCrypto.dylib
0x00007fff7097d000 	/usr/lib/system/libcompiler_rt.dylib
0x00007fff70985000 	/usr/lib/system/libcopyfile.dylib
0x00007fff7098f000 	/usr/lib/system/libcorecrypto.dylib
0x00007fff70b2e000 	/usr/lib/system/libdispatch.dylib
0x00007fff70b6f000 	/usr/lib/system/libdyld.dylib
0x00007fff70ba6000 	/usr/lib/system/libkeymgr.dylib
0x00007fff70bb4000 	/usr/lib/system/liblaunch.dylib
0x00007fff70bb5000 	/usr/lib/system/libmacho.dylib
0x00007fff70bbb000 	/usr/lib/system/libquarantine.dylib
0x00007fff70bbe000 	/usr/lib/system/libremovefile.dylib
0x00007fff70bc0000 	/usr/lib/system/libsystem_asl.dylib
0x00007fff70bd8000 	/usr/lib/system/libsystem_blocks.dylib
0x00007fff70bd9000 	/usr/lib/system/libsystem_c.dylib
0x00007fff70c61000 	/usr/lib/system/libsystem_configuration.dylib
0x00007fff70c65000 	/usr/lib/system/libsystem_coreservices.dylib
0x00007fff70c69000 	/usr/lib/system/libsystem_darwin.dylib
0x00007fff70c72000 	/usr/lib/system/libsystem_dnssd.dylib
0x00007fff70c7a000 	/usr/lib/system/libsystem_featureflags.dylib
0x00007fff70c7c000 	/usr/lib/system/libsystem_info.dylib
0x00007fff70cf7000 	/usr/lib/system/libsystem_m.dylib
0x00007fff70d3f000 	/usr/lib/system/libsystem_malloc.dylib
0x00007fff70d67000 	/usr/lib/system/libsystem_networkextension.dylib
0x00007fff70d75000 	/usr/lib/system/libsystem_notify.dylib
0x00007fff70d93000 	/usr/lib/system/libsystem_sandbox.dylib
0x00007fff70d98000 	/usr/lib/system/libsystem_secinit.dylib
0x00007fff70cca000 	/usr/lib/system/libsystem_kernel.dylib
0x00007fff70d7f000 	/usr/lib/system/libsystem_platform.dylib
0x00007fff70d88000 	/usr/lib/system/libsystem_pthread.dylib
0x00007fff70d9b000 	/usr/lib/system/libsystem_symptoms.dylib
0x00007fff70da3000 	/usr/lib/system/libsystem_trace.dylib
0x00007fff70dbb000 	/usr/lib/system/libunwind.dylib
0x00007fff70dc1000 	/usr/lib/system/libxpc.dylib
0x00007fff6dea7000 	/usr/lib/libc++abi.dylib
0x00007fff6ecab000 	/usr/lib/liblzma.5.dylib
0x00007fff6e926000 	/usr/lib/libfakelink.dylib
0x00007fff6dc60000 	/usr/lib/libarchive.2.dylib
0x00007fff44637000 	/System/Library/Frameworks/SystemConfiguration.framework/Versions/A/SystemConfiguration
0x00007fff6d5cb000 	/usr/lib/libCRFSuite.dylib
0x00007fff354a0000 	/System/Library/Frameworks/CFNetwork.framework/Versions/A/CFNetwork
0x00007fff6de36000 	/usr/lib/libbsm.0.dylib
0x00007fff70ba7000 	/usr/lib/system/libkxld.dylib
0x00007fff4a3f1000 	/System/Library/PrivateFrameworks/AppleFSCompression.framework/Versions/A/AppleFSCompression
0x00007fff6e1c1000 	/usr/lib/libcoretls.dylib
0x00007fff6e1d8000 	/usr/lib/libcoretls_cfhelpers.dylib
0x00007fff6fa14000 	/usr/lib/libpam.2.dylib
0x00007fff6fb49000 	/usr/lib/libsqlite3.dylib
0x00007fff6ff88000 	/usr/lib/libxar.1.dylib
0x00007fff6de47000 	/usr/lib/libbz2.1.0.dylib
0x00007fff6e947000 	/usr/lib/libiconv.2.dylib
0x00007fff6debd000 	/usr/lib/libcharset.1.dylib
0x00007fff6f4b1000 	/usr/lib/libnetwork.dylib
0x00007fff6fa1b000 	/usr/lib/libpcap.A.dylib
0x00007fff6dc15000 	/usr/lib/libapple_nghttp2.dylib
0x00007fff383d0000 	/System/Library/Frameworks/CoreServices.framework/Versions/A/Frameworks/FSEvents.framework/Versions/A/FSEvents
0x00007fff380a0000 	/System/Library/Frameworks/CoreServices.framework/Versions/A/Frameworks/CarbonCore.framework/Versions/A/CarbonCore
0x00007fff38614000 	/System/Library/Frameworks/CoreServices.framework/Versions/A/Frameworks/Metadata.framework/Versions/A/Metadata
0x00007fff386ad000 	/System/Library/Frameworks/CoreServices.framework/Versions/A/Frameworks/OSServices.framework/Versions/A/OSServices
0x00007fff386db000 	/System/Library/Frameworks/CoreServices.framework/Versions/A/Frameworks/SearchKit.framework/Versions/A/SearchKit
0x00007fff3801a000 	/System/Library/Frameworks/CoreServices.framework/Versions/A/Frameworks/AE.framework/Versions/A/AE
0x00007fff383d9000 	/System/Library/Frameworks/CoreServices.framework/Versions/A/Frameworks/LaunchServices.framework/Versions/A/LaunchServices
0x00007fff38382000 	/System/Library/Frameworks/CoreServices.framework/Versions/A/Frameworks/DictionaryServices.framework/Versions/A/DictionaryServices
0x00007fff38743000 	/System/Library/Frameworks/CoreServices.framework/Versions/A/Frameworks/SharedFileList.framework/Versions/A/SharedFileList
0x00007fff3d5d4000 	/System/Library/Frameworks/NetFS.framework/Versions/A/NetFS
0x00007fff5e122000 	/System/Library/PrivateFrameworks/NetAuth.framework/Versions/A/NetAuth
0x00007fff6aaab000 	/System/Library/PrivateFrameworks/login.framework/Versions/A/Frameworks/loginsupport.framework/Versions/A/loginsupport
0x00007fff673b8000 	/System/Library/PrivateFrameworks/TCC.framework/Versions/A/TCC
0x00007fff4f022000 	/System/Library/PrivateFrameworks/CoreNLP.framework/Versions/A/CoreNLP
0x00007fff5d61f000 	/System/Library/PrivateFrameworks/MetadataUtilities.framework/Versions/A/MetadataUtilities
0x00007fff6ed83000 	/usr/lib/libmecabra.dylib
0x00007fff6ecdb000 	/usr/lib/libmecab.dylib
0x00007fff6e937000 	/usr/lib/libgermantok.dylib
0x00007fff6dbfc000 	/usr/lib/libThaiTokenizer.dylib
0x00007fff6d602000 	/usr/lib/libChineseTokenizer.dylib
0x00007fff328d0000 	/System/Library/Frameworks/Accelerate.framework/Versions/A/Frameworks/vImage.framework/Versions/A/vImage
0x00007fff33d3a000 	/System/Library/Frameworks/Accelerate.framework/Versions/A/Frameworks/vecLib.framework/Versions/A/vecLib
0x00007fff33c77000 	/System/Library/Frameworks/Accelerate.framework/Versions/A/Frameworks/vecLib.framework/Versions/A/libvMisc.dylib
0x00007fff33a9f000 	/System/Library/Frameworks/Accelerate.framework/Versions/A/Frameworks/vecLib.framework/Versions/A/libvDSP.dylib
0x00007fff32f27000 	/System/Library/Frameworks/Accelerate.framework/Versions/A/Frameworks/vecLib.framework/Versions/A/libBLAS.dylib
0x00007fff33663000 	/System/Library/Frameworks/Accelerate.framework/Versions/A/Frameworks/vecLib.framework/Versions/A/libLAPACK.dylib
0x00007fff339ff000 	/System/Library/Frameworks/Accelerate.framework/Versions/A/Frameworks/vecLib.framework/Versions/A/libLinearAlgebra.dylib
0x00007fff33a8c000 	/System/Library/Frameworks/Accelerate.framework/Versions/A/Frameworks/vecLib.framework/Versions/A/libSparseBLAS.dylib
0x00007fff33a15000 	/System/Library/Frameworks/Accelerate.framework/Versions/A/Frameworks/vecLib.framework/Versions/A/libQuadrature.dylib
0x00007fff3318f000 	/System/Library/Frameworks/Accelerate.framework/Versions/A/Frameworks/vecLib.framework/Versions/A/libBNNS.dylib
0x00007fff33a1b000 	/System/Library/Frameworks/Accelerate.framework/Versions/A/Frameworks/vecLib.framework/Versions/A/libSparse.dylib
0x00007fff5c193000 	/System/Library/PrivateFrameworks/LanguageModeling.framework/Versions/A/LanguageModeling
0x00007fff4e9d2000 	/System/Library/PrivateFrameworks/CoreEmoji.framework/Versions/A/CoreEmoji
0x00007fff5c2b1000 	/System/Library/PrivateFrameworks/LinguisticData.framework/Versions/A/LinguisticData
0x00007fff5c262000 	/System/Library/PrivateFrameworks/Lexicon.framework/Versions/A/Lexicon
0x00007fff6debe000 	/usr/lib/libcmph.dylib
0x00007fff401c3000 	/System/Library/Frameworks/OpenDirectory.framework/Versions/A/Frameworks/CFOpenDirectory.framework/Versions/A/CFOpenDirectory
0x00007fff401e0000 	/System/Library/Frameworks/OpenDirectory.framework/Versions/A/OpenDirectory
0x00007fff48621000 	/System/Library/PrivateFrameworks/APFS.framework/Versions/A/APFS
0x00007fff438d0000 	/System/Library/Frameworks/SecurityFoundation.framework/Versions/A/SecurityFoundation
0x00007fff6ff84000 	/usr/lib/libutil.dylib
0x00007fff4ff07000 	/System/Library/PrivateFrameworks/CoreServicesStore.framework/Versions/A/CoreServicesStore
0x00007fff43987000 	/System/Library/Frameworks/ServiceManagement.framework/Versions/A/ServiceManagement
0x00007fff4bbc1000 	/System/Library/PrivateFrameworks/BackgroundTaskManagement.framework/Versions/A/BackgroundTaskManagement
0x00007fff70081000 	/usr/lib/libxslt.1.dylib
0x00007fff4aa64000 	/System/Library/PrivateFrameworks/AppleSystemInfo.framework/Versions/A/AppleSystemInfo
0x00007fff39d78000 	/System/Library/Frameworks/ImageIO.framework/Versions/A/Resources/libJPEG.dylib
0x00007fff3a037000 	/System/Library/Frameworks/ImageIO.framework/Versions/A/Resources/libTIFF.dylib
0x00007fff3a01a000 	/System/Library/Frameworks/ImageIO.framework/Versions/A/Resources/libPng.dylib
0x00007fff39cba000 	/System/Library/Frameworks/ImageIO.framework/Versions/A/Resources/libGIF.dylib
0x00007fff39cbe000 	/System/Library/Frameworks/ImageIO.framework/Versions/A/Resources/libJP2.dylib
0x00007fff3a035000 	/System/Library/Frameworks/ImageIO.framework/Versions/A/Resources/libRadiance.dylib
0x00007fff6e900000 	/usr/lib/libexpat.1.dylib
0x00007fff4a54c000 	/System/Library/PrivateFrameworks/AppleJPEG.framework/Versions/A/AppleJPEG
0x00007fff53207000 	/System/Library/PrivateFrameworks/FontServices.framework/libFontParser.dylib
0x00007fff69aad000 	/System/Library/PrivateFrameworks/WatchdogClient.framework/Versions/A/WatchdogClient
0x00007fff5b7ee000 	/System/Library/PrivateFrameworks/IOAccelerator.framework/Versions/A/IOAccelerator
0x00007fff3c544000 	/System/Library/Frameworks/MetalPerformanceShaders.framework/Versions/A/MetalPerformanceShaders
0x00007fff57f84000 	/System/Library/PrivateFrameworks/GPUWrangler.framework/Versions/A/GPUWrangler
0x00007fff5b803000 	/System/Library/PrivateFrameworks/IOPresentment.framework/Versions/A/IOPresentment
0x00007fff50a87000 	/System/Library/PrivateFrameworks/DSExternalDisplay.framework/Versions/A/DSExternalDisplay
0x00007fff40b54000 	/System/Library/Frameworks/OpenGL.framework/Versions/A/Libraries/libCoreFSCache.dylib
0x00007fff3c290000 	/System/Library/Frameworks/MetalPerformanceShaders.framework/Frameworks/MPSCore.framework/Versions/A/MPSCore
0x00007fff3c2ce000 	/System/Library/Frameworks/MetalPerformanceShaders.framework/Frameworks/MPSImage.framework/Versions/A/MPSImage
0x00007fff3c395000 	/System/Library/Frameworks/MetalPerformanceShaders.framework/Frameworks/MPSNeuralNetwork.framework/Versions/A/MPSNeuralNetwork
0x00007fff3c359000 	/System/Library/Frameworks/MetalPerformanceShaders.framework/Frameworks/MPSMatrix.framework/Versions/A/MPSMatrix
0x00007fff3c4f4000 	/System/Library/Frameworks/MetalPerformanceShaders.framework/Frameworks/MPSRayIntersector.framework/Versions/A/MPSRayIntersector
0x00007fff3c37f000 	/System/Library/Frameworks/MetalPerformanceShaders.framework/Frameworks/MPSNDArray.framework/Versions/A/MPSNDArray
0x00007fff5d66c000 	/System/Library/PrivateFrameworks/MetalTools.framework/Versions/A/MetalTools
0x00007fff497fb000 	/System/Library/PrivateFrameworks/AggregateDictionary.framework/Versions/A/AggregateDictionary
0x00007fff4e41a000 	/System/Library/PrivateFrameworks/CoreAnalytics.framework/Versions/A/CoreAnalytics
0x00007fff4a983000 	/System/Library/PrivateFrameworks/AppleSauce.framework/Versions/A/AppleSauce
0x00007fff6d8be000 	/usr/lib/libIOReport.dylib
0x00007fff38c44000 	/System/Library/Frameworks/CoreVideo.framework/Versions/A/CoreVideo
0x00007fff593fd000 	/System/Library/PrivateFrameworks/GraphVisualizer.framework/Versions/A/GraphVisualizer
0x00007fff5274d000 	/System/Library/PrivateFrameworks/FaceCore.framework/Versions/A/FaceCore
0x00007fff4016a000 	/System/Library/Frameworks/OpenCL.framework/Versions/A/OpenCL
0x00007fff6d6e0000 	/usr/lib/libFosl_dynamic.dylib
0x00007fff5eb42000 	/System/Library/PrivateFrameworks/OTSVG.framework/Versions/A/OTSVG
0x00007fff34df9000 	/System/Library/Frameworks/ApplicationServices.framework/Versions/A/Frameworks/ATS.framework/Versions/A/Resources/libFontRegistry.dylib
0x00007fff533d8000 	/System/Library/PrivateFrameworks/FontServices.framework/libhvf.dylib
0x00007fff40b5f000 	/System/Library/Frameworks/OpenGL.framework/Versions/A/Libraries/libGFXShared.dylib
0x00007fff40d3d000 	/System/Library/Frameworks/OpenGL.framework/Versions/A/Libraries/libGLU.dylib
0x00007fff40b68000 	/System/Library/Frameworks/OpenGL.framework/Versions/A/Libraries/libGL.dylib
0x00007fff40b73000 	/System/Library/Frameworks/OpenGL.framework/Versions/A/Libraries/libGLImage.dylib
0x00007fff40b51000 	/System/Library/Frameworks/OpenGL.framework/Versions/A/Libraries/libCVMSPluginSupport.dylib
0x00007fff40b5a000 	/System/Library/Frameworks/OpenGL.framework/Versions/A/Libraries/libCoreVMClient.dylib
0x00007fff6f352000 	/usr/lib/libncurses.5.4.dylib
0x00007fff34cf5000 	/System/Library/Frameworks/ApplicationServices.framework/Versions/A/Frameworks/ATS.framework/Versions/A/ATS
0x00007fff34ec2000 	/System/Library/Frameworks/ApplicationServices.framework/Versions/A/Frameworks/ColorSyncLegacy.framework/Versions/A/ColorSyncLegacy
0x00007fff34f60000 	/System/Library/Frameworks/ApplicationServices.framework/Versions/A/Frameworks/HIServices.framework/Versions/A/HIServices
0x00007fff34fb8000 	/System/Library/Frameworks/ApplicationServices.framework/Versions/A/Frameworks/LangAnalysis.framework/Versions/A/LangAnalysis
0x00007fff34fc7000 	/System/Library/Frameworks/ApplicationServices.framework/Versions/A/Frameworks/PrintCore.framework/Versions/A/PrintCore
0x00007fff3500d000 	/System/Library/Frameworks/ApplicationServices.framework/Versions/A/Frameworks/QD.framework/Versions/A/QD
0x00007fff35018000 	/System/Library/Frameworks/ApplicationServices.framework/Versions/A/Frameworks/SpeechSynthesis.framework/Versions/A/SpeechSynthesis
0x00007fff34e92000 	/System/Library/Frameworks/ApplicationServices.framework/Versions/A/Frameworks/ATSUI.framework/Versions/A/ATSUI
0x00007fff6e796000 	/usr/lib/libcups.2.dylib
0x00007fff3b5df000 	/System/Library/Frameworks/Kerberos.framework/Versions/A/Kerberos
0x00007fff39720000 	/System/Library/Frameworks/GSS.framework/Versions/A/GSS
0x00007fff6fad5000 	/usr/lib/libresolv.9.dylib
0x00007fff595aa000 	/System/Library/PrivateFrameworks/Heimdal.framework/Versions/A/Heimdal
0x00007fff3b5f2000 	/System/Library/Frameworks/Kerberos.framework/Versions/A/Libraries/libHeimdalProxy.dylib
0x00007fff6e93d000 	/usr/lib/libheimdal-asn1.dylib
0x00007fff4d8b2000 	/System/Library/PrivateFrameworks/CommonAuth.framework/Versions/A/CommonAuth
0x00007fff4ab01000 	/System/Library/PrivateFrameworks/AssertionServices.framework/Versions/A/AssertionServices
0x00007fff4b6a4000 	/System/Library/PrivateFrameworks/AudioToolboxCore.framework/Versions/A/AudioToolboxCore
0x00007fff6a75b000 	/System/Library/PrivateFrameworks/caulk.framework/Versions/A/caulk
0x00007fff4bc6d000 	/System/Library/PrivateFrameworks/BaseBoard.framework/Versions/A/BaseBoard
0x00007fff62da5000 	/System/Library/PrivateFrameworks/RunningBoardServices.framework/Versions/A/RunningBoardServices
0x00007fff5fdb6000 	/System/Library/PrivateFrameworks/PersistentConnection.framework/Versions/A/PersistentConnection
0x00007fff6279e000 	/System/Library/PrivateFrameworks/ProtocolBuffer.framework/Versions/A/ProtocolBuffer
0x00007fff4d8d6000 	/System/Library/PrivateFrameworks/CommonUtilities.framework/Versions/A/CommonUtilities
0x00007fff4bdfb000 	/System/Library/PrivateFrameworks/Bom.framework/Versions/A/Bom
0x00007fff6d591000 	/usr/lib/libAudioToolboxUtility.dylib
0x00007fff4bbcb000 	/System/Library/PrivateFrameworks/Backup.framework/Versions/A/Backup
0x00007fff509a8000 	/System/Library/PrivateFrameworks/CrashReporterSupport.framework/Versions/A/CrashReporterSupport
0x00007fff64837000 	/System/Library/PrivateFrameworks/Sharing.framework/Versions/A/Sharing
0x00007fff4a10f000 	/System/Library/PrivateFrameworks/Apple80211.framework/Versions/A/Apple80211
0x00007fff4b8e8000 	/System/Library/PrivateFrameworks/AuthKit.framework/Versions/A/AuthKit
0x00007fff506b5000 	/System/Library/PrivateFrameworks/CoreUtils.framework/Versions/A/CoreUtils
0x00007fff38c89000 	/System/Library/Frameworks/CoreWLAN.framework/Versions/A/CoreWLAN
0x00007fff398ad000 	/System/Library/Frameworks/IOBluetooth.framework/Versions/A/IOBluetooth
0x00007fff5d971000 	/System/Library/PrivateFrameworks/MobileKeyBag.framework/Versions/A/MobileKeyBag
0x00007fff4f4ba000 	/System/Library/PrivateFrameworks/CorePhoneNumbers.framework/Versions/A/CorePhoneNumbers
0x00007fff4a4ff000 	/System/Library/PrivateFrameworks/AppleIDAuthSupport.framework/Versions/A/AppleIDAuthSupport
0x00007fff3d5e1000 	/System/Library/Frameworks/Network.framework/Versions/A/Network
0x00007fff5c03f000 	/System/Library/PrivateFrameworks/KeychainCircle.framework/Versions/A/KeychainCircle
0x00007fff366da000 	/System/Library/Frameworks/CoreBluetooth.framework/Versions/A/CoreBluetooth
0x00007fff668b6000 	/System/Library/PrivateFrameworks/SpeechRecognitionCore.framework/Versions/A/SpeechRecognitionCore
0x00000001084d0000 	/Users/kylebendickson/Library/Java/JavaVirtualMachines/corretto-1.8.0_312/Contents/Home/jre/lib/server/libjvm.dylib
0x0000000108e88000 	/Users/kylebendickson/Library/Java/JavaVirtualMachines/corretto-1.8.0_312/Contents/Home/jre/lib/libverify.dylib
0x0000000108e9c000 	/Users/kylebendickson/Library/Java/JavaVirtualMachines/corretto-1.8.0_312/Contents/Home/jre/lib/libjava.dylib
0x0000000108f1e000 	/Users/kylebendickson/Library/Java/JavaVirtualMachines/corretto-1.8.0_312/Contents/Home/jre/lib/libzip.dylib
0x00000001097c0000 	/Users/kylebendickson/Library/Java/JavaVirtualMachines/corretto-1.8.0_312/Contents/Home/jre/lib/libnio.dylib
0x00000001097d8000 	/Users/kylebendickson/Library/Java/JavaVirtualMachines/corretto-1.8.0_312/Contents/Home/jre/lib/libnet.dylib
0x000000011fde4000 	/Users/kylebendickson/Library/Java/JavaVirtualMachines/corretto-1.8.0_312/Contents/Home/jre/lib/libmanagement.dylib
0x0000000121e11000 	/Users/kylebendickson/Library/Java/JavaVirtualMachines/corretto-1.8.0_312/Contents/Home/jre/lib/libosx.dylib
0x0000000121e29000 	/Users/kylebendickson/Library/Java/JavaVirtualMachines/corretto-1.8.0_312/Contents/Home/jre/lib/libosxapp.dylib
0x00007fff3b5c9000 	/System/Library/Frameworks/JavaVM.framework/Versions/A/Frameworks/JavaNativeFoundation.framework/Versions/A/JavaNativeFoundation
0x00007fff3b5d2000 	/System/Library/Frameworks/JavaVM.framework/Versions/A/Frameworks/JavaRuntimeSupport.framework/Versions/A/JavaRuntimeSupport
0x00007fff358ab000 	/System/Library/Frameworks/Carbon.framework/Versions/A/Carbon
0x00007fff39189000 	/System/Library/Frameworks/ExceptionHandling.framework/Versions/A/ExceptionHandling
0x00007fff358ac000 	/System/Library/Frameworks/Carbon.framework/Versions/A/Frameworks/CommonPanels.framework/Versions/A/CommonPanels
0x00007fff35ba5000 	/System/Library/Frameworks/Carbon.framework/Versions/A/Frameworks/Help.framework/Versions/A/Help
0x00007fff35ba9000 	/System/Library/Frameworks/Carbon.framework/Versions/A/Frameworks/ImageCapture.framework/Versions/A/ImageCapture
0x00007fff35bb0000 	/System/Library/Frameworks/Carbon.framework/Versions/A/Frameworks/OpenScripting.framework/Versions/A/OpenScripting
0x00007fff35baf000 	/System/Library/Frameworks/Carbon.framework/Versions/A/Frameworks/Ink.framework/Versions/A/Ink
0x00007fff35beb000 	/System/Library/Frameworks/Carbon.framework/Versions/A/Frameworks/Print.framework/Versions/A/Print
0x00007fff35bec000 	/System/Library/Frameworks/Carbon.framework/Versions/A/Frameworks/SecurityHI.framework/Versions/A/SecurityHI
0x00007fff3b5da000 	/System/Library/Frameworks/JavaVM.framework/Versions/A/JavaVM
0x00007fff5be56000 	/System/Library/PrivateFrameworks/JavaLaunching.framework/Versions/A/JavaLaunching
0x00007fff5045a000 	/System/Library/PrivateFrameworks/CoreSymbolication.framework/Versions/A/CoreSymbolication
0x00007fff50bdc000 	/System/Library/PrivateFrameworks/DebugSymbols.framework/Versions/A/DebugSymbols
0x0000000121e59000 	/Users/kylebendickson/Library/Java/JavaVirtualMachines/corretto-1.8.0_312/Contents/Home/jre/lib/libjaas_unix.dylib
0x000000012666a000 	/private/var/folders/ry/c84wjq4j2tlc6vv6yk1prqsh0000gn/T/snappy-1.1.8-45f42a00-9553-448c-9299-9db407373daf-libsnappyjava.dylib

VM Arguments:
jvm_args: -Djava.security.manager=worker.org.gradle.process.internal.worker.child.BootstrapSecurityManager -Dorg.gradle.internal.worker.tmpdir=/Users/kylebendickson/repos/dependency_hell_iceberg_fix/iceberg/flink/v1.14/flink/build/tmp/test/work -Dorg.gradle.native=false -Xmx512m -Xbootclasspath:/Users/kylebendickson/.gradle/caches/modules-2/files-2.1/com.google.errorprone/javac/9+181-r4173-1/bdf4c0aa7d540ee1f7bf14d47447aea4bbf450c5/javac-9+181-r4173-1.jar:/Users/kylebendickson/Library/Java/JavaVirtualMachines/corretto-1.8.0_312/Contents/Home/jre/lib/resources.jar:/Users/kylebendickson/Library/Java/JavaVirtualMachines/corretto-1.8.0_312/Contents/Home/jre/lib/rt.jar:/Users/kylebendickson/Library/Java/JavaVirtualMachines/corretto-1.8.0_312/Contents/Home/jre/lib/sunrsasign.jar:/Users/kylebendickson/Library/Java/JavaVirtualMachines/corretto-1.8.0_312/Contents/Home/jre/lib/jsse.jar:/Users/kylebendickson/Library/Java/JavaVirtualMachines/corretto-1.8.0_312/Contents/Home/jre/lib/jce.jar:/Users/kylebendickson/Library/Java/JavaVirtualMachines/corretto-1.8.0_312/Contents/Home/jre/lib/charsets.jar:/Users/kylebendickson/Library/Java/JavaVirtualMachines/corretto-1.8.0_312/Contents/Home/jre/lib/jfr.jar:/Users/kylebendickson/Library/Java/JavaVirtualMachines/corretto-1.8.0_312/Contents/Home/jre/classes -Dfile.encoding=UTF-8 -Duser.country=US -Duser.language=en -Duser.variant -ea 
java_command: worker.org.gradle.process.internal.worker.GradleWorkerMain 'Gradle Test Executor 136'
java_class_path (initial): /Users/kylebendickson/.gradle/caches/7.4.1/workerMain/gradle-worker.jar
Launcher Type: SUN_STANDARD

Environment Variables:
JAVA_HOME=/Users/kylebendickson/Library/Java/JavaVirtualMachines/corretto-1.8.0_312/Contents/Home
PATH=/Users/kylebendickson/google-cloud-sdk/bin:/Users/kylebendickson/.krew/bin:/usr/local/opt/scala@2.12/bin:/usr/local/Cellar/pyenv-virtualenv/1.1.5/shims:/usr/local/anaconda3/bin:/Users/kylebendickson/Library/Python/2.7/bin:/usr/local/bin:/usr/bin:/bin:/usr/sbin:/sbin:/Users/kylebendickson/.cargo/bin
SHELL=/bin/zsh

Signal Handlers:
SIGSEGV: [libjvm.dylib+0x573377], sa_mask[0]=11111111011111110111111111111111, sa_flags=SA_ONSTACK|SA_RESTART|SA_SIGINFO
SIGBUS: [libjvm.dylib+0x573377], sa_mask[0]=11111111011111110111111111111111, sa_flags=SA_RESTART|SA_SIGINFO
SIGFPE: [libjvm.dylib+0x46e85b], sa_mask[0]=11111111011111110111111111111111, sa_flags=SA_RESTART|SA_SIGINFO
SIGPIPE: [libjvm.dylib+0x46e85b], sa_mask[0]=11111111011111110111111111111111, sa_flags=SA_RESTART|SA_SIGINFO
SIGXFSZ: [libjvm.dylib+0x46e85b], sa_mask[0]=11111111011111110111111111111111, sa_flags=SA_RESTART|SA_SIGINFO
SIGILL: [libjvm.dylib+0x46e85b], sa_mask[0]=11111111011111110111111111111111, sa_flags=SA_RESTART|SA_SIGINFO
SIGUSR1: SIG_DFL, sa_mask[0]=00000000000000000000000000000000, sa_flags=SA_RESTART
SIGUSR2: [libjvm.dylib+0x46f13a], sa_mask[0]=00100000000000000000000000000000, sa_flags=SA_RESTART|SA_SIGINFO
SIGHUP: [libjvm.dylib+0x46d36f], sa_mask[0]=11111111011111110111111111111111, sa_flags=SA_RESTART|SA_SIGINFO
SIGINT: [libjvm.dylib+0x46d36f], sa_mask[0]=11111111011111110111111111111111, sa_flags=SA_RESTART|SA_SIGINFO
SIGTERM: [libjvm.dylib+0x46d36f], sa_mask[0]=11111111011111110111111111111111, sa_flags=SA_RESTART|SA_SIGINFO
SIGQUIT: [libjvm.dylib+0x46d36f], sa_mask[0]=11111111011111110111111111111111, sa_flags=SA_RESTART|SA_SIGINFO


---------------  S Y S T E M  ---------------

OS:Bsduname:Darwin 19.6.0 Darwin Kernel Version 19.6.0: Mon Aug 31 22:12:52 PDT 2020; root:xnu-6153.141.2~1/RELEASE_X86_64 x86_64
rlimit: STACK 8192k, CORE 0k, NPROC 11136, NOFILE 10240, AS infinity
load average:25.56 53.85 58.58

CPU:total 16 (initial active 16) (8 cores per cpu, 2 threads per core) family 6 model 158 stepping 13, cmov, cx8, fxsr, mmx, sse, sse2, sse3, ssse3, sse4.1, sse4.2, popcnt, avx, avx2, aes, clmul, erms, 3dnowpref, lzcnt, ht, tsc, tscinvbit, bmi1, bmi2, adx

Memory: 4k page, physical 67108864k(2630748k free)

/proc/meminfo:


vm_info: OpenJDK 64-Bit Server VM (25.312-b07) for bsd-amd64 JRE (1.8.0_312-b07), built on Oct 14 2021 21:08:52 by "ec2-user" with gcc Apple LLVM 13.0.0 (clang-1300.0.29.3)

time: Wed Mar 16 18:32:33 2022
timezone: PDT
elapsed time: 297.227086 seconds (0d 0h 4m 57s)

